#jp.co.hiropro.ipost238
#./workspace/jp.co.hiropro.ipost238_0/jp.co.hiropro.ipost238.apk
#time,user_cpu,nice_cpu,system_cpu,idle_cpu,iowait_cpu,irq_cpu,softirq_cpu,steal_cpu,receive_byte,receive_packet,transmit_byte,transmit_packet,state,minflt,cminflt,majflt,cmahflat,utime,stime,cutime,cstime,numthread,vss,rss,processor,rmsize,vmsize,shared,text,data
2023-01-09 03:41:08.791151,955,333,884,1625,1153,0,0,0,977661,1207,652919,872,D,11218,0,17,0,38,8,0,0,16,3322703872,37624,1,811207,37624,25846,5,0
2023-01-09 03:41:09.066841,962,336,889,1625,1154,0,0,0,981157,1250,661238,918,D,11777,0,17,0,40,9,0,0,17,3325145088,38291,1,0,0,0,0,0
2023-01-09 03:41:09.331792,970,338,892,1625,1154,0,0,0,983755,1282,669918,952,Z,12283,0,19,0,41,10,0,0,2,0,0,1,-1,-1,-1,-1,-1
2023-01-09 03:41:09.602775,982,341,898,1625,1154,0,0,0,986782,1319,676818,997,-1,-1,-1,-1,-1,-1,-1,-1,-1,-1,-1,-1,-1,-1,-1,-1,-1,-1
2023-01-09 03:41:09.853904,984,343,900,1625,1154,0,0,0,989275,1349,681475,1028,-1,-1,-1,-1,-1,-1,-1,-1,-1,-1,-1,-1,-1,-1,-1,-1,-1,-1
2023-01-09 03:41:10.119663,993,345,904,1625,1154,0,0,0,992201,1384,689447,1068,-1,-1,-1,-1,-1,-1,-1,-1,-1,-1,-1,-1,-1,-1,-1,-1,-1,-1
2023-01-09 03:41:10.380025,1001,347,906,1625,1154,0,0,0,993292,1397,691988,1086,-1,-1,-1,-1,-1,-1,-1,-1,-1,-1,-1,-1,-1,-1,-1,-1,-1,-1
2023-01-09 03:41:10.648113,1012,349,910,1625,1154,0,0,0,999364,1470,711822,1175,-1,-1,-1,-1,-1,-1,-1,-1,-1,-1,-1,-1,-1,-1,-1,-1,-1,-1
2023-01-09 03:41:10.903901,1016,349,912,1625,1154,0,0,0,998674,1461,710108,1165,-1,-1,-1,-1,-1,-1,-1,-1,-1,-1,-1,-1,-1,-1,-1,-1,-1,-1
2023-01-09 03:41:11.177991,1025,351,915,1625,1154,0,0,0,1002287,1505,716886,1210,-1,-1,-1,-1,-1,-1,-1,-1,-1,-1,-1,-1,-1,-1,-1,-1,-1,-1
2023-01-09 03:41:11.446052,1054,353,920,1625,1154,0,0,0,1007239,1564,732557,1280,-1,-1,-1,-1,-1,-1,-1,-1,-1,-1,-1,-1,-1,-1,-1,-1,-1,-1
2023-01-09 03:41:11.692694,1074,356,923,1625,1154,0,0,0,1008632,1581,737247,1300,-1,-1,-1,-1,-1,-1,-1,-1,-1,-1,-1,-1,-1,-1,-1,-1,-1,-1
2023-01-09 03:41:11.963114,1090,361,926,1625,1154,0,0,0,1009475,1591,738880,1310,-1,-1,-1,-1,-1,-1,-1,-1,-1,-1,-1,-1,-1,-1,-1,-1,-1,-1
2023-01-09 03:41:12.225707,1109,364,932,1627,1154,0,0,0,1013634,1641,747896,1366,-1,-1,-1,-1,-1,-1,-1,-1,-1,-1,-1,-1,-1,-1,-1,-1,-1,-1
2023-01-09 03:41:12.484917,1148,365,937,1636,1154,0,0,0,1017829,1692,761344,1420,-1,-1,-1,-1,-1,-1,-1,-1,-1,-1,-1,-1,-1,-1,-1,-1,-1,-1
2023-01-09 03:41:12.749866,1166,365,940,1638,1154,0,0,0,1020560,1725,768878,1460,-1,-1,-1,-1,-1,-1,-1,-1,-1,-1,-1,-1,-1,-1,-1,-1,-1,-1
2023-01-09 03:41:13.020650,1185,365,944,1646,1156,0,0,0,1023247,1758,773689,1493,-1,-1,-1,-1,-1,-1,-1,-1,-1,-1,-1,-1,-1,-1,-1,-1,-1,-1
2023-01-09 03:41:13.303934,1207,365,947,1670,1156,0,0,0,1027764,1814,785171,1551,-1,-1,-1,-1,-1,-1,-1,-1,-1,-1,-1,-1,-1,-1,-1,-1,-1,-1
2023-01-09 03:41:13.539258,1231,365,952,1677,1156,0,0,0,1031661,1862,793256,1596,-1,-1,-1,-1,-1,-1,-1,-1,-1,-1,-1,-1,-1,-1,-1,-1,-1,-1
2023-01-09 03:41:13.809822,1278,366,958,1679,1156,0,0,0,1034782,1900,803340,1638,-1,-1,-1,-1,-1,-1,-1,-1,-1,-1,-1,-1,-1,-1,-1,-1,-1,-1
2023-01-09 03:41:14.064859,1298,367,960,1679,1156,0,0,0,1036526,1921,806135,1660,-1,-1,-1,-1,-1,-1,-1,-1,-1,-1,-1,-1,-1,-1,-1,-1,-1,-1
2023-01-09 03:41:14.325055,1326,367,966,1680,1156,0,0,0,1039756,1960,814176,1704,-1,-1,-1,-1,-1,-1,-1,-1,-1,-1,-1,-1,-1,-1,-1,-1,-1,-1
2023-01-09 03:41:14.580821,1345,370,971,1682,1156,0,0,0,1043829,2010,825039,1759,-1,-1,-1,-1,-1,-1,-1,-1,-1,-1,-1,-1,-1,-1,-1,-1,-1,-1
2023-01-09 03:41:14.828063,1368,370,976,1684,1156,0,0,0,1046501,2042,829958,1793,-1,-1,-1,-1,-1,-1,-1,-1,-1,-1,-1,-1,-1,-1,-1,-1,-1,-1
2023-01-09 03:41:15.088742,1397,370,982,1691,1156,0,0,0,1049926,2084,840391,1841,-1,-1,-1,-1,-1,-1,-1,-1,-1,-1,-1,-1,-1,-1,-1,-1,-1,-1
2023-01-09 03:41:15.348878,1445,372,995,1691,1156,0,0,0,1055303,2149,851622,1912,-1,-1,-1,-1,-1,-1,-1,-1,-1,-1,-1,-1,-1,-1,-1,-1,-1,-1
2023-01-09 03:41:15.617611,1447,372,996,1691,1156,0,0,0,1055549,2152,852811,1916,-1,-1,-1,-1,-1,-1,-1,-1,-1,-1,-1,-1,-1,-1,-1,-1,-1,-1
2023-01-09 03:41:15.887805,1474,376,1003,1691,1156,0,0,0,1059527,2200,861655,1967,S,10270,0,0,0,35,4,0,0,17,3321700352,36882,0,811382,37542,26064,5,0
2023-01-09 03:41:16.158908,1517,377,1010,1691,1156,0,0,0,1063251,2245,873794,2017,S,11030,0,0,0,49,6,0,0,17,3323617280,37674,0,811430,37674,26106,5,0
2023-01-09 03:41:16.404024,1526,378,1013,1693,1156,0,0,0,1065023,2266,876936,2042,S,11030,0,0,0,49,6,0,0,17,3323617280,37674,0,0,0,0,0,0
2023-01-09 03:41:16.675411,1551,380,1022,1706,1156,0,0,0,1068537,2310,887544,2085,-1,-1,-1,-1,-1,-1,-1,-1,-1,-1,-1,-1,-1,-1,-1,-1,-1,-1
2023-01-09 03:41:16.943518,1584,381,1027,1708,1156,0,0,0,1070804,2337,892234,2116,-1,-1,-1,-1,-1,-1,-1,-1,-1,-1,-1,-1,-1,-1,-1,-1,-1,-1
2023-01-09 03:41:17.217597,1604,382,1032,1711,1156,0,0,0,1073141,2365,896846,2147,-1,-1,-1,-1,-1,-1,-1,-1,-1,-1,-1,-1,-1,-1,-1,-1,-1,-1
2023-01-09 03:41:17.471589,1654,383,1038,1716,1156,0,0,0,1077877,2423,909789,2210,-1,-1,-1,-1,-1,-1,-1,-1,-1,-1,-1,-1,-1,-1,-1,-1,-1,-1
2023-01-09 03:41:17.738220,1657,383,1040,1717,1156,0,0,0,1078656,2432,911356,2219,-1,-1,-1,-1,-1,-1,-1,-1,-1,-1,-1,-1,-1,-1,-1,-1,-1,-1
2023-01-09 03:41:17.990106,1667,383,1042,1717,1156,0,0,0,1081976,2472,920926,2269,-1,-1,-1,-1,-1,-1,-1,-1,-1,-1,-1,-1,-1,-1,-1,-1,-1,-1
2023-01-09 03:41:18.260811,1682,384,1046,1718,1156,0,0,0,1085739,2518,931803,2319,S,9015,0,0,0,27,5,0,0,16,3314294784,36252,0,810698,37310,26027,5,0
2023-01-09 03:41:18.515164,1691,384,1049,1724,1156,0,0,0,1088607,2553,939213,2355,S,10595,0,0,0,40,6,0,0,16,3322331136,37706,0,811116,37706,26387,5,0
2023-01-09 03:41:18.769736,1701,384,1051,1727,1156,0,0,0,1091049,2583,943849,2384,S,10889,0,0,0,47,7,0,0,16,3322527744,38036,0,811498,38716,27090,5,0
2023-01-09 03:41:19.035435,1713,385,1054,1744,1156,0,0,0,1094809,2630,955868,2431,-1,-1,-1,-1,-1,-1,-1,-1,-1,-1,-1,-1,-1,-1,-1,-1,-1,-1
2023-01-09 03:41:19.300772,1724,385,1058,1745,1156,0,0,0,1097053,2657,960590,2463,-1,-1,-1,-1,-1,-1,-1,-1,-1,-1,-1,-1,-1,-1,-1,-1,-1,-1
2023-01-09 03:41:19.566194,1731,386,1060,1745,1156,0,0,0,1099195,2682,963629,2489,-1,-1,-1,-1,-1,-1,-1,-1,-1,-1,-1,-1,-1,-1,-1,-1,-1,-1
2023-01-09 03:41:19.828521,1741,386,1063,1749,1156,0,0,0,1101306,2707,968224,2519,-1,-1,-1,-1,-1,-1,-1,-1,-1,-1,-1,-1,-1,-1,-1,-1,-1,-1
2023-01-09 03:41:20.116359,1784,387,1070,1752,1156,0,0,0,1107663,2785,986260,2603,-1,-1,-1,-1,-1,-1,-1,-1,-1,-1,-1,-1,-1,-1,-1,-1,-1,-1
2023-01-09 03:41:20.660585,1794,387,1072,1752,1156,0,0,0,1110332,2817,993626,2639,-1,-1,-1,-1,-1,-1,-1,-1,-1,-1,-1,-1,-1,-1,-1,-1,-1,-1
2023-01-09 03:41:20.384815,1788,387,1070,1752,1156,0,0,0,1111147,2827,995079,2647,-1,-1,-1,-1,-1,-1,-1,-1,-1,-1,-1,-1,-1,-1,-1,-1,-1,-1
2023-01-09 03:41:20.915768,1832,388,1080,1753,1156,0,0,0,1111335,2829,995235,2649,-1,-1,-1,-1,-1,-1,-1,-1,-1,-1,-1,-1,-1,-1,-1,-1,-1,-1
2023-01-09 03:41:21.181314,1854,389,1087,1753,1156,0,0,0,1115893,2884,1003789,2699,-1,-1,-1,-1,-1,-1,-1,-1,-1,-1,-1,-1,-1,-1,-1,-1,-1,-1
2023-01-09 03:41:21.433984,1878,389,1092,1753,1156,0,0,0,1119528,2928,1009164,2740,-1,-1,-1,-1,-1,-1,-1,-1,-1,-1,-1,-1,-1,-1,-1,-1,-1,-1
2023-01-09 03:41:21.694233,1908,390,1100,1753,1156,0,0,0,1123970,2982,1028173,2804,-1,-1,-1,-1,-1,-1,-1,-1,-1,-1,-1,-1,-1,-1,-1,-1,-1,-1
2023-01-09 03:41:21.990685,1935,391,1105,1755,1156,0,0,0,1125725,3004,1030920,2827,S,9879,0,0,0,39,7,0,0,15,3317415936,36589,0,810850,37298,26044,5,0
2023-01-09 03:41:22.230204,1980,391,1110,1761,1156,0,0,0,1129527,3050,1040779,2878,S,10796,0,0,0,57,7,0,0,15,3321241600,37496,1,0,0,0,0,0
2023-01-09 03:41:22.503736,1989,391,1112,1761,1156,0,0,0,1132608,3088,1054116,2926,S,10857,0,0,0,58,7,0,0,15,3321065472,37501,1,-1,-1,-1,-1,-1
2023-01-09 03:41:22.766443,2019,397,1119,1762,1156,0,0,0,1135323,3121,1057975,2961,-1,-1,-1,-1,-1,-1,-1,-1,-1,-1,-1,-1,-1,-1,-1,-1,-1,-1
2023-01-09 03:41:23.030695,2054,398,1128,1764,1156,0,0,0,1138851,3164,1064767,3004,-1,-1,-1,-1,-1,-1,-1,-1,-1,-1,-1,-1,-1,-1,-1,-1,-1,-1
2023-01-09 03:41:23.282361,2076,400,1132,1765,1156,0,0,0,1140750,3187,1069923,3028,-1,-1,-1,-1,-1,-1,-1,-1,-1,-1,-1,-1,-1,-1,-1,-1,-1,-1
2023-01-09 03:41:23.534825,2098,401,1138,1768,1156,0,0,0,1144094,3227,1078127,3073,-1,-1,-1,-1,-1,-1,-1,-1,-1,-1,-1,-1,-1,-1,-1,-1,-1,-1
2023-01-09 03:41:23.810799,2114,403,1142,1774,1156,0,0,0,1147507,3268,1089669,3121,-1,-1,-1,-1,-1,-1,-1,-1,-1,-1,-1,-1,-1,-1,-1,-1,-1,-1
2023-01-09 03:41:24.081271,2120,403,1145,1775,1156,0,0,0,1148685,3282,1091965,3138,-1,-1,-1,-1,-1,-1,-1,-1,-1,-1,-1,-1,-1,-1,-1,-1,-1,-1
2023-01-09 03:41:24.331713,2137,404,1151,1788,1156,0,0,0,1154183,3348,1105875,3210,-1,-1,-1,-1,-1,-1,-1,-1,-1,-1,-1,-1,-1,-1,-1,-1,-1,-1
2023-01-09 03:41:24.597540,2171,405,1156,1788,1156,0,0,0,1154897,3357,1108787,3221,-1,-1,-1,-1,-1,-1,-1,-1,-1,-1,-1,-1,-1,-1,-1,-1,-1,-1
2023-01-09 03:41:24.878095,2188,408,1161,1790,1156,0,0,0,1158599,3402,1116076,3270,-1,-1,-1,-1,-1,-1,-1,-1,-1,-1,-1,-1,-1,-1,-1,-1,-1,-1
2023-01-09 03:41:25.118314,2233,419,1170,1795,1156,0,0,0,1163338,3460,1128855,3332,-1,-1,-1,-1,-1,-1,-1,-1,-1,-1,-1,-1,-1,-1,-1,-1,-1,-1
2023-01-09 03:41:25.389001,2234,419,1170,1795,1156,0,0,0,1164591,3475,1130680,3344,-1,-1,-1,-1,-1,-1,-1,-1,-1,-1,-1,-1,-1,-1,-1,-1,-1,-1
2023-01-09 03:41:25.648597,2311,420,1183,1795,1156,0,0,0,1169866,3538,1143962,3413,-1,-1,-1,-1,-1,-1,-1,-1,-1,-1,-1,-1,-1,-1,-1,-1,-1,-1
2023-01-09 03:41:25.889790,2316,421,1184,1795,1156,0,0,0,1169866,3538,1143872,3412,-1,-1,-1,-1,-1,-1,-1,-1,-1,-1,-1,-1,-1,-1,-1,-1,-1,-1
2023-01-09 03:41:26.160574,2335,422,1189,1795,1156,0,0,0,1176475,3618,1160991,3501,-1,-1,-1,-1,-1,-1,-1,-1,-1,-1,-1,-1,-1,-1,-1,-1,-1,-1
2023-01-09 03:41:26.420952,2354,423,1193,1795,1156,0,0,0,1176007,3612,1159466,3493,-1,-1,-1,-1,-1,-1,-1,-1,-1,-1,-1,-1,-1,-1,-1,-1,-1,-1
2023-01-09 03:41:26.681511,2371,424,1196,1795,1156,0,0,0,1178110,3638,1163036,3516,-1,-1,-1,-1,-1,-1,-1,-1,-1,-1,-1,-1,-1,-1,-1,-1,-1,-1
2023-01-09 03:41:26.932373,2412,426,1204,1795,1156,0,0,0,1184134,3711,1177506,3592,S,10107,0,0,0,44,7,0,0,15,3319570432,37412,1,810908,38138,26545,5,0
2023-01-09 03:41:27.197407,2442,426,1210,1795,1156,0,0,0,1187991,3759,1190280,3641,S,10595,0,0,0,51,8,0,0,15,3321282560,37874,1,811582,39816,28014,5,0
2023-01-09 03:41:27.448556,2477,427,1216,1796,1156,0,0,0,1191731,3804,1196390,3679,S,10890,0,0,0,56,9,0,0,15,3321479168,38138,1,-1,-1,-1,-1,-1
2023-01-09 03:41:27.724496,2481,427,1219,1796,1156,0,0,0,1192379,3812,1203171,3691,R,11411,0,0,0,58,10,0,0,17,3325030400,38793,1,-1,-1,-1,-1,-1
2023-01-09 03:41:27.963476,2523,429,1227,1797,1156,0,0,0,1196266,3858,1210497,3740,-1,-1,-1,-1,-1,-1,-1,-1,-1,-1,-1,-1,-1,-1,-1,-1,-1,-1
2023-01-09 03:41:28.233655,2556,429,1235,1797,1156,0,0,0,1197537,3873,1213894,3756,-1,-1,-1,-1,-1,-1,-1,-1,-1,-1,-1,-1,-1,-1,-1,-1,-1,-1
2023-01-09 03:41:28.519304,2569,430,1237,1797,1156,0,0,0,1203010,3940,1225899,3822,-1,-1,-1,-1,-1,-1,-1,-1,-1,-1,-1,-1,-1,-1,-1,-1,-1,-1
2023-01-09 03:41:28.769794,2577,431,1241,1798,1156,0,0,0,1207266,3991,1237646,3869,-1,-1,-1,-1,-1,-1,-1,-1,-1,-1,-1,-1,-1,-1,-1,-1,-1,-1
2023-01-09 03:41:29.030120,2598,432,1243,1798,1156,0,0,0,1209467,4017,1241590,3893,-1,-1,-1,-1,-1,-1,-1,-1,-1,-1,-1,-1,-1,-1,-1,-1,-1,-1
2023-01-09 03:41:29.295703,2603,432,1243,1798,1156,0,0,0,1209283,4015,1241524,3892,-1,-1,-1,-1,-1,-1,-1,-1,-1,-1,-1,-1,-1,-1,-1,-1,-1,-1
2023-01-09 03:41:29.545984,2629,433,1247,1798,1156,0,0,0,1213412,4064,1251036,3943,-1,-1,-1,-1,-1,-1,-1,-1,-1,-1,-1,-1,-1,-1,-1,-1,-1,-1
2023-01-09 03:41:30.072346,2709,434,1257,1798,1156,0,0,0,1218606,4125,1264277,4003,-1,-1,-1,-1,-1,-1,-1,-1,-1,-1,-1,-1,-1,-1,-1,-1,-1,-1
2023-01-09 03:41:29.822253,2707,434,1256,1798,1156,0,0,0,1216552,4101,1255034,3978,-1,-1,-1,-1,-1,-1,-1,-1,-1,-1,-1,-1,-1,-1,-1,-1,-1,-1
2023-01-09 03:41:30.328379,2712,434,1258,1798,1156,0,0,0,1216552,4101,1255034,3978,-1,-1,-1,-1,-1,-1,-1,-1,-1,-1,-1,-1,-1,-1,-1,-1,-1,-1
2023-01-09 03:41:30.599034,2750,435,1265,1798,1156,0,0,0,1221956,4165,1272679,4050,-1,-1,-1,-1,-1,-1,-1,-1,-1,-1,-1,-1,-1,-1,-1,-1,-1,-1
2023-01-09 03:41:30.859383,2768,436,1269,1798,1156,0,0,0,1223661,4185,1274976,4067,-1,-1,-1,-1,-1,-1,-1,-1,-1,-1,-1,-1,-1,-1,-1,-1,-1,-1
2023-01-09 03:41:31.114030,2793,437,1279,1798,1156,0,0,0,1229895,4261,1296085,4148,-1,-1,-1,-1,-1,-1,-1,-1,-1,-1,-1,-1,-1,-1,-1,-1,-1,-1
2023-01-09 03:41:31.384882,2823,439,1285,1798,1156,0,0,0,1232346,4290,1300679,4179,-1,-1,-1,-1,-1,-1,-1,-1,-1,-1,-1,-1,-1,-1,-1,-1,-1,-1
2023-01-09 03:41:31.651018,2851,441,1292,1799,1156,0,0,0,1235514,4328,1311336,4215,-1,-1,-1,-1,-1,-1,-1,-1,-1,-1,-1,-1,-1,-1,-1,-1,-1,-1
2023-01-09 03:41:31.896299,2898,442,1301,1799,1156,0,0,0,1237844,4356,1315727,4240,-1,-1,-1,-1,-1,-1,-1,-1,-1,-1,-1,-1,-1,-1,-1,-1,-1,-1
2023-01-09 03:41:32.168416,2906,442,1303,1799,1156,0,0,0,1238277,4361,1316958,4245,-1,-1,-1,-1,-1,-1,-1,-1,-1,-1,-1,-1,-1,-1,-1,-1,-1,-1
2023-01-09 03:41:32.438509,2929,444,1311,1799,1156,0,0,0,1241895,4404,1327551,4295,-1,-1,-1,-1,-1,-1,-1,-1,-1,-1,-1,-1,-1,-1,-1,-1,-1,-1
2023-01-09 03:41:32.701522,2961,448,1319,1799,1156,0,0,0,1244276,4432,1332482,4330,-1,-1,-1,-1,-1,-1,-1,-1,-1,-1,-1,-1,-1,-1,-1,-1,-1,-1
2023-01-09 03:41:32.958479,2974,450,1322,1799,1156,0,0,0,1247048,4466,1338871,4368,S,9988,0,0,0,44,3,0,0,16,3320651776,36804,1,811126,37362,26031,5,0
2023-01-09 03:41:33.216668,3039,455,1334,1799,1156,0,0,0,1253632,4545,1364456,4453,S,10845,0,0,0,60,4,0,0,16,3322568704,37626,1,-1,-1,-1,-1,-1
2023-01-09 03:41:33.487176,3045,456,1335,1799,1156,0,0,0,1254256,4553,1367369,4464,R,11633,0,0,0,63,5,0,0,17,3325341696,39289,1,-1,-1,-1,-1,-1
2023-01-09 03:41:33.763245,3086,460,1345,1799,1156,0,0,0,1257268,4588,1371713,4501,Z,11914,0,0,0,64,5,0,0,2,0,0,1,-1,-1,-1,-1,-1
2023-01-09 03:41:34.018596,3092,461,1348,1799,1156,0,0,0,1258477,4603,1376580,4521,-1,-1,-1,-1,-1,-1,-1,-1,-1,-1,-1,-1,-1,-1,-1,-1,-1,-1
2023-01-09 03:41:34.284217,3131,469,1359,1799,1156,0,0,0,1262184,4647,1382172,4566,-1,-1,-1,-1,-1,-1,-1,-1,-1,-1,-1,-1,-1,-1,-1,-1,-1,-1
2023-01-09 03:41:34.542295,3134,469,1360,1799,1156,0,0,0,1261938,4644,1380917,4561,-1,-1,-1,-1,-1,-1,-1,-1,-1,-1,-1,-1,-1,-1,-1,-1,-1,-1
2023-01-09 03:41:34.812998,3146,475,1370,1799,1156,0,0,0,1265673,4689,1390518,4612,-1,-1,-1,-1,-1,-1,-1,-1,-1,-1,-1,-1,-1,-1,-1,-1,-1,-1
2023-01-09 03:41:35.093403,3174,481,1381,1799,1156,0,0,0,1269086,4730,1402226,4670,-1,-1,-1,-1,-1,-1,-1,-1,-1,-1,-1,-1,-1,-1,-1,-1,-1,-1
2023-01-09 03:41:35.609263,3256,484,1394,1799,1156,0,0,0,1275588,4808,1424494,4760,-1,-1,-1,-1,-1,-1,-1,-1,-1,-1,-1,-1,-1,-1,-1,-1,-1,-1
2023-01-09 03:41:35.864996,3263,484,1396,1799,1156,0,0,0,1276833,4823,1428639,4776,-1,-1,-1,-1,-1,-1,-1,-1,-1,-1,-1,-1,-1,-1,-1,-1,-1,-1
2023-01-09 03:41:35.348738,3240,484,1392,1799,1156,0,0,0,1275588,4808,1424494,4760,-1,-1,-1,-1,-1,-1,-1,-1,-1,-1,-1,-1,-1,-1,-1,-1,-1,-1
