#com.ijjang_plus
#./workspace/com.ijjang_plus_0/com.ijjang_plus.apk
#time,user_cpu,nice_cpu,system_cpu,idle_cpu,iowait_cpu,irq_cpu,softirq_cpu,steal_cpu,receive_byte,receive_packet,transmit_byte,transmit_packet,state,minflt,cminflt,majflt,cmahflat,utime,stime,cutime,cstime,numthread,vss,rss,processor,rmsize,vmsize,shared,text,data
2023-01-09 00:48:55.263337,921,274,854,1803,1162,0,0,0,1042392,1368,645756,1020,R,8386,0,203,0,10,8,0,0,39,3346837504,40749,0,816388,40214,33008,5,0
2023-01-09 00:48:55.799602,939,276,860,1803,1162,0,0,0,1045431,1405,651798,1054,S,9860,0,203,0,11,8,0,0,39,3352784896,42355,1,816710,40502,33268,5,0
2023-01-09 00:48:55.534308,951,276,864,1803,1162,0,0,0,1049227,1450,659643,1101,S,9896,0,207,0,12,9,0,0,39,3343929344,40214,1,816710,40502,33268,5,0
2023-01-09 00:48:56.060059,953,276,864,1803,1162,0,0,0,1049875,1458,662129,1111,S,9916,0,211,0,12,9,0,0,39,3345244160,40502,1,816710,40502,33268,5,0
2023-01-09 00:48:56.317628,954,277,865,1803,1162,0,0,0,1049629,1455,660964,1107,S,9916,0,211,0,12,9,0,0,39,3345244160,40502,1,816710,40502,33268,5,0
2023-01-09 00:48:56.569143,958,279,872,1803,1162,0,0,0,1053237,1498,670631,1160,S,9921,0,212,0,12,9,0,0,39,3345244160,40522,1,816748,41077,33688,5,0
2023-01-09 00:48:56.819710,967,280,874,1803,1162,0,0,0,1055599,1526,675439,1192,R,10616,0,215,0,13,11,0,0,39,3348353024,41539,1,818503,41822,34414,5,0
2023-01-09 00:48:57.080180,977,281,877,1803,1162,0,0,0,1058023,1555,680139,1222,S,11675,0,217,0,14,11,0,0,39,3352588288,41822,1,818503,41822,34414,5,0
2023-01-09 00:48:57.350746,986,283,879,1803,1162,0,0,0,1060910,1589,686556,1259,S,11675,0,217,0,14,11,0,0,39,3352588288,41822,1,818503,41822,34414,5,0
2023-01-09 00:48:57.602601,991,283,880,1803,1162,0,0,0,1062587,1608,690217,1277,S,11675,0,217,0,14,11,0,0,39,3352588288,41822,1,818769,41825,34414,5,0
2023-01-09 00:48:57.868052,999,284,882,1803,1162,0,0,0,1064657,1632,694181,1294,S,11675,0,217,0,14,12,0,0,39,3352588288,41822,1,818769,41825,34414,5,0
2023-01-09 00:48:58.123606,1012,285,884,1803,1162,0,0,0,1066835,1658,700142,1326,S,11685,0,217,0,14,12,0,0,40,3353677824,41825,1,818801,41825,34414,5,0
2023-01-09 00:48:58.654487,1023,288,888,1803,1162,0,0,0,1069820,1694,706685,1366,S,11698,0,217,0,14,12,0,0,40,3353808896,41825,1,818801,41825,34414,5,0
2023-01-09 00:48:58.388928,1020,288,886,1803,1162,0,0,0,1068517,1678,704062,1347,S,11685,0,217,0,14,12,0,0,40,3353677824,41825,1,818801,41825,34414,5,0
2023-01-09 00:48:58.915169,1040,289,891,1805,1162,0,0,0,1074110,1747,714317,1418,S,11698,0,217,0,14,12,0,0,40,3353808896,41825,1,818801,41806,34414,5,0
2023-01-09 00:48:59.164571,1084,290,897,1806,1162,0,0,0,1076264,1773,717678,1446,S,11703,0,217,0,14,12,0,0,40,3353808896,41806,1,818801,41806,34414,5,0
2023-01-09 00:48:59.441468,1099,295,901,1811,1163,0,0,0,1079132,1808,724367,1486,S,11703,0,217,0,14,12,0,0,40,3353808896,41806,1,818801,41806,34414,5,0
2023-01-09 00:48:59.686335,1117,295,904,1812,1163,0,0,0,1080790,1828,727146,1507,S,11703,0,217,0,14,12,0,0,40,3353808896,41806,1,818801,41806,34414,5,0
2023-01-09 00:48:59.933145,1136,299,908,1820,1163,0,0,0,1083166,1857,731913,1538,S,11703,0,217,0,14,12,0,0,40,3353808896,41806,1,818801,41806,34414,5,0
2023-01-09 00:49:00.217034,1164,299,911,1828,1163,0,0,0,1085608,1887,736524,1567,S,11703,0,217,0,14,12,0,0,40,3353808896,41806,1,818801,41806,34414,5,0
2023-01-09 00:49:00.473095,1223,300,917,1833,1163,0,0,0,1089251,1931,743758,1611,S,11708,0,217,0,14,12,0,0,40,3349528576,41805,1,817756,41805,34413,5,0
2023-01-09 00:49:00.727801,1237,300,919,1833,1163,0,0,0,1090838,1950,747290,1629,S,11708,0,217,0,14,12,0,0,40,3349528576,41805,1,817756,41805,34413,5,0
2023-01-09 00:49:00.984744,1259,301,924,1833,1163,0,0,0,1092610,1971,750249,1652,S,11708,0,217,0,14,12,0,0,40,3349528576,41805,1,817756,41805,34413,5,0
2023-01-09 00:49:01.240986,1272,301,927,1844,1164,0,0,0,1095052,2001,755125,1685,S,11708,0,217,0,14,12,0,0,40,3349528576,41805,1,817756,41805,34413,5,0
2023-01-09 00:49:01.501571,1293,301,931,1859,1164,0,0,0,1097692,2034,759713,1714,S,11708,0,217,0,14,12,0,0,40,3349528576,41805,1,817756,41805,34413,5,0
2023-01-09 00:49:01.758078,1330,301,935,1872,1164,0,0,0,1100134,2064,764457,1745,S,11708,0,217,0,14,12,0,0,40,3349528576,41805,1,817751,41637,34413,5,0
2023-01-09 00:49:02.049710,1354,302,938,1876,1164,0,0,0,1102690,2095,769339,1777,S,11889,0,219,0,15,12,0,0,40,3349372928,41682,0,817718,41682,34444,5,0
2023-01-09 00:49:02.282552,1366,302,940,1884,1164,0,0,0,1104958,2122,774155,1808,S,11889,0,219,0,15,12,0,0,40,3349372928,41682,0,817718,41682,34444,5,0
2023-01-09 00:49:02.544146,1396,303,945,1889,1165,0,0,0,1107518,2153,780092,1841,S,11889,0,219,0,15,12,0,0,40,3349372928,41682,0,817718,41682,34444,5,0
2023-01-09 00:49:02.799640,1415,303,948,1893,1165,0,0,0,1109824,2181,784872,1872,S,11889,0,219,0,15,12,0,0,40,3349372928,41682,0,817718,41682,34444,5,0
2023-01-09 00:49:03.056873,1438,303,953,1903,1165,0,0,0,1112738,2217,789682,1904,S,11889,0,219,0,15,12,0,0,40,3349372928,41682,0,819224,42715,35375,5,0
2023-01-09 00:49:03.322463,1490,304,960,1905,1165,0,0,0,1115959,2256,795966,1940,S,12971,0,221,0,19,12,0,0,40,3355541504,42716,0,819582,42426,35005,5,0
2023-01-09 00:49:03.593306,1515,305,964,1905,1165,0,0,0,1118884,2290,801847,1969,R,13803,0,221,0,20,12,0,0,41,3357929472,42759,0,821194,44209,36773,5,0
2023-01-09 00:49:03.842983,1581,306,972,1905,1165,0,0,0,1122819,2336,811597,2011,R,15078,0,222,0,23,12,0,0,40,3359956992,43223,0,819752,42833,35395,5,0
2023-01-09 00:49:04.108514,1608,307,976,1905,1165,0,0,0,1125054,2362,815895,2033,S,16360,0,222,0,24,13,0,0,40,3363610624,44209,0,819752,42833,35395,5,0
2023-01-09 00:49:04.384566,1646,307,981,1905,1165,0,0,0,1125864,2371,817240,2039,S,16360,0,222,0,24,13,0,0,40,3363610624,44209,0,819752,42833,35395,5,0
2023-01-09 00:49:04.639914,1661,308,983,1905,1165,0,0,0,1126176,2375,818543,2044,S,16360,0,222,0,24,13,0,0,40,3363610624,44209,0,819752,42833,35395,5,0
2023-01-09 00:49:04.895107,1693,309,987,1905,1165,0,0,0,1126902,2383,819966,2051,S,16363,0,222,0,24,13,0,0,40,3357704192,42833,0,819752,42833,35395,5,0
2023-01-09 00:49:05.416207,1717,310,990,1905,1165,0,0,0,1130907,2431,828030,2103,S,16363,0,222,0,24,13,0,0,40,3357704192,42833,0,819752,42833,35395,5,0
2023-01-09 00:49:05.155711,1717,310,991,1905,1165,0,0,0,1131753,2442,831402,2119,S,16363,0,222,0,24,13,0,0,40,3357704192,42833,0,819752,42833,35395,5,0
2023-01-09 00:49:05.947181,1816,313,1004,1905,1165,0,0,0,1134908,2479,837592,2155,S,16363,0,222,0,24,13,0,0,40,3357704192,42833,0,819752,42833,35395,5,0
2023-01-09 00:49:05.692941,1781,312,1000,1905,1165,0,0,0,1134752,2477,836613,2153,S,16363,0,222,0,24,13,0,0,40,3357704192,42833,0,819752,42829,35395,5,0
2023-01-09 00:49:06.202485,1823,313,1005,1905,1165,0,0,0,1140014,2540,847773,2214,S,16363,0,222,0,24,13,0,0,40,3357704192,42833,0,820297,42947,35405,5,0
2023-01-09 00:49:06.452769,1824,314,1006,1905,1165,0,0,0,1141502,2557,850757,2230,S,16363,0,222,0,24,13,0,0,40,3357704192,42833,0,823222,45382,37650,5,0
2023-01-09 00:49:06.718037,1848,315,1011,1905,1165,0,0,0,1141162,2553,849682,2227,S,16363,0,222,0,24,13,0,0,40,3357704192,42829,0,821781,44657,36933,5,0
2023-01-09 00:49:07.228676,1901,316,1018,1905,1165,0,0,0,1143670,2582,853845,2251,S,16377,0,222,0,24,13,0,0,40,3357704192,42829,0,823933,46037,38363,5,0
2023-01-09 00:49:06.968240,1873,315,1015,1905,1165,0,0,0,1145424,2603,858750,2272,S,16592,0,222,0,26,13,0,0,40,3360329728,43011,0,823943,46746,39063,5,0
2023-01-09 00:49:07.500266,1956,317,1028,1905,1165,0,0,0,1149057,2646,865873,2316,R,19949,0,222,0,31,16,0,0,40,3374870528,46045,1,821790,44599,36913,5,0
2023-01-09 00:49:07.753201,1964,317,1030,1905,1165,0,0,0,1153602,2700,875899,2373,R,19977,0,222,0,32,16,0,0,40,3374829568,46037,0,821790,44599,36913,5,0
2023-01-09 00:49:08.267407,2028,318,1041,1905,1165,0,0,0,1154004,2705,877423,2379,R,20030,0,222,0,32,16,0,0,40,3374829568,46037,0,821790,44599,36913,5,0
2023-01-09 00:49:08.017128,2006,318,1037,1905,1165,0,0,0,1156129,2730,881319,2403,R,19959,0,222,0,32,16,0,0,40,3374829568,46037,0,821790,44599,36913,5,0
2023-01-09 00:49:09.053825,2106,319,1052,1905,1165,0,0,0,1157716,2749,883985,2421,S,20061,0,222,0,32,16,0,0,40,3366051840,44599,0,821790,44599,36913,5,0
2023-01-09 00:49:08.532669,2069,318,1044,1905,1165,0,0,0,1157716,2749,883985,2421,S,20061,0,222,0,32,16,0,0,40,3366051840,44599,0,821790,44599,36913,5,0
2023-01-09 00:49:09.314386,2137,320,1058,1905,1165,0,0,0,1161052,2789,891069,2460,S,20061,0,222,0,32,16,0,0,40,3366051840,44599,0,821790,44599,36913,5,0
2023-01-09 00:49:08.798447,2103,319,1051,1905,1165,0,0,0,1160806,2786,889904,2456,S,20061,0,222,0,32,16,0,0,40,3366051840,44599,0,821790,44599,36913,5,0
2023-01-09 00:49:09.582956,2172,321,1063,1905,1165,0,0,0,1166494,2854,902851,2527,S,20061,0,222,0,32,16,0,0,40,3366051840,44599,0,821790,44599,36913,5,0
2023-01-09 00:49:09.839171,2245,322,1074,1905,1165,0,0,0,1167613,2867,905209,2543,S,20061,0,222,0,32,16,0,0,40,3366051840,44599,0,821823,44664,36923,5,0
2023-01-09 00:49:10.087008,2245,322,1074,1905,1165,0,0,0,1167613,2867,905209,2543,S,20061,0,222,0,32,16,0,0,40,3366051840,44599,0,823244,45508,37650,5,0
2023-01-09 00:49:10.357691,2250,324,1075,1905,1165,0,0,0,1169893,2894,909887,2565,S,20061,0,222,0,32,16,0,0,40,3366051840,44599,0,822533,44819,36947,5,0
2023-01-09 00:49:11.125446,2391,331,1099,1906,1165,0,0,0,1178081,2992,927389,2658,R,21083,0,222,0,36,17,0,0,40,3369054208,44819,0,822543,44772,36962,5,0
2023-01-09 00:49:10.869360,2307,330,1087,1905,1165,0,0,0,1175939,2967,923614,2642,R,21081,0,222,0,36,17,0,0,40,3372007424,45508,0,822543,44772,36962,5,0
2023-01-09 00:49:10.618127,2313,330,1088,1906,1165,0,0,0,1178896,3001,930061,2666,S,21103,0,222,0,37,17,0,0,40,3369136128,44819,0,822543,44772,36962,5,0
2023-01-09 00:49:11.906587,2422,332,1103,1906,1165,0,0,0,1179898,3014,932131,2678,S,21156,0,222,0,37,17,0,0,40,3369136128,44899,0,822543,44772,36962,5,0
2023-01-09 00:49:11.646082,2440,332,1105,1906,1165,0,0,0,1184977,3074,942435,2733,S,21174,0,222,0,37,17,0,0,40,3369136128,44772,0,822543,44772,36962,5,0
2023-01-09 00:49:12.177507,2449,332,1106,1906,1165,0,0,0,1183297,3054,936056,2710,S,21174,0,222,0,37,17,0,0,40,3369136128,44772,0,822543,44772,36962,5,0
2023-01-09 00:49:11.401691,2443,332,1105,1906,1165,0,0,0,1183297,3054,936056,2710,S,21174,0,222,0,37,17,0,0,40,3369136128,44772,0,822543,44772,36962,5,0
2023-01-09 00:49:12.437813,2463,333,1108,1906,1165,0,0,0,1188963,3121,948368,2776,S,21174,0,222,0,37,17,0,0,40,3369136128,44772,0,822543,44772,36962,5,0
2023-01-09 00:49:12.698358,2504,333,1115,1906,1165,0,0,0,1191643,3153,953511,2808,S,21174,0,222,0,37,17,0,0,40,3369136128,44772,0,822543,44772,36962,5,0
2023-01-09 00:49:13.229339,2508,333,1116,1906,1165,0,0,0,1192828,3167,955893,2824,S,21174,0,222,0,37,17,0,0,40,3369136128,44772,0,822543,44772,36962,5,0
2023-01-09 00:49:13.481212,2512,334,1118,1906,1165,0,0,0,1193140,3171,957214,2830,S,21174,0,222,0,37,17,0,0,40,3369136128,44772,0,822543,44772,36962,5,0
2023-01-09 00:49:12.958791,2507,333,1115,1906,1165,0,0,0,1194144,3183,958950,2841,S,21174,0,222,0,37,17,0,0,40,3369136128,44772,0,822543,44772,36962,5,0
2023-01-09 00:49:13.735303,2522,335,1123,1906,1165,0,0,0,1197126,3219,965813,2881,S,21174,0,222,0,37,17,0,0,40,3369136128,44772,0,822543,44772,36962,5,0
2023-01-09 00:49:14.002311,2542,335,1128,1906,1165,0,0,0,1199238,3244,970339,2909,S,21174,0,222,0,37,17,0,0,40,3369136128,44772,0,822543,44772,36962,5,0
2023-01-09 00:49:14.272942,2556,335,1131,1908,1165,0,0,0,1200986,3265,973298,2932,S,21174,0,222,0,37,17,0,0,40,3369136128,44772,0,822543,44772,36962,5,0
2023-01-09 00:49:14.560135,2583,335,1137,1922,1165,0,0,0,1203296,3293,977914,2961,S,21174,0,222,0,37,17,0,0,40,3369136128,44772,0,822543,44772,36962,5,0
2023-01-09 00:49:14.810641,2619,335,1142,1926,1165,0,0,0,1206159,3327,984277,2997,S,21174,0,222,0,37,17,0,0,40,3369054208,44772,0,822523,44772,36962,5,0
2023-01-09 00:49:15.066402,2644,336,1144,1926,1165,0,0,0,1207652,3345,986990,3017,S,21174,0,222,0,37,17,0,0,40,3369054208,44772,0,822523,44772,36962,5,0
2023-01-09 00:49:15.325145,2685,336,1148,1927,1165,0,0,0,1210170,3375,993149,3051,S,21174,0,222,0,37,17,0,0,40,3369054208,44772,0,822523,44772,36962,5,0
2023-01-09 00:49:15.580719,2697,337,1151,1928,1165,0,0,0,1211630,3392,995928,3072,S,21174,0,222,0,37,17,0,0,40,3369054208,44772,0,822523,44772,36962,5,0
2023-01-09 00:49:15.851278,2727,337,1158,1938,1165,0,0,0,1214874,3431,1002412,3110,S,21174,0,222,0,37,17,0,0,40,3369054208,44772,0,823296,44931,36988,5,0
2023-01-09 00:49:16.127380,2801,338,1167,1938,1165,0,0,0,1221178,3507,1015672,3184,S,22880,0,222,0,40,18,0,0,40,3372220416,44931,0,823296,44931,36988,5,0
2023-01-09 00:49:16.639457,2837,339,1172,1938,1165,0,0,0,1220932,3504,1014441,3179,S,22880,0,222,0,40,18,0,0,40,3372220416,44931,0,823296,44931,36988,5,0
2023-01-09 00:49:16.377901,2837,339,1172,1938,1165,0,0,0,1221670,3513,1018249,3191,S,22880,0,222,0,40,18,0,0,40,3372220416,44931,0,823296,44931,36988,5,0
2023-01-09 00:49:16.911638,2880,340,1176,1938,1165,0,0,0,1223774,3537,1020997,3212,S,22880,0,222,0,40,18,0,0,40,3372220416,44931,0,824039,45056,36978,5,0
2023-01-09 00:49:17.146161,2894,341,1178,1938,1165,0,0,0,1226646,3572,1027014,3254,S,22880,0,222,0,40,18,0,0,40,3372220416,44931,0,824049,45067,36988,5,0
