#com.uysal.fener
#./workspace/com.uysal.fener_0/com.uysal.fener.apk
#time,user_cpu,nice_cpu,system_cpu,idle_cpu,iowait_cpu,irq_cpu,softirq_cpu,steal_cpu,receive_byte,receive_packet,transmit_byte,transmit_packet,state,minflt,cminflt,majflt,cmahflat,utime,stime,cutime,cstime,numthread,vss,rss,processor,rmsize,vmsize,shared,text,data
2023-01-08 23:50:26.060495,939,298,898,1751,1200,0,0,0,137179,544,630904,747,Z,5135,0,158,0,6,5,0,0,2,0,0,1,-1,-1,-1,-1,-1
2023-01-08 23:50:26.344794,984,299,907,1751,1200,0,0,0,140716,586,639111,794,-1,-1,-1,-1,-1,-1,-1,-1,-1,-1,-1,-1,-1,-1,-1,-1,-1,-1
2023-01-08 23:50:26.584698,1002,301,911,1751,1200,0,0,0,141745,598,640900,806,-1,-1,-1,-1,-1,-1,-1,-1,-1,-1,-1,-1,-1,-1,-1,-1,-1,-1
2023-01-08 23:50:27.122061,1074,303,924,1751,1200,0,0,0,147591,668,655499,876,-1,-1,-1,-1,-1,-1,-1,-1,-1,-1,-1,-1,-1,-1,-1,-1,-1,-1
2023-01-08 23:50:26.851555,1032,302,917,1751,1200,0,0,0,147033,661,653796,868,-1,-1,-1,-1,-1,-1,-1,-1,-1,-1,-1,-1,-1,-1,-1,-1,-1,-1
2023-01-08 23:50:27.372444,1092,304,928,1751,1200,0,0,0,149146,686,660179,894,R,146787,0,303,0,217,60,0,0,46,3629453312,75495,1,886087,76844,43395,5,0
2023-01-08 23:50:27.622960,1121,307,934,1751,1200,0,0,0,154827,754,674288,965,S,149518,0,303,0,226,61,0,0,46,3629412352,76844,0,886087,77086,43412,5,0
2023-01-08 23:50:27.898469,1162,312,939,1751,1200,0,0,0,155631,764,676309,977,R,150803,0,303,0,228,61,0,0,46,3629412352,76989,0,886087,77155,43412,5,0
2023-01-08 23:50:28.163973,1166,313,941,1751,1200,0,0,0,158278,796,687145,1016,R,151542,0,303,0,231,62,0,0,46,3629412352,77011,0,886556,77326,43475,5,0
2023-01-08 23:50:28.445033,1196,320,955,1751,1200,0,0,0,160144,818,690888,1035,-1,-1,-1,-1,-1,-1,-1,-1,-1,-1,-1,-1,-1,-1,-1,-1,-1,-1
2023-01-08 23:50:28.948288,1259,324,970,1751,1200,0,0,0,164757,874,698910,1092,-1,-1,-1,-1,-1,-1,-1,-1,-1,-1,-1,-1,-1,-1,-1,-1,-1,-1
2023-01-08 23:50:28.689195,1237,323,965,1751,1200,0,0,0,164823,875,699889,1094,-1,-1,-1,-1,-1,-1,-1,-1,-1,-1,-1,-1,-1,-1,-1,-1,-1,-1
2023-01-08 23:50:29.191806,1271,330,973,1751,1200,0,0,0,169463,931,711485,1155,-1,-1,-1,-1,-1,-1,-1,-1,-1,-1,-1,-1,-1,-1,-1,-1,-1,-1
2023-01-08 23:50:29.477551,1319,336,979,1751,1200,0,0,0,171999,961,716147,1186,-1,-1,-1,-1,-1,-1,-1,-1,-1,-1,-1,-1,-1,-1,-1,-1,-1,-1
2023-01-08 23:50:29.745154,1343,340,982,1751,1200,0,0,0,173821,983,722898,1213,S,161646,0,304,0,270,67,0,0,46,3629420544,78498,0,886089,78498,43548,5,0
2023-01-08 23:50:29.984718,1360,344,988,1751,1200,0,0,0,176933,1020,729854,1256,S,161658,0,304,0,270,67,0,0,46,3629420544,78498,0,886114,78563,43613,5,0
2023-01-08 23:50:30.245056,1405,348,999,1753,1200,0,0,0,180416,1062,738853,1297,S,161690,0,304,0,271,67,0,0,46,3629522944,78563,1,886114,78563,43613,5,0
2023-01-08 23:50:30.511190,1417,348,1001,1753,1200,0,0,0,183093,1096,744551,1328,S,161690,0,304,0,272,67,0,0,46,3629522944,78563,1,886114,78563,43613,5,0
2023-01-08 23:50:31.018382,1481,354,1011,1753,1200,0,0,0,186427,1136,751547,1369,S,27907,0,74,0,114,18,0,0,24,3510517760,56929,0,857060,56929,41973,5,0
2023-01-08 23:50:30.761175,1480,353,1010,1753,1200,0,0,0,186829,1141,752934,1376,S,27907,0,74,0,114,18,0,0,24,3510517760,56929,0,857060,56929,41973,5,0
2023-01-08 23:50:31.290057,1485,360,1016,1756,1200,0,0,0,189755,1176,758366,1413,S,27912,0,74,0,114,18,0,0,24,3510517760,56929,0,857062,56998,41986,5,0
2023-01-08 23:50:31.529076,1515,361,1022,1757,1200,0,0,0,192179,1205,763293,1446,S,28619,0,74,0,119,18,0,0,24,3510525952,56932,0,857065,57009,41986,5,0
2023-01-08 23:50:31.790037,1529,366,1024,1760,1200,0,0,0,194045,1227,767397,1469,S,28631,0,74,0,124,18,0,0,24,3510534144,56998,1,857067,57181,42108,5,0
2023-01-08 23:50:32.055582,1542,366,1028,1765,1200,0,0,0,196601,1258,772061,1497,S,28767,0,75,0,134,19,0,0,24,3510546432,57009,0,857067,57181,42108,5,0
2023-01-08 23:50:32.318498,1575,367,1034,1765,1200,0,0,0,198595,1282,776388,1522,S,28794,0,75,0,139,21,0,0,24,3510546432,57181,0,857067,57268,42157,5,0
2023-01-08 23:50:32.573334,1597,368,1039,1769,1200,0,0,0,201085,1312,781225,1554,S,29328,0,75,0,144,21,0,0,24,3510546432,57398,0,857069,57463,42205,5,0
2023-01-08 23:50:32.833104,1621,369,1043,1779,1201,0,0,0,203659,1344,785816,1583,S,29366,0,75,0,162,21,0,0,24,3510587392,57463,0,857085,57536,42223,5,0
2023-01-08 23:50:33.103407,1644,369,1046,1795,1203,0,0,0,206209,1376,790383,1612,S,30507,0,78,0,183,22,0,0,24,3516952576,58623,0,858633,58739,42314,5,0
2023-01-08 23:50:33.368911,1662,369,1049,1814,1203,0,0,0,208675,1406,796545,1648,S,30771,0,79,0,207,23,0,0,24,3516993536,58937,0,859161,59050,42314,5,0
2023-01-08 23:50:33.624157,1688,369,1052,1837,1203,0,0,0,211117,1436,801382,1680,S,30979,0,79,0,228,24,0,0,24,3519156224,59116,0,859169,59123,42312,5,0
2023-01-08 23:50:33.879767,1712,369,1055,1845,1203,0,0,0,213937,1471,806357,1713,S,31067,0,79,0,238,25,0,0,24,3519156224,59123,1,859169,59126,42312,5,0
2023-01-08 23:50:34.150818,1743,370,1061,1848,1203,0,0,0,216629,1504,811086,1743,S,31296,0,79,0,250,26,0,0,24,3519156224,58236,1,859169,58236,42328,5,0
2023-01-08 23:50:34.402003,1782,370,1064,1852,1203,0,0,0,219596,1540,817484,1780,R,31320,0,79,0,266,27,0,0,24,3519156224,58236,0,859169,58236,42328,5,0
2023-01-08 23:50:34.662766,1805,370,1066,1853,1203,0,0,0,220687,1553,819778,1795,S,31320,0,79,0,273,27,0,0,24,3519156224,58236,0,859169,58236,42328,5,0
2023-01-08 23:50:34.928059,1829,371,1070,1855,1203,0,0,0,223357,1585,825132,1832,S,31325,0,79,0,279,28,0,0,24,3519156224,58236,0,859169,58236,42328,5,0
2023-01-08 23:50:35.197841,1862,371,1076,1862,1203,0,0,0,226697,1626,831959,1874,S,31395,0,79,0,289,29,0,0,24,3519156224,58236,0,859169,58222,42328,5,0
2023-01-08 23:50:35.466019,1885,371,1079,1866,1203,0,0,0,228511,1648,834920,1897,S,31572,0,79,0,293,30,0,0,24,3519156224,58222,1,859169,58221,42328,5,0
2023-01-08 23:50:35.728747,1917,372,1083,1873,1203,0,0,0,232130,1692,842422,1945,S,31606,0,79,0,298,30,0,0,24,3510493184,55967,1,857497,55967,40040,5,0
2023-01-08 23:50:35.968387,1937,373,1090,1874,1203,0,0,0,234440,1720,849261,1977,S,31606,0,79,0,298,30,0,0,24,3510493184,55967,1,859036,57483,41533,5,0
2023-01-08 23:50:36.252178,1965,374,1101,1874,1203,0,0,0,236273,1742,853361,2000,S,33203,0,79,0,301,31,0,0,24,3518611456,57483,1,859036,57483,41533,5,0
2023-01-08 23:50:36.503185,1984,375,1106,1875,1203,0,0,0,237889,1761,856298,2023,S,33203,0,79,0,301,31,0,0,24,3518611456,57483,1,859036,57483,41533,5,0
2023-01-08 23:50:36.749860,2018,379,1114,1876,1203,0,0,0,240761,1796,861646,2062,S,33203,0,79,0,301,31,0,0,24,3518611456,57483,1,859036,57483,41533,5,0
2023-01-08 23:50:37.028972,2042,380,1117,1878,1203,0,0,0,242699,1819,866028,2088,S,33203,0,79,0,301,31,0,0,24,3518611456,57483,1,859036,57483,41533,5,0
2023-01-08 23:50:37.279110,2083,381,1121,1879,1203,0,0,0,244967,1846,870645,2117,S,33203,0,79,0,301,31,0,0,24,3518611456,57483,1,859036,57483,41533,5,0
2023-01-08 23:50:37.550050,2103,385,1125,1880,1203,0,0,0,247683,1879,875640,2151,S,33203,0,79,0,301,31,0,0,24,3518611456,57483,1,859805,58275,42325,5,0
2023-01-08 23:50:37.800383,2124,386,1129,1881,1203,0,0,0,250806,1917,881894,2185,S,33976,0,79,0,304,31,0,0,24,3521761280,58275,1,857763,55976,40040,5,0
2023-01-08 23:50:38.071269,2158,387,1134,1881,1203,0,0,0,252261,1934,885639,2204,S,33986,0,79,0,306,31,0,0,25,3513397248,55976,0,857763,55976,40040,5,0
2023-01-08 23:50:38.336965,2183,388,1140,1883,1203,0,0,0,253631,1950,888262,2223,S,33988,0,79,0,306,32,0,0,25,3513397248,55976,0,857763,55976,40040,5,0
2023-01-08 23:50:38.603826,2229,391,1151,1883,1203,0,0,0,257992,2003,899882,2279,S,33988,0,79,0,306,32,0,0,25,3513397248,55976,0,859302,56702,41532,5,0
2023-01-08 23:50:38.855401,2245,392,1155,1883,1203,0,0,0,259140,2016,901701,2291,S,35567,0,79,0,309,32,0,0,25,3519700992,56702,0,859302,56702,41532,5,0
2023-01-08 23:50:39.111020,2272,393,1160,1883,1203,0,0,0,260883,2037,905816,2313,S,35567,0,79,0,309,32,0,0,25,3519700992,56702,0,859302,56702,41532,5,0
2023-01-08 23:50:39.363321,2288,395,1164,1883,1203,0,0,0,263411,2068,909461,2344,S,35567,0,79,0,309,32,0,0,25,3519700992,56702,0,859302,56702,41532,5,0
2023-01-08 23:50:39.629438,2320,400,1169,1885,1203,0,0,0,265943,2098,914281,2376,S,35567,0,79,0,309,32,0,0,25,3519700992,56702,0,859302,56702,41532,5,0
2023-01-08 23:50:39.889944,2358,400,1174,1888,1203,0,0,0,269340,2139,922820,2423,S,35573,0,79,0,310,32,0,0,25,3519700992,56702,0,860071,57475,42324,5,0
2023-01-08 23:50:40.142035,2381,401,1177,1888,1203,0,0,0,270374,2151,924567,2434,S,36421,0,79,0,315,32,0,0,25,3522850816,57559,1,860071,57475,42324,5,0
2023-01-08 23:50:40.417695,2415,402,1180,1889,1203,0,0,0,273481,2188,929979,2469,S,36425,0,79,0,320,32,0,0,25,3522850816,57480,1,860071,57488,42324,5,0
2023-01-08 23:50:40.673200,2435,402,1183,1889,1203,0,0,0,273911,2193,931300,2475,R,36426,0,79,0,341,34,0,0,25,3522850816,57475,1,857763,55200,40040,5,0
2023-01-08 23:50:41.196422,2490,403,1195,1889,1203,0,0,0,278667,2249,942495,2538,S,36608,0,79,0,347,35,0,0,25,3513397248,55202,1,857763,55202,40040,5,0
2023-01-08 23:50:40.930665,2484,403,1191,1889,1203,0,0,0,278667,2249,942495,2538,S,36608,0,79,0,347,35,0,0,25,3513397248,55202,1,857763,55202,40040,5,0
2023-01-08 23:50:41.456868,2519,403,1201,1889,1203,0,0,0,279851,2263,946459,2552,S,36608,0,79,0,347,35,0,0,25,3513397248,55202,1,857763,55202,40040,5,0
2023-01-08 23:50:41.720590,2544,405,1207,1889,1203,0,0,0,283747,2310,955447,2603,S,36608,0,79,0,347,35,0,0,25,3513397248,55202,1,859495,56717,41525,5,0
2023-01-08 23:50:42.000799,2563,407,1216,1889,1203,0,0,0,285062,2326,958828,2620,S,36619,0,79,0,348,35,0,0,25,3513397248,55199,1,859495,56717,41525,5,0
2023-01-08 23:50:42.235985,2594,409,1224,1889,1203,0,0,0,286805,2347,962912,2642,S,38203,0,80,0,351,36,0,0,25,3520491520,56717,1,859495,56717,41525,5,0
2023-01-08 23:50:42.493298,2608,410,1228,1889,1203,0,0,0,289644,2381,967975,2676,S,38203,0,80,0,351,36,0,0,25,3520491520,56717,1,859495,56717,41525,5,0
2023-01-08 23:50:42.753681,2659,412,1233,1889,1203,0,0,0,291458,2403,971836,2696,S,38203,0,80,0,351,36,0,0,25,3520491520,56717,1,859495,56717,41525,5,0
2023-01-08 23:50:43.003067,2681,412,1236,1890,1203,0,0,0,293069,2422,974552,2715,S,38203,0,80,0,351,36,0,0,25,3520491520,56717,1,857956,55232,40041,5,0
2023-01-08 23:50:43.274169,2717,414,1244,1890,1203,0,0,0,296719,2466,981598,2756,S,38212,0,80,0,351,36,0,0,25,3514187776,55232,1,857956,55232,40041,5,0
2023-01-08 23:50:43.521812,2728,415,1247,1890,1203,0,0,0,297097,2471,982853,2761,S,38212,0,80,0,351,36,0,0,25,3514187776,55232,1,857956,55235,40041,5,0
2023-01-08 23:50:43.797807,2774,417,1256,1890,1203,0,0,0,300557,2513,992270,2806,R,38212,0,80,0,351,36,0,0,25,3514187776,55232,1,859688,56742,41527,5,0
2023-01-08 23:50:44.058178,2790,418,1262,1891,1203,0,0,0,302768,2539,996732,2833,S,38229,0,80,0,353,36,0,0,25,3517337600,55225,1,859688,56742,41527,5,0
2023-01-08 23:50:44.309892,2818,418,1268,1891,1203,0,0,0,304955,2566,1001062,2858,S,39791,0,80,0,355,37,0,0,25,3521282048,56742,1,859688,56742,41527,5,0
2023-01-08 23:50:44.584450,2843,419,1271,1891,1203,0,0,0,307422,2595,1005824,2889,S,39791,0,80,0,355,37,0,0,25,3521282048,56742,1,859688,56742,41527,5,0
2023-01-08 23:50:44.850395,2861,422,1274,1893,1203,0,0,0,308735,2611,1008184,2905,S,39791,0,80,0,355,37,0,0,25,3521282048,56742,1,859688,56742,41527,5,0
2023-01-08 23:50:45.105185,2904,423,1280,1894,1203,0,0,0,311985,2651,1013655,2943,S,39791,0,80,0,355,37,0,0,25,3521282048,56742,1,859688,56742,41527,5,0
2023-01-08 23:50:45.360634,2927,423,1284,1894,1203,0,0,0,314163,2677,1018141,2970,S,39808,0,80,0,355,37,0,0,25,3521282048,56742,1,860457,57535,42319,5,0
2023-01-08 23:50:45.616052,2976,424,1293,1895,1203,0,0,0,317400,2716,1025254,3012,R,40612,0,80,0,364,38,0,0,25,3524431872,57546,1,860457,57540,42345,5,0
2023-01-08 23:50:45.886743,2983,424,1295,1895,1203,0,0,0,318741,2732,1028436,3026,D,40651,0,80,0,366,38,0,0,25,3524431872,57540,0,860457,57540,42345,5,0
2023-01-08 23:50:46.142015,3010,427,1302,1895,1203,0,0,0,320489,2753,1031487,3050,S,40657,0,81,0,366,39,0,0,25,3524431872,57540,0,860457,57542,42345,5,0
2023-01-08 23:50:46.403049,3056,430,1312,1897,1203,0,0,0,326230,2822,1043392,3123,S,40788,0,81,0,383,41,0,0,25,3514978304,55394,0,858149,55394,40166,5,0
2023-01-08 23:50:46.913774,3127,432,1323,1897,1203,0,0,0,328998,2855,1049430,3157,S,40788,0,81,0,384,42,0,0,25,3514978304,55394,0,858592,55394,40166,5,0
2023-01-08 23:50:46.653482,3079,431,1315,1897,1203,0,0,0,327405,2836,1045612,3138,S,40788,0,81,0,384,41,0,0,25,3514978304,55394,0,858592,55394,40166,5,0
2023-01-08 23:50:47.179284,3127,432,1323,1897,1203,0,0,0,328998,2855,1049430,3157,S,40788,0,81,0,384,41,0,0,25,3514978304,55394,0,858592,55394,40166,5,0
2023-01-08 23:50:47.435558,3163,433,1332,1897,1203,0,0,0,333687,2911,1061211,3217,S,40788,0,81,0,384,42,0,0,25,3516792832,55394,0,860131,56914,41649,5,0
2023-01-08 23:50:47.701009,3199,434,1342,1897,1203,0,0,0,334366,2919,1064033,3227,S,40793,0,81,0,384,42,0,0,25,3516792832,55397,0,860131,56914,41649,5,0
2023-01-08 23:50:47.962523,3232,437,1350,1897,1203,0,0,0,337848,2960,1069865,3272,S,42370,0,81,0,388,42,0,0,25,3523096576,56914,0,860163,56977,41649,5,0
2023-01-08 23:50:48.228155,3240,439,1351,1897,1203,0,0,0,337536,2956,1068676,3268,S,42370,0,81,0,388,42,0,0,25,3523096576,56914,0,860227,56982,41650,5,0
2023-01-08 23:50:48.486572,3253,444,1356,1897,1203,0,0,0,342511,3016,1079182,3327,S,42445,0,81,0,389,42,0,0,25,3523489792,56982,0,860227,56982,41650,5,0
2023-01-08 23:50:48.752097,3298,448,1361,1898,1203,0,0,0,342757,3019,1080503,3333,S,42445,0,81,0,389,42,0,0,25,3523489792,56982,0,860227,56982,41650,5,0
2023-01-08 23:50:49.007555,3309,450,1364,1898,1203,0,0,0,344780,3043,1083860,3361,S,42445,0,81,0,389,42,0,0,25,3523489792,56982,0,860227,56982,41650,5,0
2023-01-08 23:50:49.305382,3344,455,1375,1898,1203,0,0,0,347364,3074,1090023,3401,S,42445,0,81,0,389,42,0,0,25,3523489792,56982,0,860227,56982,41650,5,0
2023-01-08 23:50:50.071837,3425,460,1384,1898,1203,0,0,0,352000,3129,1102710,3466,S,42445,0,81,0,389,42,0,0,25,3523489792,56982,0,860996,57865,42442,5,0
2023-01-08 23:50:49.556096,3391,459,1380,1898,1203,0,0,0,352090,3130,1102800,3467,S,42445,0,81,0,389,42,0,0,25,3523489792,56982,0,860996,57901,42471,5,0
2023-01-08 23:50:49.821625,3431,461,1385,1898,1203,0,0,0,352871,3139,1105310,3477,S,42445,0,81,0,389,42,0,0,25,3523489792,56982,0,860996,57901,42471,5,0
2023-01-08 23:50:50.337858,3476,463,1391,1898,1203,0,0,0,357964,3199,1117915,3545,S,43411,0,81,0,411,43,0,0,25,3526639616,57901,1,860996,57890,42471,5,0
2023-01-08 23:50:50.591872,3489,463,1393,1898,1203,0,0,0,358589,3206,1119302,3552,S,43411,0,81,0,421,43,0,0,25,3526639616,57901,1,860996,57896,42487,5,0
2023-01-08 23:50:51.393270,3596,467,1406,1898,1203,0,0,0,361571,3241,1124788,3587,S,43469,0,81,0,443,44,0,0,25,3526639616,57890,1,860996,57896,42487,5,0
2023-01-08 23:50:50.862172,3537,464,1398,1898,1203,0,0,0,362503,3252,1127316,3598,S,43469,0,81,0,442,44,0,0,25,3526639616,57890,1,860996,57896,42487,5,0
2023-01-08 23:50:51.127663,3580,466,1403,1898,1203,0,0,0,361571,3241,1124788,3587,S,43469,0,81,0,442,44,0,0,25,3526639616,57890,1,860996,58027,42487,5,0
2023-01-08 23:50:51.638579,3631,469,1410,1898,1203,0,0,0,367367,3311,1137820,3663,S,43651,0,81,0,483,46,0,0,25,3526639616,57896,0,860996,58027,42487,5,0
2023-01-08 23:50:51.928600,3721,472,1419,1898,1203,0,0,0,368919,3329,1140354,3682,R,43738,0,81,0,491,46,0,0,25,3526639616,57962,0,861002,59535,42487,5,0
2023-01-08 23:50:52.187668,3737,473,1423,1898,1203,0,0,0,371046,3354,1146304,3703,S,43738,0,81,0,493,46,0,0,25,3526639616,57962,0,861002,59535,42487,5,0
2023-01-08 23:50:52.456727,3727,473,1421,1898,1203,0,0,0,369854,3340,1141999,3691,S,43738,0,81,0,491,46,0,0,25,3526639616,57962,0,861004,59535,42487,5,0
2023-01-08 23:50:53.481526,3830,480,1441,1898,1203,0,0,0,377101,3427,1157239,3775,R,45965,0,81,0,532,49,0,0,25,3526672384,59535,0,861004,58770,42502,5,0
2023-01-08 23:50:53.222085,3799,479,1436,1898,1203,0,0,0,380489,3468,1165806,3817,S,45965,0,81,0,536,49,0,0,25,3526672384,59105,0,861006,59306,42502,5,0
2023-01-08 23:50:52.971142,3774,475,1430,1898,1203,0,0,0,379505,3456,1162773,3802,R,45962,0,81,0,518,47,0,0,25,3526672384,59535,0,861006,59306,42502,5,0
2023-01-08 23:50:52.717467,3781,477,1431,1898,1203,0,0,0,379505,3456,1162707,3801,S,45840,0,81,0,516,47,0,0,25,3526664192,59535,0,861006,59441,42508,5,0
2023-01-08 23:50:53.741211,3880,484,1449,1898,1203,0,0,0,384227,3512,1172191,3861,S,46798,0,81,0,551,50,0,0,25,3526672384,59260,0,861006,59507,42508,5,0
2023-01-08 23:50:54.009080,3885,484,1449,1898,1203,0,0,0,385724,3530,1174407,3877,S,47030,0,81,0,552,50,0,0,25,3526680576,59306,0,861006,59314,42508,5,0
2023-01-08 23:50:54.274349,3907,486,1454,1898,1203,0,0,0,387432,3550,1181943,3903,S,47132,0,82,0,553,50,0,0,25,3526680576,59375,0,861010,59606,42508,5,0
2023-01-08 23:50:54.796168,3948,490,1467,1898,1203,0,0,0,389962,3581,1187273,3938,S,47361,0,82,0,555,50,0,0,25,3526688768,59314,0,859597,58531,41094,5,0
2023-01-08 23:50:54.524851,3946,489,1465,1898,1203,0,0,0,390700,3590,1189122,3950,S,47590,0,82,0,557,50,0,0,25,3526688768,59442,0,859597,58531,41094,5,0
2023-01-08 23:50:55.072126,3973,493,1474,1898,1203,0,0,0,393422,3623,1195327,3983,S,48485,0,82,0,573,52,0,0,25,3519090688,57673,0,859597,58557,41110,5,0
2023-01-08 23:50:55.332467,4013,495,1483,1898,1203,0,0,0,395260,3645,1198444,4008,S,50045,0,82,0,576,53,0,0,25,3520909312,58538,0,859597,58557,41110,5,0
