#com.appsbar.HairLabDet561199
#./workspace/com.appsbar.HairLabDet561199_0/com.appsbar.HairLabDet561199.apk
#time,user_cpu,nice_cpu,system_cpu,idle_cpu,iowait_cpu,irq_cpu,softirq_cpu,steal_cpu,receive_byte,receive_packet,transmit_byte,transmit_packet,state,minflt,cminflt,majflt,cmahflat,utime,stime,cutime,cstime,numthread,vss,rss,processor,rmsize,vmsize,shared,text,data
2023-01-09 05:04:59.734234,898,302,896,1526,1452,0,0,0,1046734,1177,639740,829,S,4606,0,8,0,4,3,0,0,16,3288686592,26370,1,802902,26370,21268,5,0
2023-01-09 05:05:00.004994,907,303,899,1526,1452,0,0,0,1049068,1205,644319,858,S,4606,0,8,0,4,3,0,0,16,3288686592,26370,1,802902,26370,21268,5,0
2023-01-09 05:05:00.262365,915,303,900,1526,1452,0,0,0,1051176,1230,649282,889,S,4606,0,8,0,4,3,0,0,16,3288686592,26370,1,802902,26370,21268,5,0
2023-01-09 05:05:00.527402,922,304,903,1526,1452,0,0,0,1052139,1241,650981,900,S,4606,0,8,0,4,3,0,0,16,3288686592,26370,1,802902,26370,21268,5,0
2023-01-09 05:05:00.813398,926,307,906,1526,1452,0,0,0,1054247,1266,656880,928,S,4606,0,8,0,4,3,0,0,16,3288686592,26370,1,804982,28013,23018,5,0
2023-01-09 05:05:01.053092,931,309,910,1526,1452,0,0,0,1057970,1311,664058,975,S,6605,0,8,0,6,5,0,0,16,3297206272,28013,0,804855,27902,22899,5,0
2023-01-09 05:05:01.310501,941,310,912,1527,1452,0,0,0,1061332,1351,670563,1010,S,6673,0,8,0,6,5,0,0,16,3296555008,27837,0,803445,26482,21495,5,0
2023-01-09 05:05:01.561179,951,311,914,1527,1452,0,0,0,1062354,1363,673581,1022,S,6737,0,8,0,6,5,0,0,16,3296817152,27902,0,803445,26482,21495,5,0
2023-01-09 05:05:01.826817,960,312,916,1527,1452,0,0,0,1064050,1383,677842,1042,S,7458,0,8,0,7,6,0,0,16,3290910720,26482,0,803445,26482,21495,5,0
2023-01-09 05:05:02.097263,972,313,918,1527,1452,0,0,0,1066319,1410,682284,1071,S,7458,0,8,0,7,6,0,0,16,3290910720,26482,0,803445,26482,21495,5,0
2023-01-09 05:05:02.599478,978,315,920,1527,1452,0,0,0,1068467,1435,685711,1098,S,7458,0,8,0,7,6,0,0,16,3290910720,26482,0,803445,26482,21495,5,0
2023-01-09 05:05:02.347658,975,313,918,1527,1452,0,0,0,1069305,1445,687411,1108,S,7458,0,8,0,7,6,0,0,16,3290910720,26482,0,803445,26482,21495,5,0
2023-01-09 05:05:02.869626,987,320,925,1530,1452,0,0,0,1071913,1476,692430,1140,S,7458,0,8,0,7,6,0,0,16,3290910720,26482,0,803445,26482,21495,5,0
2023-01-09 05:05:03.139068,994,322,926,1531,1452,0,0,0,1073949,1501,697101,1170,S,7458,0,8,0,7,6,0,0,16,3290910720,26482,0,803445,26482,21495,5,0
2023-01-09 05:05:03.399622,1002,323,928,1531,1452,0,0,0,1076061,1526,701815,1201,S,7464,0,8,0,7,6,0,0,16,3290910720,26482,0,803445,26482,21495,5,0
2023-01-09 05:05:03.670022,1011,325,931,1533,1452,0,0,0,1078645,1557,706847,1235,S,7464,0,8,0,7,6,0,0,16,3290910720,26482,0,803445,26482,21495,5,0
2023-01-09 05:05:03.920373,1019,327,934,1537,1452,0,0,0,1081021,1586,711519,1265,S,7464,0,8,0,7,6,0,0,16,3290910720,26482,0,803445,26482,21495,5,0
2023-01-09 05:05:04.164984,1028,327,936,1540,1452,0,0,0,1083525,1617,716503,1299,S,7464,0,8,0,7,6,0,0,16,3290910720,26482,0,803445,26482,21495,5,0
2023-01-09 05:05:04.430202,1039,327,938,1551,1452,0,0,0,1086387,1653,721619,1335,S,7464,0,8,0,7,6,0,0,16,3290910720,26482,0,803445,26482,21495,5,0
2023-01-09 05:05:04.705034,1048,328,940,1562,1452,0,0,0,1089207,1688,726717,1370,S,7464,0,8,0,7,6,0,0,16,3290910720,26482,0,803445,26482,21495,5,0
2023-01-09 05:05:04.958128,1059,328,943,1577,1453,0,0,0,1091385,1714,731480,1401,S,7464,0,8,0,7,6,0,0,16,3290521600,26390,0,803350,26390,21402,5,0
2023-01-09 05:05:05.221632,1071,328,946,1579,1453,0,0,0,1093851,1744,736087,1430,S,7464,0,8,0,7,6,0,0,16,3290521600,26390,0,803350,26390,21402,5,0
2023-01-09 05:05:05.492311,1079,328,948,1583,1453,0,0,0,1096317,1774,740874,1461,S,7464,0,8,0,7,6,0,0,16,3290521600,26390,0,803350,26390,21402,5,0
2023-01-09 05:05:05.743232,1088,328,949,1595,1454,0,0,0,1098915,1806,746015,1497,S,7464,0,8,0,7,6,0,0,16,3290521600,26390,0,803350,26373,21402,5,0
2023-01-09 05:05:06.014237,1098,328,951,1614,1454,0,0,0,1101423,1837,750844,1529,S,7469,0,8,0,7,6,0,0,16,3290521600,26373,0,803350,26373,21402,5,0
2023-01-09 05:05:06.269340,1110,329,952,1615,1454,0,0,0,1104295,1872,757236,1566,S,7469,0,8,0,7,6,0,0,16,3290521600,26373,0,803350,26373,21402,5,0
2023-01-09 05:05:06.534188,1122,330,954,1617,1454,0,0,0,1105953,1892,759878,1585,S,7469,0,8,0,7,6,0,0,16,3290521600,26373,0,803350,26373,21402,5,0
2023-01-09 05:05:06.799889,1132,330,957,1621,1454,0,0,0,1108221,1919,764839,1618,S,7469,0,8,0,7,6,0,0,16,3290521600,26373,0,803350,26373,21402,5,0
2023-01-09 05:05:07.068073,1154,330,960,1628,1455,0,0,0,1110991,1953,769554,1648,S,7469,0,8,0,7,6,0,0,16,3290521600,26373,0,803350,26373,21402,5,0
2023-01-09 05:05:07.333828,1182,330,964,1633,1456,0,0,0,1113145,1979,774419,1676,S,7570,0,8,0,8,6,0,0,16,3290521600,26291,0,803350,26291,21434,5,0
2023-01-09 05:05:07.588393,1214,331,969,1647,1456,0,0,0,1116206,2016,782021,1720,S,8895,0,8,0,10,6,0,0,16,3293474816,27301,0,804792,27960,22845,5,0
2023-01-09 05:05:07.858896,1252,332,974,1648,1456,0,0,0,1117571,2032,785766,1741,S,9619,0,8,0,11,6,0,0,16,3296428032,27960,1,803381,26588,21466,5,0
2023-01-09 05:05:08.119743,1268,332,978,1649,1456,0,0,0,1120259,2065,790688,1773,S,9658,0,8,0,11,6,0,0,16,3290648576,26588,1,803414,26620,21497,5,0
2023-01-09 05:05:08.371413,1314,333,983,1652,1456,0,0,0,1124062,2111,800348,1824,S,9722,0,8,0,12,6,0,0,16,3290783744,26620,1,803574,27593,22308,5,0
2023-01-09 05:05:09.155572,1392,334,992,1652,1456,0,0,0,1127343,2150,806546,1856,R,11655,0,8,0,14,7,0,0,16,3297345536,28970,1,803574,27593,22308,5,0
2023-01-09 05:05:08.624674,1347,333,988,1652,1456,0,0,0,1128369,2163,810264,1872,R,11655,0,8,0,14,7,0,0,16,3297345536,28970,1,803574,27593,22308,5,0
2023-01-09 05:05:09.401768,1429,336,998,1652,1456,0,0,0,1131111,2195,813760,1902,S,11656,0,8,0,14,7,0,0,16,3291439104,27593,0,803574,27593,22308,5,0
2023-01-09 05:05:08.900156,1397,334,993,1652,1456,0,0,0,1132628,2213,817248,1918,S,11656,0,8,0,14,7,0,0,16,3291439104,27593,0,803574,27585,22308,5,0
2023-01-09 05:05:09.672591,1459,336,1001,1652,1456,0,0,0,1134052,2230,820590,1933,S,11656,0,8,0,14,7,0,0,16,3291439104,27593,0,804358,28376,23072,5,0
2023-01-09 05:05:09.919372,1509,339,1008,1652,1456,0,0,0,1135859,2251,823453,1952,S,11656,0,8,0,14,7,0,0,16,3291439104,27593,0,805016,29116,23748,5,0
2023-01-09 05:05:10.719092,1568,340,1017,1652,1456,0,0,0,1139907,2300,832086,2001,S,12658,0,8,0,16,7,0,0,16,3294908416,28506,0,803638,27715,22339,5,0
2023-01-09 05:05:10.198699,1528,339,1010,1652,1456,0,0,0,1139595,2296,831659,1997,S,11696,0,8,0,14,7,0,0,18,3292540928,27614,0,803638,27715,22339,5,0
2023-01-09 05:05:10.453557,1567,340,1017,1652,1456,0,0,0,1142483,2330,836984,2021,S,13383,0,8,0,16,7,0,0,16,3297345536,29116,0,803638,27715,22339,5,0
2023-01-09 05:05:10.974300,1598,340,1023,1652,1456,0,0,0,1145417,2366,843406,2057,S,13483,0,8,0,16,8,0,0,16,3291701248,27715,0,803638,27715,22339,5,0
2023-01-09 05:05:11.497848,1683,341,1033,1653,1456,0,0,0,1149547,2415,851765,2109,S,13483,0,8,0,16,8,0,0,16,3291701248,27715,0,803638,27712,22339,5,0
2023-01-09 05:05:11.763491,1689,341,1034,1653,1456,0,0,0,1151480,2438,856339,2130,S,13483,0,8,0,16,8,0,0,16,3291701248,27715,0,803638,27712,22339,5,0
2023-01-09 05:05:11.242250,1674,341,1032,1653,1456,0,0,0,1149949,2420,853086,2115,S,13483,0,8,0,16,8,0,0,16,3291701248,27715,0,803638,27712,22339,5,0
2023-01-09 05:05:12.023813,1702,342,1037,1653,1456,0,0,0,1152753,2453,858410,2145,S,13483,0,8,0,16,8,0,0,16,3291701248,27715,0,803638,27712,22339,5,0
2023-01-09 05:05:12.275151,1740,343,1042,1654,1456,0,0,0,1155447,2485,863804,2182,S,13483,0,8,0,16,8,0,0,16,3291701248,27712,0,803638,27712,22339,5,0
2023-01-09 05:05:12.542457,1757,345,1046,1654,1456,0,0,0,1157096,2505,866628,2203,S,13483,0,8,0,16,8,0,0,16,3291701248,27712,0,803638,27712,22339,5,0
2023-01-09 05:05:12.819339,1786,346,1053,1654,1456,0,0,0,1160076,2542,871617,2237,S,13485,0,8,0,16,8,0,0,16,3291701248,27712,0,803638,27712,22339,5,0
2023-01-09 05:05:13.069098,1829,349,1059,1655,1456,0,0,0,1162845,2575,877841,2271,S,13485,0,8,0,16,8,0,0,16,3291701248,27712,0,804176,27879,22370,5,0
2023-01-09 05:05:13.353671,1851,351,1062,1655,1456,0,0,0,1165017,2602,881960,2295,S,13485,0,8,0,16,8,0,0,16,3291701248,27712,0,805142,29202,23874,5,0
2023-01-09 05:05:13.585324,1886,351,1068,1655,1456,0,0,0,1167170,2628,884714,2316,S,13611,0,8,0,17,8,0,0,17,3292803072,27815,0,805142,29202,23874,5,0
2023-01-09 05:05:14.634730,2022,353,1083,1655,1456,0,0,0,1173212,2700,897840,2385,S,15380,0,8,0,20,8,0,0,16,3297861632,29202,0,803638,27707,22370,5,0
2023-01-09 05:05:14.379533,2022,353,1083,1655,1456,0,0,0,1173798,2707,900597,2394,S,15380,0,8,0,20,8,0,0,16,3297861632,29202,0,803638,27707,22370,5,0
2023-01-09 05:05:13.865890,1978,353,1077,1655,1456,0,0,0,1175606,2727,903744,2408,S,15358,0,8,0,19,8,0,0,16,3297861632,29202,0,803638,27707,22370,5,0
2023-01-09 05:05:14.111312,2020,353,1083,1655,1456,0,0,0,1177942,2754,910828,2433,S,15386,0,8,0,20,8,0,0,16,3297345536,29076,0,803638,27707,22370,5,0
2023-01-09 05:05:14.895512,2099,357,1095,1655,1456,0,0,0,1181548,2796,916718,2469,S,16179,0,8,0,21,9,0,0,16,3291701248,27707,1,803638,27707,22370,5,0
2023-01-09 05:05:15.156813,2119,358,1098,1655,1456,0,0,0,1182657,2809,918726,2478,S,16179,0,8,0,21,9,0,0,16,3291701248,27707,1,803638,27707,22370,5,0
2023-01-09 05:05:15.938946,2188,360,1106,1655,1456,0,0,0,1183190,2815,919933,2483,S,16179,0,8,0,21,9,0,0,16,3291701248,27707,1,803638,27707,22370,5,0
2023-01-09 05:05:15.421617,2170,359,1102,1655,1456,0,0,0,1183436,2818,921098,2487,S,16179,0,8,0,21,9,0,0,16,3291701248,27707,1,803638,27707,22370,5,0
2023-01-09 05:05:16.209000,2189,360,1106,1655,1456,0,0,0,1184970,2836,925759,2505,S,16179,0,8,0,21,9,0,0,16,3291701248,27707,1,803638,27707,22370,5,0
2023-01-09 05:05:15.672820,2186,359,1105,1655,1456,0,0,0,1184970,2836,925669,2504,S,16179,0,8,0,21,9,0,0,16,3291701248,27707,1,803638,27707,22370,5,0
2023-01-09 05:05:16.474822,2270,364,1121,1655,1456,0,0,0,1191321,2911,938127,2579,S,16179,0,8,0,21,9,0,0,16,3291701248,27707,1,803638,27707,22370,5,0
2023-01-09 05:05:17.005652,2274,364,1122,1655,1456,0,0,0,1190732,2904,936692,2572,S,16179,0,8,0,21,9,0,0,16,3291701248,27707,1,803638,27707,22370,5,0
2023-01-09 05:05:17.240996,2276,367,1124,1655,1456,0,0,0,1192345,2923,941040,2590,S,16179,0,8,0,21,9,0,0,16,3291701248,27707,1,803638,27707,22370,5,0
2023-01-09 05:05:16.739016,2270,364,1121,1655,1456,0,0,0,1192345,2923,941040,2590,S,16179,0,8,0,21,9,0,0,16,3291701248,27707,1,803638,27707,22370,5,0
2023-01-09 05:05:17.508246,2300,370,1131,1655,1456,0,0,0,1195954,2966,947895,2633,S,16179,0,8,0,21,9,0,0,16,3291701248,27707,1,803638,27707,22370,5,0
2023-01-09 05:05:17.765373,2337,371,1137,1655,1456,0,0,0,1198066,2991,952376,2660,S,16179,0,8,0,21,9,0,0,16,3291701248,27707,1,803638,27707,22370,5,0
2023-01-09 05:05:18.033842,2353,372,1140,1657,1456,0,0,0,1199842,3012,955176,2681,S,16179,0,8,0,21,9,0,0,16,3291701248,27707,1,803638,27707,22370,5,0
2023-01-09 05:05:18.303447,2383,372,1145,1667,1456,0,0,0,1201614,3033,959633,2708,S,16179,0,8,0,21,9,0,0,16,3291701248,27707,1,803638,27754,22370,5,0
