#com.onetouchtethering
#./workspace/com.onetouchtethering_0/com.onetouchtethering.apk
#time,user_cpu,nice_cpu,system_cpu,idle_cpu,iowait_cpu,irq_cpu,softirq_cpu,steal_cpu,receive_byte,receive_packet,transmit_byte,transmit_packet,state,minflt,cminflt,majflt,cmahflat,utime,stime,cutime,cstime,numthread,vss,rss,processor,rmsize,vmsize,shared,text,data
2023-01-09 05:18:47.489626,880,308,866,1747,1235,0,0,0,405773,676,653500,746,S,2192,0,1,0,1,1,0,0,11,3281981440,21962,0,801265,21962,17057,5,0
2023-01-09 05:18:47.756545,889,308,869,1749,1235,0,0,0,407951,702,658168,776,S,2206,0,1,0,1,1,0,0,12,3283103744,21963,0,801539,21963,17057,5,0
2023-01-09 05:18:48.046595,897,309,872,1750,1235,0,0,0,410819,737,664762,815,S,2206,0,1,0,1,1,0,0,12,3283103744,21963,0,801539,21963,17057,5,0
2023-01-09 05:18:48.297326,907,310,876,1758,1236,0,0,0,412931,762,669299,843,S,2206,0,1,0,1,1,0,0,12,3283103744,21963,0,801539,21963,17057,5,0
2023-01-09 05:18:48.547918,917,312,878,1759,1236,0,0,0,415331,791,674244,875,S,2206,0,1,0,1,1,0,0,12,3283103744,21963,0,801539,21963,17057,5,0
2023-01-09 05:18:48.803352,925,314,880,1761,1236,0,0,0,417665,819,678936,905,S,2206,0,1,0,1,1,0,0,12,3283103744,21963,0,801539,21963,17057,5,0
2023-01-09 05:18:49.068848,941,314,883,1769,1236,0,0,0,419999,847,683718,936,S,2206,0,1,0,1,1,0,0,12,3283103744,21963,0,801539,21963,17057,5,0
2023-01-09 05:18:49.329402,964,318,886,1775,1236,0,0,0,422861,883,688678,970,S,2206,0,1,0,1,1,0,0,12,3283103744,21963,0,801539,21963,17057,5,0
2023-01-09 05:18:49.585527,1007,320,892,1777,1236,0,0,0,426012,921,695309,1010,S,2206,0,1,0,1,1,0,0,12,3283103744,21963,0,801539,21963,17057,5,0
2023-01-09 05:18:49.858082,1025,320,893,1779,1236,0,0,0,427911,944,699534,1034,S,2206,0,1,0,1,1,0,0,12,3283103744,21963,0,801539,21963,17057,5,0
2023-01-09 05:18:50.129949,1055,320,899,1780,1237,0,0,0,429843,967,703867,1060,S,2206,0,1,0,1,1,0,0,12,3283103744,21963,0,801539,21963,17057,5,0
2023-01-09 05:18:50.412669,1082,321,904,1782,1237,0,0,0,431435,986,706532,1079,S,2206,0,1,0,1,1,0,0,12,3283103744,21963,0,801539,21963,17057,5,0
2023-01-09 05:18:50.663239,1112,322,908,1789,1237,0,0,0,433859,1015,711382,1111,S,2206,0,1,0,1,1,0,0,12,3283103744,21963,0,801539,21963,17057,5,0
2023-01-09 05:18:50.915797,1149,322,912,1791,1237,0,0,0,436193,1043,716257,1143,S,2206,0,1,0,1,1,0,0,12,3283103744,21963,0,801571,21963,17057,5,0
2023-01-09 05:18:51.181674,1177,323,915,1795,1237,0,0,0,438909,1076,721486,1180,S,2211,0,1,0,1,1,0,0,12,3283234816,21963,0,801571,21963,17057,5,0
2023-01-09 05:18:51.451202,1205,324,919,1797,1237,0,0,0,440681,1097,725845,1206,S,2211,0,1,0,1,1,0,0,12,3283234816,21963,0,801571,21963,17057,5,0
2023-01-09 05:18:51.697654,1227,324,923,1803,1237,0,0,0,442991,1125,730474,1235,S,2211,0,1,0,1,1,0,0,12,3283234816,21963,0,801571,21963,17057,5,0
2023-01-09 05:18:51.968107,1265,325,929,1804,1237,0,0,0,445509,1155,735392,1268,S,2211,0,1,0,1,1,0,0,12,3283234816,21963,0,801571,21963,17057,5,0
2023-01-09 05:18:52.217658,1288,325,932,1806,1237,0,0,0,447437,1178,739998,1297,S,2211,0,1,0,1,1,0,0,12,3283234816,21963,0,801571,21963,17057,5,0
2023-01-09 05:18:52.465148,1306,326,936,1810,1237,0,0,0,449705,1205,744940,1330,S,2211,0,1,0,1,1,0,0,12,3283234816,21963,0,801571,21963,17057,5,0
2023-01-09 05:18:52.740840,1332,326,940,1824,1238,0,0,0,452657,1242,749840,1362,S,2211,0,1,0,1,1,0,0,12,3283234816,21963,0,801571,21804,17113,5,0
2023-01-09 05:18:53.011558,1364,327,945,1828,1238,0,0,0,455279,1274,754848,1396,S,2285,0,1,0,2,1,0,0,12,3283234816,21804,0,801571,21804,17113,5,0
2023-01-09 05:18:53.267026,1385,327,949,1831,1238,0,0,0,457679,1303,759700,1428,S,2285,0,1,0,2,1,0,0,12,3283234816,21804,0,801571,21804,17113,5,0
2023-01-09 05:18:53.533023,1404,327,953,1849,1238,0,0,0,460565,1339,764798,1463,S,2285,0,1,0,2,1,0,0,12,3283234816,21804,0,801571,21804,17113,5,0
2023-01-09 05:18:53.792972,1432,327,956,1855,1238,0,0,0,462875,1367,769560,1494,S,2285,0,1,0,2,1,0,0,12,3283234816,21804,0,801571,21804,17113,5,0
2023-01-09 05:18:54.047924,1461,328,962,1860,1239,0,0,0,465119,1394,774322,1525,S,2285,0,1,0,2,1,0,0,12,3283234816,21804,0,801571,21804,17113,5,0
2023-01-09 05:18:54.297938,1480,334,965,1865,1239,0,0,0,467807,1427,779372,1560,S,2287,0,1,0,2,1,0,0,12,3283234816,21804,0,801571,21804,17113,5,0
2023-01-09 05:18:54.823737,1554,340,980,1869,1239,0,0,0,472358,1483,788215,1610,S,2287,0,1,0,2,1,0,0,12,3283234816,21804,0,801571,21804,17113,5,0
2023-01-09 05:18:54.564393,1513,339,975,1869,1239,0,0,0,472826,1489,789626,1617,S,2287,0,1,0,2,1,0,0,12,3283234816,21804,0,801571,21804,17113,5,0
2023-01-09 05:18:55.086280,1575,340,982,1869,1239,0,0,0,474542,1509,792357,1637,S,2287,0,1,0,2,1,0,0,12,3283234816,21804,0,801571,21804,17113,5,0
2023-01-09 05:18:55.379836,1609,342,988,1869,1239,0,0,0,478411,1556,799595,1684,S,2287,0,1,0,2,1,0,0,12,3283234816,21804,0,801571,21804,17113,5,0
2023-01-09 05:18:55.898218,1661,345,993,1869,1239,0,0,0,482171,1601,808410,1735,S,2287,0,1,0,2,1,0,0,12,3283234816,21804,0,801571,21804,17113,5,0
2023-01-09 05:18:55.624879,1652,345,991,1869,1239,0,0,0,481523,1593,806550,1725,S,2287,0,1,0,2,1,0,0,12,3283234816,21804,0,801571,21804,17113,5,0
2023-01-09 05:18:56.160184,1690,346,996,1869,1239,0,0,0,483744,1620,810578,1751,S,2287,0,1,0,2,1,0,0,12,3283234816,21804,0,801571,21804,17113,5,0
2023-01-09 05:18:56.432679,1736,347,1004,1869,1239,0,0,0,486258,1650,816925,1786,S,2287,0,1,0,2,1,0,0,12,3283234816,21804,0,801571,21804,17113,5,0
2023-01-09 05:18:56.679829,1743,348,1007,1871,1239,0,0,0,488526,1677,821664,1817,S,2287,0,1,0,2,1,0,0,12,3283234816,21804,0,801571,21804,17113,5,0
2023-01-09 05:18:56.937484,1772,349,1011,1872,1239,0,0,0,490496,1701,824863,1843,S,2287,0,1,0,2,1,0,0,12,3283234816,21804,0,801571,21804,17113,5,0
2023-01-09 05:18:57.207818,1806,350,1017,1872,1239,0,0,0,492962,1731,830443,1880,S,2287,0,1,0,2,1,0,0,12,3283234816,21804,0,801571,21804,17113,5,0
2023-01-09 05:18:57.476266,1829,350,1021,1888,1239,0,0,0,495140,1757,835681,1913,S,2287,0,1,0,2,1,0,0,12,3283234816,21804,0,801571,21804,17113,5,0
