#com.suphi.swipenavigationwithoutroot
#./workspace/com.suphi.swipenavigationwithoutroot_0/com.suphi.swipenavigationwithoutroot.apk
#time,user_cpu,nice_cpu,system_cpu,idle_cpu,iowait_cpu,irq_cpu,softirq_cpu,steal_cpu,receive_byte,receive_packet,transmit_byte,transmit_packet,state,minflt,cminflt,majflt,cmahflat,utime,stime,cutime,cstime,numthread,vss,rss,processor,rmsize,vmsize,shared,text,data
2023-01-09 04:03:26.504687,938,315,872,1863,1108,0,0,0,1667188,1851,629214,1062,R,13754,0,5,0,45,12,0,0,17,3331399680,38908,0,815390,39785,26876,5,0
2023-01-09 04:03:26.775420,960,316,877,1863,1108,0,0,0,1670137,1886,637058,1100,S,15468,0,5,0,56,14,0,0,17,3339837440,40626,1,815390,40818,27866,5,0
2023-01-09 04:03:27.064894,965,317,881,1864,1109,0,0,0,1671658,1904,639836,1121,S,15619,0,5,0,61,15,0,0,17,3339837440,40659,1,815390,40836,27882,5,0
2023-01-09 04:03:27.327207,973,319,884,1865,1109,0,0,0,1673652,1928,645112,1157,S,16133,0,5,0,66,15,0,0,17,3339837440,40836,1,815390,40543,27900,5,0
2023-01-09 04:03:27.572489,980,321,887,1867,1109,0,0,0,1675920,1955,650033,1190,S,16182,0,5,0,70,17,0,0,17,3339837440,40543,1,815390,40307,27900,5,0
2023-01-09 04:03:27.832920,990,322,892,1876,1109,0,0,0,1678296,1984,655588,1227,S,16506,0,9,0,74,18,0,0,17,3339972608,40441,1,815427,40977,28008,5,0
2023-01-09 04:03:28.103622,1012,322,897,1889,1109,0,0,0,1680672,2013,661028,1263,S,17331,0,9,0,95,18,0,0,17,3340013568,41081,1,815947,41785,28137,5,0
2023-01-09 04:03:28.641215,1065,326,910,1891,1110,0,0,0,1684676,2062,670914,1324,S,18823,0,11,0,108,18,0,0,17,3342127104,41793,0,815953,41916,28152,5,0
2023-01-09 04:03:28.395060,1057,326,908,1891,1110,0,0,0,1684922,2065,672169,1329,S,18823,0,11,0,109,18,0,0,17,3342127104,41793,0,815953,41916,28152,5,0
2023-01-09 04:03:28.897084,1092,327,915,1899,1110,0,0,0,1687488,2096,677046,1361,S,19048,0,11,0,126,19,0,0,17,3342143488,41916,1,815953,41916,28152,5,0
2023-01-09 04:03:29.158006,1121,327,919,1904,1110,0,0,0,1690308,2131,681947,1394,S,19136,0,12,0,137,21,0,0,17,3342143488,41491,1,816620,42191,28798,5,0
2023-01-09 04:03:29.413543,1155,330,926,1904,1110,0,0,0,1693246,2167,689544,1434,S,20442,0,12,0,148,23,0,0,17,3342143488,41420,1,815953,41477,28186,5,0
2023-01-09 04:03:29.658614,1196,331,931,1904,1110,0,0,0,1696151,2202,694465,1467,S,21396,0,12,0,161,24,0,0,17,3342143488,41476,1,815985,41477,28186,5,0
2023-01-09 04:03:29.924655,1228,333,934,1904,1110,0,0,0,1697824,2222,698857,1492,S,21457,0,12,0,164,25,0,0,17,3342143488,41477,1,815985,41478,28186,5,0
2023-01-09 04:03:30.190480,1243,335,938,1905,1110,0,0,0,1699506,2242,701973,1517,S,21533,0,12,0,166,25,0,0,17,3342274560,41478,0,816208,41710,28377,5,0
2023-01-09 04:03:30.449376,1256,335,941,1911,1110,0,0,0,1702066,2273,706586,1546,S,22435,0,12,0,176,26,0,0,17,3342274560,41518,0,815985,41535,28200,5,0
2023-01-09 04:03:30.719708,1295,336,947,1912,1110,0,0,0,1704646,2304,713164,1585,S,22601,0,12,0,190,28,0,0,17,3342274560,41599,1,815989,42399,28201,5,0
2023-01-09 04:03:30.974847,1316,336,950,1915,1110,0,0,0,1706262,2323,715926,1605,S,23718,0,12,0,203,29,0,0,17,3342290944,42399,1,815991,42400,28201,5,0
2023-01-09 04:03:31.230518,1344,336,955,1922,1110,0,0,0,1708614,2352,720491,1634,S,23832,0,12,0,223,30,0,0,17,3342307328,42401,0,815993,42401,28201,5,0
2023-01-09 04:03:31.491449,1377,337,959,1926,1110,0,0,0,1710858,2379,726315,1666,S,23991,0,12,0,238,32,0,0,17,3344404480,42490,0,816509,42742,28215,5,0
2023-01-09 04:03:31.757815,1401,337,963,1938,1110,0,0,0,1713508,2411,731396,1701,S,24977,0,12,0,265,34,0,0,17,3344461824,42742,0,816521,42823,28215,5,0
2023-01-09 04:03:32.023126,1432,338,969,1944,1110,0,0,0,1716229,2444,737872,1736,S,25318,0,12,0,298,37,0,0,17,3344470016,42822,0,816521,42828,28214,5,0
2023-01-09 04:03:32.278790,1459,338,973,1945,1110,0,0,0,1717750,2462,741248,1753,S,25336,0,12,0,307,38,0,0,17,3344470016,42822,0,816521,42818,28214,5,0
2023-01-09 04:03:32.511858,1481,339,975,1947,1110,0,0,0,1719612,2484,744497,1779,S,25355,0,12,0,311,38,0,0,17,3344470016,42818,0,816521,42815,28214,5,0
2023-01-09 04:03:32.787554,1505,339,980,1954,1110,0,0,0,1722120,2515,749152,1809,S,25405,0,12,0,317,39,0,0,17,3344470016,41469,0,816521,41469,28214,5,0
2023-01-09 04:03:33.055022,1543,339,986,1960,1110,0,0,0,1724628,2546,753897,1840,S,25545,0,12,0,340,40,0,0,17,3344470016,41462,1,816521,41461,28214,5,0
2023-01-09 04:03:33.315425,1573,341,990,1962,1110,0,0,0,1727278,2578,758600,1870,R,25575,0,12,0,357,41,0,0,17,3344470016,41459,0,816521,41459,28214,5,0
2023-01-09 04:03:33.560479,1591,342,993,1963,1110,0,0,0,1729272,2602,763189,1899,S,25583,0,12,0,360,41,0,0,17,3344470016,41459,1,816521,41386,28214,5,0
2023-01-09 04:03:33.840008,1621,344,998,1967,1111,0,0,0,1731582,2630,767841,1929,R,25653,0,12,0,376,42,0,0,17,3344470016,41374,1,816521,41358,28214,5,0
2023-01-09 04:03:34.084737,1640,345,1001,1974,1111,0,0,0,1733694,2655,772608,1960,R,25673,0,12,0,379,43,0,0,17,3344470016,41349,0,816521,41349,28214,5,0
2023-01-09 04:03:34.355104,1669,353,1008,1983,1111,0,0,0,1736476,2689,777559,1993,S,25810,0,12,0,383,43,0,0,17,3344470016,41351,1,816521,41351,28214,5,0
2023-01-09 04:03:34.621533,1694,353,1012,1984,1111,0,0,0,1738626,2715,782197,2022,S,25811,0,12,0,384,43,0,0,17,3344470016,41351,0,816521,41367,28230,5,0
2023-01-09 04:03:34.871421,1718,353,1016,1991,1111,0,0,0,1741092,2745,787033,2054,S,25917,0,12,0,387,43,0,0,17,3344470016,41367,1,816521,41367,28230,5,0
2023-01-09 04:03:35.141733,1752,354,1020,1994,1111,0,0,0,1743652,2776,791780,2085,S,25985,0,12,0,394,44,0,0,17,3344470016,41367,1,816521,41320,28230,5,0
2023-01-09 04:03:35.401917,1785,354,1023,1994,1111,0,0,0,1745716,2801,797426,2115,S,26069,0,12,0,403,45,0,0,17,3344470016,41320,1,816521,41320,28230,5,0
2023-01-09 04:03:35.674109,1802,355,1027,1998,1111,0,0,0,1747866,2827,802218,2146,R,26145,0,12,0,406,45,0,0,17,3344470016,41321,1,816521,41322,28230,5,0
2023-01-09 04:03:35.939834,1830,355,1031,2005,1111,0,0,0,1750672,2861,807122,2179,S,26188,0,12,0,426,47,0,0,17,3344470016,41322,0,816521,41384,28249,5,0
2023-01-09 04:03:36.200305,1864,355,1034,2008,1111,0,0,0,1752576,2884,811403,2204,S,26429,0,12,0,450,48,0,0,17,3344470016,41385,0,816521,41385,28249,5,0
2023-01-09 04:03:36.465300,1890,355,1038,2011,1111,0,0,0,1754442,2906,815750,2230,S,26447,0,12,0,461,48,0,0,17,3344470016,41385,0,816521,41398,28249,5,0
2023-01-09 04:03:36.720780,1919,356,1043,2013,1111,0,0,0,1757172,2940,820547,2261,S,26649,0,12,0,472,50,0,0,17,3344470016,41432,1,816521,41455,28281,5,0
2023-01-09 04:03:37.003347,1965,357,1049,2019,1111,0,0,0,1760752,2985,827225,2301,S,26845,0,12,0,491,52,0,0,17,3344470016,41455,1,816521,41476,28297,5,0
2023-01-09 04:03:37.244489,1995,358,1054,2020,1111,0,0,0,1763785,3022,832854,2340,S,27201,0,12,0,512,54,0,0,17,3344470016,41476,1,816521,41478,28297,5,0
2023-01-09 04:03:37.498193,2013,358,1056,2022,1111,0,0,0,1764880,3035,834733,2353,R,27201,0,12,0,512,54,0,0,17,3344470016,41476,0,816521,41478,28297,5,0
