#com.ttxapps.wifiadb
#./workspace/com.ttxapps.wifiadb_0/com.ttxapps.wifiadb137b48b1c2208d09d7678781c3ddb3ebbe394727.apk
#time,user_cpu,nice_cpu,system_cpu,idle_cpu,iowait_cpu,irq_cpu,softirq_cpu,steal_cpu,receive_byte,receive_packet,transmit_byte,transmit_packet,state,minflt,cminflt,majflt,cmahflat,utime,stime,cutime,cstime,numthread,vss,rss,processor,rmsize,vmsize,shared,text,data
2023-01-07 20:34:12.209849,959,291,887,1655,1093,0,0,0,784821,956,614616,747,S,11794,1861,8,0,32,5,0,0,17,3327639552,39069,1,812412,39069,27204,5,0
2023-01-07 20:34:12.491584,971,293,891,1655,1093,0,0,0,787935,994,622155,792,S,11794,1861,8,0,32,5,0,0,17,3327639552,39069,1,812412,39069,27204,5,0
2023-01-07 20:34:12.747693,978,294,895,1655,1096,0,0,0,790269,1022,627291,823,S,11799,1861,8,0,32,5,0,0,17,3327639552,39069,1,813860,40535,28691,5,0
2023-01-07 20:34:13.022342,984,298,899,1655,1097,0,0,0,792801,1053,632723,857,S,14266,1861,8,0,37,6,0,0,17,3333570560,40535,1,813860,40535,28691,5,0
2023-01-07 20:34:13.254683,987,305,903,1656,1097,0,0,0,795201,1082,638813,892,S,14266,1861,8,0,38,6,0,0,17,3333570560,40535,1,813860,40535,28691,5,0
2023-01-07 20:34:13.535309,995,312,909,1663,1098,0,0,0,798087,1118,643980,928,S,14289,1861,8,0,39,6,0,0,17,3333570560,40535,1,813860,40535,28691,5,0
2023-01-07 20:34:13.809991,1007,313,911,1683,1098,0,0,0,800619,1149,648906,961,S,14293,1861,8,0,40,6,0,0,17,3333570560,40535,1,813860,40535,28691,5,0
2023-01-07 20:34:14.065256,1011,313,914,1720,1098,0,0,0,803373,1183,653876,994,S,14293,1861,8,0,41,6,0,0,17,3333570560,40535,1,813860,40535,28691,5,0
2023-01-07 20:34:14.328933,1017,314,916,1758,1099,0,0,0,805905,1214,659860,1027,S,14296,1861,8,0,42,6,0,0,17,3333570560,40535,0,813956,40602,28755,5,0
2023-01-07 20:34:14.579142,1021,314,917,1790,1099,0,0,0,808461,1245,664897,1061,S,14492,1861,8,0,43,6,0,0,17,3333963776,40602,0,813957,40014,28871,5,0
2023-01-07 20:34:14.833793,1030,315,920,1824,1101,0,0,0,810861,1274,669623,1091,S,14562,1861,9,0,45,6,0,0,17,3333967872,40014,0,814505,40027,28871,5,0
2023-01-07 20:34:15.089117,1039,315,928,1844,1103,0,0,0,813615,1308,674553,1123,S,14647,3102,9,0,46,6,1,1,19,3336212480,40034,0,814505,40034,28871,5,0
2023-01-07 20:34:15.349638,1044,315,933,1881,1104,0,0,0,816435,1343,679483,1155,S,14647,3102,9,0,46,6,1,1,19,3336212480,40034,0,814505,40034,28871,5,0
2023-01-07 20:34:15.615164,1046,315,935,1930,1104,0,0,0,819519,1382,684365,1187,S,14647,3102,9,0,46,6,1,1,19,3336212480,40034,0,814537,40034,28871,5,0
2023-01-07 20:34:15.875508,1047,315,937,1975,1104,0,0,0,822405,1418,689361,1220,S,14660,3102,9,0,46,6,1,1,19,3336343552,40034,0,814537,40034,28871,5,0
2023-01-07 20:34:16.120579,1048,315,939,2015,1104,0,0,0,825489,1457,694623,1257,S,14684,3102,9,0,46,6,1,1,20,3337596928,40017,0,814843,40017,28871,5,0
2023-01-07 20:34:16.391421,1049,315,940,2067,1104,0,0,0,828375,1493,700922,1294,S,14684,3102,9,0,46,6,1,1,20,3337596928,40017,0,814843,40017,28871,5,0
2023-01-07 20:34:16.647009,1051,316,943,2107,1107,0,0,0,831195,1528,706118,1330,S,14684,3102,9,0,46,6,1,1,20,3337596928,40017,0,814843,40017,28871,5,0
2023-01-07 20:34:16.912558,1053,316,945,2154,1107,0,0,0,834015,1563,711158,1364,S,14684,3102,9,0,46,6,1,1,20,3337596928,40017,0,814843,40017,28871,5,0
2023-01-07 20:34:17.168010,1056,316,948,2194,1107,0,0,0,836505,1593,716090,1396,S,14684,3102,9,0,46,6,1,1,20,3337596928,40017,0,814843,40017,28871,5,0
2023-01-07 20:34:17.423364,1057,317,950,2242,1107,0,0,0,838881,1622,720728,1425,S,14684,3102,9,0,46,6,1,1,20,3337596928,40017,0,814843,40017,28871,5,0
2023-01-07 20:34:17.694402,1058,317,952,2290,1108,0,0,0,841503,1654,725745,1459,S,14684,3102,9,0,46,6,1,1,20,3337596928,40017,0,814843,40017,28871,5,0
2023-01-07 20:34:17.954306,1060,318,955,2336,1109,0,0,0,844455,1691,730876,1494,S,14684,3102,9,0,46,6,1,1,20,3337596928,40017,0,814843,40017,28871,5,0
2023-01-07 20:34:18.209609,1061,319,957,2376,1110,0,0,0,847473,1729,735941,1528,S,14684,3102,9,0,46,6,1,1,20,3337596928,40017,0,814843,40017,28871,5,0
2023-01-07 20:34:18.475293,1062,319,958,2426,1111,0,0,0,850161,1762,741114,1564,S,14684,3102,9,0,46,6,1,1,20,3337596928,40017,0,814843,40017,28871,5,0
2023-01-07 20:34:18.730372,1063,319,960,2468,1112,0,0,0,852849,1795,746023,1596,S,14684,3102,9,0,46,6,1,1,20,3337596928,40017,0,814843,40017,28871,5,0
2023-01-07 20:34:18.996012,1064,319,963,2516,1113,0,0,0,855669,1830,751088,1630,S,14684,3102,9,0,46,6,1,1,20,3337596928,40017,0,814577,41068,29786,5,0
2023-01-07 20:34:19.251330,1065,319,964,2558,1113,0,0,0,858687,1868,756021,1662,S,14938,3102,9,0,47,6,1,1,19,3336507392,41068,0,814577,41068,29786,5,0
2023-01-07 20:34:19.506766,1066,319,965,2608,1113,0,0,0,861705,1906,761020,1695,S,14938,3102,9,0,47,6,1,1,19,3336507392,41068,0,814577,41068,29786,5,0
2023-01-07 20:34:19.772410,1066,319,967,2656,1113,0,0,0,864501,1941,765773,1725,S,14938,3102,9,0,47,6,1,1,19,3336507392,41068,0,814577,41068,29786,5,0
2023-01-07 20:34:20.028118,1067,319,968,2702,1113,0,0,0,867609,1980,770891,1759,S,14938,3102,9,0,47,6,1,1,19,3336507392,41068,0,814577,41068,29786,5,0
2023-01-07 20:34:20.298864,1069,319,972,2740,1115,0,0,0,870693,2019,777168,1796,S,15396,3102,24,0,48,7,1,1,19,3357151232,42402,0,825109,44752,30409,5,0
2023-01-07 20:34:20.564327,1075,320,979,2761,1120,0,0,0,873003,2047,781940,1827,S,18369,3102,35,0,55,9,1,1,19,3359576064,44703,0,820209,44703,30153,5,0
2023-01-07 20:34:20.824748,1081,320,984,2784,1123,0,0,0,875403,2076,786892,1860,S,18369,3102,35,0,55,9,1,1,19,3359576064,44703,0,820209,44703,30153,5,0
2023-01-07 20:34:21.087964,1088,320,995,2807,1128,0,0,0,878223,2111,795636,1898,S,18369,3102,35,0,55,9,1,1,19,3359576064,44703,0,820209,44703,30153,5,0
2023-01-07 20:34:21.348430,1089,320,996,2854,1128,0,0,0,880911,2144,800702,1932,S,18369,3102,35,0,55,9,1,1,19,3359576064,44703,0,820209,44703,30153,5,0
2023-01-07 20:34:21.613872,1090,320,998,2901,1128,0,0,0,883665,2178,806032,1970,S,18369,3102,35,0,55,9,1,1,19,3359576064,44703,0,820209,44703,30153,5,0
2023-01-07 20:34:21.869224,1091,321,999,2952,1128,0,0,0,886419,2212,811230,2006,S,18369,3102,35,0,55,9,1,1,19,3359576064,44703,0,820209,44703,30153,5,0
2023-01-07 20:34:22.129504,1092,321,1001,3000,1128,0,0,0,889239,2247,816231,2039,S,18369,3102,35,0,55,9,1,1,19,3359576064,44703,0,820209,44703,30153,5,0
2023-01-07 20:34:22.384870,1092,321,1002,3048,1129,0,0,0,891795,2278,821364,2074,S,18369,3102,35,0,55,9,1,1,19,3359576064,44703,0,820209,44703,30153,5,0
2023-01-07 20:34:22.640065,1093,321,1003,3096,1129,0,0,0,894591,2313,826317,2107,S,18369,3102,35,0,55,9,1,1,19,3359576064,44703,0,820209,44703,30153,5,0
2023-01-07 20:34:22.900591,1093,321,1005,3143,1129,0,0,0,897543,2350,831318,2140,S,18369,3102,35,0,55,9,1,1,19,3359576064,44703,0,820209,44703,30153,5,0
2023-01-07 20:34:23.166061,1093,321,1006,3191,1129,0,0,0,900561,2388,836253,2172,S,18369,3102,35,0,55,9,1,1,19,3359576064,44703,0,820209,44703,30153,5,0
2023-01-07 20:34:23.431650,1094,321,1008,3244,1129,0,0,0,903315,2422,841188,2204,S,18369,3102,35,0,55,9,1,1,19,3359576064,44703,0,820209,44703,30153,5,0
2023-01-07 20:34:23.681918,1094,321,1008,3288,1129,0,0,0,906267,2459,846189,2237,S,18369,3102,35,0,55,9,1,1,19,3359576064,44703,0,820209,44703,30153,5,0
2023-01-07 20:34:23.952739,1094,321,1010,3340,1129,0,0,0,908889,2491,851190,2270,S,18369,3102,35,0,55,9,1,1,19,3359576064,44703,0,820209,44703,30153,5,0
2023-01-07 20:34:24.208069,1095,321,1011,3384,1129,0,0,0,911709,2526,856389,2306,S,18369,3102,35,0,55,9,1,1,19,3359576064,44703,0,820209,44703,30153,5,0
2023-01-07 20:34:24.463348,1096,321,1012,3434,1129,0,0,0,914661,2563,861498,2341,S,18369,3102,35,0,55,9,1,1,19,3359576064,44703,0,820209,44703,30153,5,0
2023-01-07 20:34:24.723758,1096,321,1013,3480,1129,0,0,0,917283,2595,866565,2375,S,18369,3102,35,0,55,9,1,1,19,3359576064,44703,0,820209,44703,30153,5,0
2023-01-07 20:34:24.994372,1096,321,1015,3535,1129,0,0,0,920679,2638,872018,2413,S,18369,3102,35,0,55,9,1,1,19,3359576064,44703,0,820209,44703,30153,5,0
2023-01-07 20:34:25.239462,1097,321,1017,3573,1131,0,0,0,923763,2677,877169,2449,S,18369,3102,35,0,55,9,1,1,19,3359576064,44703,0,820209,44703,30153,5,0
2023-01-07 20:34:25.515445,1098,321,1019,3622,1132,0,0,0,926385,2709,882188,2483,S,18369,3102,35,0,55,9,1,1,19,3359576064,44703,0,820209,44703,30153,5,0
2023-01-07 20:34:25.775853,1099,321,1020,3671,1132,0,0,0,929271,2745,887231,2517,S,18369,3102,35,0,55,9,1,1,19,3359576064,44703,0,820209,44703,30153,5,0
2023-01-07 20:34:26.031321,1099,321,1022,3721,1132,0,0,0,931869,2777,892226,2551,S,18369,3102,35,0,55,9,1,1,19,3359576064,44703,0,820209,44703,30153,5,0
2023-01-07 20:34:26.296870,1099,321,1023,3772,1132,0,0,0,934689,2812,897491,2588,S,18369,3102,35,0,55,9,1,1,19,3359576064,44703,0,820209,44703,30153,5,0
2023-01-07 20:34:26.552067,1099,321,1025,3817,1132,0,0,0,937311,2844,902822,2626,S,18369,3102,35,0,55,9,1,1,19,3359576064,44703,0,820209,44703,30153,5,0
2023-01-07 20:34:26.817808,1100,321,1026,3870,1132,0,0,0,940329,2882,907865,2660,S,18369,3102,35,0,55,9,1,1,19,3359576064,44703,0,820209,44703,30153,5,0
2023-01-07 20:34:27.073127,1101,321,1027,3913,1132,0,0,0,942795,2912,912884,2694,S,18369,3102,35,0,55,9,1,1,19,3359576064,44703,0,820209,44703,30153,5,0
2023-01-07 20:34:27.338615,1102,321,1029,3969,1132,0,0,0,945681,2948,918149,2731,S,18369,3102,35,0,55,9,1,1,19,3359576064,44703,0,820209,44703,30153,5,0
2023-01-07 20:34:27.598974,1103,321,1030,4014,1132,0,0,0,948633,2985,923480,2769,S,18369,3102,35,0,55,9,1,1,19,3359576064,44703,0,820209,44703,30153,5,0
2023-01-07 20:34:27.859399,1104,321,1032,4062,1132,0,0,0,951519,3021,928745,2806,S,18369,3102,35,0,55,9,1,1,19,3359576064,44703,0,820209,44703,30153,5,0
2023-01-07 20:34:28.120105,1105,321,1034,4111,1132,0,0,0,954405,3057,934010,2843,S,18369,3102,35,0,55,9,1,1,19,3359576064,44703,0,820209,44703,30153,5,0
2023-01-07 20:34:28.382090,1106,321,1036,4157,1132,0,0,0,957291,3093,940486,2883,S,18369,3102,35,0,55,9,1,1,19,3359576064,44703,0,820209,44703,30153,5,0
2023-01-07 20:34:28.642552,1107,321,1039,4205,1132,0,0,0,959979,3126,945661,2919,S,18369,3102,35,0,55,9,1,1,19,3359576064,44703,0,820209,44703,30153,5,0
2023-01-07 20:34:28.902891,1108,321,1040,4252,1132,0,0,0,962799,3161,950902,2956,S,18369,3102,35,0,55,9,1,1,19,3359576064,44703,0,820209,44703,30153,5,0
2023-01-07 20:34:29.168348,1108,321,1041,4301,1132,0,0,0,965883,3200,956035,2991,S,18369,3102,35,0,55,9,1,1,19,3359576064,44703,0,820209,44703,30153,5,0
2023-01-07 20:34:29.428803,1108,321,1042,4350,1132,0,0,0,969033,3240,961036,3024,S,18369,3102,35,0,55,9,1,1,19,3359576064,44703,0,820209,44703,30153,5,0
2023-01-07 20:34:29.689114,1109,321,1043,4401,1132,0,0,0,972183,3280,965971,3056,S,18369,3102,35,0,55,9,1,1,19,3359576064,44703,0,820209,44703,30153,5,0
2023-01-07 20:34:29.949584,1109,321,1044,4448,1132,0,0,0,975135,3317,970906,3088,S,18369,3102,35,0,55,9,1,1,19,3359576064,44703,0,820209,44703,30153,5,0
2023-01-07 20:34:30.215243,1113,321,1048,4485,1134,0,0,0,978399,3358,976211,3124,S,18369,3102,35,0,55,9,1,1,19,3359576064,44703,0,820209,44703,30153,5,0
2023-01-07 20:34:30.475595,1118,321,1053,4508,1134,0,0,0,981777,3400,990898,3168,S,18369,3102,35,0,55,9,1,1,19,3359576064,44703,0,820209,44703,30153,5,0
2023-01-07 20:34:30.735814,1119,321,1056,4552,1135,0,0,0,984663,3436,996073,3204,S,18369,3102,35,0,55,9,1,1,19,3359576064,44703,0,820209,44703,30153,5,0
2023-01-07 20:34:30.996319,1120,321,1057,4598,1135,0,0,0,987153,3466,1001140,3238,S,18369,3102,35,0,55,9,1,1,19,3359576064,44703,0,820209,44703,30153,5,0
2023-01-07 20:34:31.261944,1121,325,1060,4635,1135,0,0,0,989643,3496,1006117,3271,S,18369,3102,35,0,55,9,1,1,19,3359576064,44703,0,820209,44703,30153,5,0
2023-01-07 20:34:31.512174,1122,326,1062,4680,1136,0,0,0,992529,3532,1011250,3306,S,18369,3102,35,0,55,9,1,1,19,3359576064,44703,0,820209,44703,30153,5,0
2023-01-07 20:34:31.772621,1122,326,1063,4727,1136,0,0,0,995217,3565,1016383,3341,S,18369,3102,35,0,55,9,1,1,19,3359576064,44703,0,820209,44703,30153,5,0
2023-01-07 20:34:32.022911,1123,326,1064,4773,1136,0,0,0,998169,3602,1021426,3375,S,18369,3102,35,0,55,9,1,1,19,3359576064,44703,0,820209,44703,30153,5,0
2023-01-07 20:34:32.298842,1123,326,1066,4829,1136,0,0,0,1000989,3637,1026493,3409,S,18369,3102,35,0,55,9,1,1,19,3359576064,44703,0,820209,44703,30153,5,0
2023-01-07 20:34:32.549097,1123,326,1067,4872,1136,0,0,0,1003941,3674,1031560,3443,S,18369,3102,35,0,55,9,1,1,19,3359576064,44703,0,820209,44703,30153,5,0
2023-01-07 20:34:32.809583,1124,326,1068,4917,1138,0,0,0,1006563,3706,1036759,3479,S,18369,3102,35,0,55,9,1,1,19,3359576064,44703,0,820209,44703,30153,5,0
2023-01-07 20:34:33.070029,1125,326,1070,4964,1139,0,0,0,1009383,3741,1041934,3515,S,18369,3102,35,0,55,9,1,1,19,3359576064,44703,0,820209,44703,30153,5,0
2023-01-07 20:34:33.336295,1126,326,1072,5016,1140,0,0,0,1012203,3776,1047415,3555,S,18369,3102,35,0,55,9,1,1,19,3359576064,44703,0,820209,44703,30153,5,0
2023-01-07 20:34:33.591062,1127,326,1073,5062,1140,0,0,0,1015089,3812,1052830,3594,S,18369,3102,35,0,55,9,1,1,19,3359576064,44703,0,820209,44703,30153,5,0
2023-01-07 20:34:33.861655,1128,326,1075,5113,1140,0,0,0,1018107,3850,1058555,3632,S,18369,3102,35,0,55,9,1,1,19,3359576064,44703,0,820209,44703,30153,5,0
2023-01-07 20:34:34.137290,1130,327,1078,5161,1140,0,0,0,1020861,3884,1064654,3674,S,18369,3102,35,0,55,9,1,1,19,3359576064,44703,0,820209,44703,30153,5,0
2023-01-07 20:34:34.387430,1131,327,1080,5205,1140,0,0,0,1023483,3916,1070419,3715,S,18369,3102,35,0,55,9,1,1,19,3359576064,44703,0,820209,44703,30153,5,0
2023-01-07 20:34:34.653064,1132,327,1082,5257,1140,0,0,0,1026369,3952,1076992,3755,S,18369,3102,35,0,55,9,1,1,19,3359576064,44703,0,820209,44703,30153,5,0
2023-01-07 20:34:34.908383,1133,327,1083,5305,1140,0,0,0,1028991,3984,1082167,3791,S,18369,3102,35,0,55,9,1,1,19,3359576064,44703,0,820209,44703,30153,5,0
2023-01-07 20:34:35.178903,1142,327,1087,5339,1140,0,0,0,1031679,4017,1087319,3827,S,18600,6013,35,2,55,10,2,3,20,3360714752,41706,0,820487,41706,30229,5,0
2023-01-07 20:34:35.435519,1158,327,1096,5346,1144,0,0,0,1034301,4049,1093730,3866,S,18600,6013,35,2,55,10,2,3,20,3360714752,41706,0,820487,41706,30229,5,0
2023-01-07 20:34:35.696880,1182,327,1100,5360,1144,0,0,0,1037031,4083,1098594,3898,S,18600,6013,35,2,55,10,2,3,20,3360714752,41706,0,820487,41706,30229,5,0
2023-01-07 20:34:35.946708,1207,327,1104,5371,1144,0,0,0,1039143,4108,1103302,3928,S,18600,6013,35,2,55,10,2,3,20,3360714752,41706,0,820487,41706,30229,5,0
2023-01-07 20:34:36.211823,1219,327,1106,5397,1144,0,0,0,1041831,4141,1108346,3962,S,18600,6013,35,2,55,10,2,3,20,3360714752,41706,0,820487,41706,30229,5,0
2023-01-07 20:34:36.478005,1221,328,1108,5443,1145,0,0,0,1044651,4176,1113654,4000,S,18600,6013,35,2,55,10,2,3,20,3360714752,41706,0,820487,41706,30229,5,0
2023-01-07 20:34:36.732850,1222,328,1109,5490,1145,0,0,0,1047471,4211,1118764,4035,S,18600,6013,35,2,55,10,2,3,20,3360714752,41706,0,820487,41706,30229,5,0
2023-01-07 20:34:36.993101,1223,328,1111,5537,1145,0,0,0,1050225,4245,1123898,4070,S,18600,6013,35,2,55,10,2,3,20,3360714752,41706,0,820487,41706,30229,5,0
2023-01-07 20:34:37.258893,1224,328,1112,5584,1145,0,0,0,1052979,4279,1129230,4108,S,18600,6013,35,2,55,10,2,3,20,3360714752,41706,0,820487,41706,30229,5,0
2023-01-07 20:34:37.524486,1242,328,1115,5612,1145,0,0,0,1055535,4310,1135467,4144,S,18600,6013,35,2,55,10,2,3,20,3360714752,41706,0,820487,41706,30229,5,0
2023-01-07 20:34:37.804039,1268,328,1119,5631,1145,0,0,0,1058001,4340,1140355,4176,S,18600,6013,35,2,55,10,2,3,20,3360714752,41706,0,820487,41706,30229,5,0
2023-01-07 20:34:38.054042,1276,328,1121,5661,1145,0,0,0,1060491,4370,1145465,4211,S,18600,6013,35,2,55,10,2,3,20,3360714752,41706,0,820487,41706,30229,5,0
2023-01-07 20:34:38.319396,1277,328,1123,5710,1145,0,0,0,1063047,4401,1150731,4248,S,18600,6013,35,2,55,10,2,3,20,3360714752,41706,0,820487,41706,30229,5,0
2023-01-07 20:34:38.574745,1278,328,1125,5755,1145,0,0,0,1065999,4438,1155775,4282,S,18600,6013,35,2,55,10,2,3,20,3360714752,41706,0,820487,41706,30229,5,0
2023-01-07 20:34:38.835165,1278,328,1126,5804,1145,0,0,0,1068993,4476,1160573,4313,S,18600,6013,35,2,55,10,2,3,20,3360714752,41706,0,820487,41706,30229,5,0
2023-01-07 20:34:39.095485,1279,328,1128,5852,1145,0,0,0,1071945,4513,1165569,4347,S,18600,6013,35,2,55,10,2,3,20,3360714752,41706,0,820487,41706,30229,5,0
2023-01-07 20:34:39.353046,1279,328,1129,5897,1145,0,0,0,1074891,4550,1170637,4381,S,18600,6013,35,2,55,10,2,3,20,3360714752,41706,0,820487,41706,30229,5,0
2023-01-07 20:34:39.608525,1280,328,1130,5950,1145,0,0,0,1077711,4585,1175789,4417,S,18600,6013,35,2,55,10,2,3,20,3360714752,41706,0,820487,41706,30229,5,0
2023-01-07 20:34:39.873946,1281,328,1131,5992,1148,0,0,0,1080531,4620,1180743,4450,S,18600,6013,35,2,55,10,2,3,20,3360714752,41706,0,820487,41706,30229,5,0
2023-01-07 20:34:40.135547,1282,328,1133,6042,1148,0,0,0,1083705,4660,1185996,4486,S,18600,6013,35,2,55,10,2,3,20,3360714752,41706,0,820487,41706,30229,5,0
2023-01-07 20:34:40.389847,1284,328,1134,6086,1148,0,0,0,1086459,4694,1191082,4521,S,18600,6013,35,2,55,10,2,3,20,3360714752,41706,0,820487,41706,30229,5,0
2023-01-07 20:34:40.660430,1285,328,1136,6142,1148,0,0,0,1089345,4730,1196192,4556,S,18600,6013,35,2,55,10,2,3,20,3360714752,41706,0,820487,41706,30229,5,0
2023-01-07 20:34:40.915726,1286,328,1137,6187,1148,0,0,0,1091967,4762,1201368,4592,S,18600,6013,35,2,55,10,2,3,20,3360714752,41706,0,820487,41706,30229,5,0
2023-01-07 20:34:41.181265,1287,328,1138,6239,1148,0,0,0,1094853,4798,1206412,4626,S,18600,6013,35,2,55,10,2,3,20,3360714752,41706,0,820487,41706,30229,5,0
2023-01-07 20:34:41.441810,1288,328,1140,6282,1148,0,0,0,1097535,4831,1211456,4660,S,18600,6013,35,2,55,10,2,3,20,3360714752,41706,0,820487,41706,30229,5,0
2023-01-07 20:34:41.692162,1289,328,1142,6329,1148,0,0,0,1100289,4865,1217603,4695,S,18600,6013,35,2,55,10,2,3,20,3360714752,41706,0,820487,41706,30229,5,0
2023-01-07 20:34:41.957740,1291,328,1144,6377,1148,0,0,0,1103241,4902,1222605,4728,S,18600,6013,35,2,55,10,2,3,20,3360714752,41706,0,820487,41706,30229,5,0
2023-01-07 20:34:42.213002,1292,328,1146,6427,1148,0,0,0,1105995,4936,1227805,4764,S,18600,6013,35,2,55,10,2,3,20,3360714752,41706,0,820487,41706,30229,5,0
2023-01-07 20:34:42.483595,1293,328,1148,6475,1148,0,0,0,1108815,4971,1232741,4796,S,18600,6013,35,2,55,10,2,3,20,3360714752,41706,0,820487,41706,30229,5,0
2023-01-07 20:34:42.733756,1294,328,1149,6520,1148,0,0,0,1111965,5011,1237941,4832,S,18600,6013,35,2,55,10,2,3,20,3360714752,41706,0,820487,41706,30229,5,0
2023-01-07 20:34:42.994421,1295,328,1150,6574,1149,0,0,0,1114653,5044,1242961,4866,S,18600,6013,35,2,55,10,2,3,20,3360714752,41706,0,820487,41706,30229,5,0
2023-01-07 20:34:43.254596,1296,328,1151,6620,1149,0,0,0,1117251,5076,1248047,4901,S,18600,6013,35,2,55,10,2,3,20,3360714752,41706,0,820487,41706,30229,5,0
2023-01-07 20:34:43.515009,1297,329,1153,6668,1149,0,0,0,1119783,5107,1252935,4933,S,18600,6013,35,2,55,10,2,3,20,3360714752,41706,0,820487,41706,30229,5,0
2023-01-07 20:34:43.775449,1298,329,1155,6712,1149,0,0,0,1122603,5142,1258003,4967,S,18600,6013,35,2,55,10,2,3,20,3360714752,41706,0,820487,41706,30229,5,0
2023-01-07 20:34:44.035854,1300,329,1156,6764,1149,0,0,0,1125489,5178,1262939,4999,S,18600,6013,35,2,55,10,2,3,20,3360714752,41706,0,820487,41706,30229,5,0
2023-01-07 20:34:44.296290,1301,329,1157,6811,1149,0,0,0,1128309,5213,1267941,5032,S,18600,6013,35,2,55,10,2,3,20,3360714752,41706,0,820487,41706,30229,5,0
2023-01-07 20:34:44.556611,1302,329,1158,6863,1149,0,0,0,1131129,5248,1272943,5065,S,18600,6013,35,2,55,10,2,3,20,3360714752,41706,0,820487,41706,30229,5,0
2023-01-07 20:34:44.817071,1303,329,1160,6907,1149,0,0,0,1133883,5282,1277946,5098,S,18600,6013,35,2,55,10,2,3,20,3360714752,41706,0,820487,41706,30229,5,0
2023-01-07 20:34:45.077650,1305,329,1161,6954,1149,0,0,0,1136637,5316,1283015,5132,S,18600,6013,35,2,55,10,2,3,20,3360714752,41706,0,820487,41706,30229,5,0
2023-01-07 20:34:45.338417,1306,329,1163,7002,1149,0,0,0,1139283,5348,1288335,5169,S,18600,6013,35,2,55,10,2,3,20,3360714752,41706,0,820487,41706,30229,5,0
2023-01-07 20:34:45.598918,1307,329,1164,7054,1149,0,0,0,1142235,5385,1293398,5204,S,18600,6013,35,2,55,10,2,3,20,3360714752,41706,0,820487,41706,30229,5,0
2023-01-07 20:34:45.859225,1307,329,1165,7101,1149,0,0,0,1145253,5423,1298444,5238,S,18600,6013,35,2,55,10,2,3,20,3360714752,41706,0,820487,41706,30229,5,0
2023-01-07 20:34:46.114549,1308,329,1167,7151,1149,0,0,0,1148073,5458,1303448,5271,S,18600,6013,35,2,55,10,2,3,20,3360714752,41706,0,820487,41706,30229,5,0
2023-01-07 20:34:46.380032,1310,329,1169,7199,1149,0,0,0,1151025,5495,1308716,5308,S,18600,6013,35,2,55,10,2,3,20,3360714752,41706,0,820487,41706,30229,5,0
2023-01-07 20:34:46.645572,1311,329,1170,7248,1149,0,0,0,1154109,5534,1313630,5340,S,18600,6013,35,2,55,10,2,3,20,3360714752,41706,0,820487,41706,30229,5,0
2023-01-07 20:34:46.905948,1312,329,1172,7298,1150,0,0,0,1157127,5572,1318700,5374,S,18600,6013,35,2,55,10,2,3,20,3360714752,41706,0,820487,41706,30229,5,0
2023-01-07 20:34:47.161357,1313,329,1174,7343,1150,0,0,0,1160013,5608,1323704,5407,S,18600,6013,35,2,55,10,2,3,20,3360714752,41706,0,820487,41706,30229,5,0
2023-01-07 20:34:47.426949,1314,329,1175,7392,1150,0,0,0,1162767,5642,1328708,5440,S,18600,6013,35,2,55,10,2,3,20,3360714752,41706,0,820487,41706,30229,5,0
2023-01-07 20:34:47.677234,1315,329,1177,7440,1150,0,0,0,1165653,5678,1333712,5473,S,18600,6013,35,2,55,10,2,3,20,3360714752,41706,0,820487,41706,30229,5,0
2023-01-07 20:34:47.947986,1316,329,1179,7490,1150,0,0,0,1168803,5718,1338716,5506,S,18600,6013,35,2,55,10,2,3,20,3360714752,41706,0,820487,41706,30229,5,0
2023-01-07 20:34:48.208462,1318,329,1180,7539,1150,0,0,0,1171359,5749,1343918,5542,S,18600,6013,35,2,55,10,2,3,20,3360714752,41706,0,820487,41706,30229,5,0
2023-01-07 20:34:48.463801,1319,329,1181,7589,1150,0,0,0,1174179,5784,1349186,5579,S,18600,6013,35,2,55,10,2,3,20,3360714752,41706,0,820487,41706,30229,5,0
2023-01-07 20:34:48.729222,1320,329,1183,7635,1150,0,0,0,1176999,5819,1354524,5617,S,18600,6013,35,2,55,10,2,3,20,3360714752,41706,0,820487,41706,30229,5,0
2023-01-07 20:34:48.984774,1321,329,1185,7685,1150,0,0,0,1179663,5852,1359414,5649,S,18600,6013,35,2,55,10,2,3,20,3360714752,41706,0,820487,41706,30229,5,0
2023-01-07 20:34:49.255406,1322,329,1187,7729,1156,0,0,0,1182219,5883,1364418,5682,S,18600,6013,35,2,55,10,2,3,20,3360714752,41706,0,820487,41706,30229,5,0
2023-01-07 20:34:49.505592,1322,329,1188,7772,1156,0,0,0,1184973,5917,1370567,5717,S,18600,6013,35,2,55,10,2,3,20,3360714752,41706,0,820487,41706,30229,5,0
2023-01-07 20:34:49.777004,1322,329,1190,7826,1156,0,0,0,1187595,5949,1375457,5749,S,18600,6013,35,2,55,10,2,3,20,3360714752,41706,0,820487,41706,30229,5,0
2023-01-07 20:34:50.037414,1322,329,1191,7876,1156,0,0,0,1190481,5985,1380395,5781,S,18600,6013,35,2,55,10,2,3,20,3360714752,41706,0,820487,41706,30229,5,0
2023-01-07 20:34:50.289659,1324,329,1192,7915,1156,0,0,0,1193655,6025,1385720,5818,S,18600,6013,35,2,55,10,2,3,20,3360714752,41706,0,820487,41706,30229,5,0
2023-01-07 20:34:50.550147,1325,329,1194,7962,1156,0,0,0,1196343,6058,1390832,5853,S,18600,6013,35,2,55,10,2,3,20,3360714752,41706,0,820487,41706,30229,5,0
2023-01-07 20:34:50.800444,1327,329,1196,8008,1156,0,0,0,1198833,6088,1395854,5887,S,18600,6013,35,2,55,10,2,3,20,3360714752,41706,0,820487,41706,30229,5,0
2023-01-07 20:34:51.066083,1328,329,1197,8057,1156,0,0,0,1201323,6118,1400834,5920,S,18600,6013,35,2,55,10,2,3,20,3360714752,41706,0,820487,41706,30229,5,0
2023-01-07 20:34:51.336797,1329,329,1199,8112,1156,0,0,0,1204143,6153,1405904,5954,S,18600,6013,35,2,55,10,2,3,20,3360714752,41706,0,820487,41706,30229,5,0
2023-01-07 20:34:51.591950,1330,329,1201,8157,1156,0,0,0,1207095,6190,1410842,5986,S,18600,6013,35,2,55,10,2,3,20,3360714752,41706,0,820487,41706,30229,5,0
2023-01-07 20:34:51.852470,1331,329,1204,8207,1156,0,0,0,1210113,6228,1415780,6018,S,18600,6013,35,2,55,10,2,3,20,3360714752,41706,0,820487,41706,30229,5,0
2023-01-07 20:34:52.105007,1332,329,1205,8253,1156,0,0,0,1213263,6268,1420850,6052,S,18600,6013,35,2,55,10,2,3,20,3360714752,41706,0,820487,41706,30229,5,0
2023-01-07 20:34:52.365463,1333,329,1207,8301,1156,0,0,0,1216281,6306,1425920,6086,S,18600,6013,35,2,55,10,2,3,20,3360714752,41706,0,820487,41706,30229,5,0
2023-01-07 20:34:52.625846,1334,329,1208,8350,1156,0,0,0,1219299,6344,1430924,6119,S,18600,6013,35,2,55,10,2,3,20,3360714752,41706,0,820487,41706,30229,5,0
2023-01-07 20:34:52.877903,1335,329,1210,8397,1156,0,0,0,1222185,6380,1435994,6153,S,18600,6013,35,2,55,10,2,3,20,3360714752,41706,0,820487,41706,30229,5,0
2023-01-07 20:34:53.138339,1336,329,1211,8446,1156,0,0,0,1224939,6414,1440998,6186,S,18600,6013,35,2,55,10,2,3,20,3360714752,41706,0,820487,41706,30229,5,0
2023-01-07 20:34:53.403985,1338,329,1213,8498,1156,0,0,0,1227627,6447,1445864,6218,S,18600,6013,35,2,55,10,2,3,20,3360714752,41706,0,820487,41706,30229,5,0
2023-01-07 20:34:53.659266,1339,329,1214,8545,1156,0,0,0,1230315,6480,1451066,6254,S,18600,6013,35,2,55,10,2,3,20,3360714752,41706,0,820487,41706,30229,5,0
2023-01-07 20:34:53.919686,1343,329,1217,8578,1165,0,0,0,1233003,6513,1455998,6287,S,18600,6013,35,2,55,10,2,3,20,3360714752,41706,0,820487,41706,30229,5,0
2023-01-07 20:34:54.169356,1347,329,1218,8606,1165,0,0,0,1235667,6546,1460732,6317,S,18600,6013,35,2,55,10,2,3,20,3360714752,41706,0,820487,41706,30229,5,0
2023-01-07 20:34:54.429482,1349,329,1220,8653,1165,0,0,0,1238199,6577,1465598,6349,S,18600,6013,35,2,55,10,2,3,20,3360714752,41706,0,820487,41706,30229,5,0
2023-01-07 20:34:54.700482,1361,329,1226,8667,1168,0,0,0,1240707,6608,1470260,6379,S,18600,6013,35,2,55,10,2,3,20,3360714752,41706,0,820487,41706,30229,5,0
2023-01-07 20:34:54.969515,1369,329,1234,8674,1179,0,0,0,1243413,6642,1474922,6409,S,18600,6013,35,2,55,10,2,3,20,3360714752,41706,0,820487,41706,30229,5,0
2023-01-07 20:34:55.237167,1370,333,1239,8693,1187,0,0,0,1246275,6678,1479722,6440,D,18982,8308,35,2,56,10,3,3,18,3358486528,41900,0,820491,41902,30301,5,0
2023-01-07 20:34:55.497672,1383,337,1245,8693,1187,0,0,0,1249189,6714,1484588,6472,S,19001,8308,35,2,56,10,3,3,20,3360731136,41902,0,820491,41902,30301,5,0
2023-01-07 20:34:55.761181,1398,339,1248,8693,1187,0,0,0,1251405,6741,1489256,6501,S,19001,8308,35,2,56,10,3,3,20,3360731136,41902,0,820491,41902,30301,5,0
2023-01-07 20:34:56.036243,1408,340,1251,8696,1188,0,0,0,1253583,6767,1493810,6529,S,19001,8308,35,2,56,10,3,3,20,3360731136,41902,0,820491,41902,30301,5,0
2023-01-07 20:34:56.282174,1411,344,1253,8705,1188,0,0,0,1255695,6792,1498364,6557,S,19001,8308,35,2,56,10,3,3,20,3360731136,41902,0,820491,41902,30301,5,0
2023-01-07 20:34:56.552587,1413,352,1256,8727,1191,0,0,0,1257939,6819,1503009,6586,S,19001,8308,35,2,56,10,3,3,20,3360731136,41902,0,820491,41902,30301,5,0
2023-01-07 20:34:56.805542,1415,357,1257,8740,1197,0,0,0,1260561,6851,1508122,6621,S,19001,8308,35,2,56,10,3,3,20,3360731136,41902,0,820491,41902,30301,5,0
2023-01-07 20:34:57.071080,1416,373,1260,8750,1198,0,0,0,1263357,6886,1512923,6652,S,19001,8308,35,2,56,10,3,3,20,3360731136,41902,0,820491,41902,30301,5,0
2023-01-07 20:34:57.341607,1419,385,1262,8752,1198,0,0,0,1265907,6918,1517520,6681,S,19001,8308,35,2,56,10,3,3,20,3360731136,41902,0,820491,41902,30301,5,0
2023-01-07 20:34:57.602237,1425,391,1265,8761,1198,0,0,0,1268467,6949,1522363,6713,S,19001,8308,35,2,56,10,3,3,20,3360731136,41902,0,820491,41902,30301,5,0
2023-01-07 20:34:57.862217,1438,393,1270,8761,1198,0,0,0,1271170,6981,1528511,6746,S,19001,8308,35,2,56,10,3,3,20,3360731136,41902,0,820491,41902,30301,5,0
2023-01-07 20:34:58.112534,1442,395,1273,8761,1198,0,0,0,1272597,6998,1531251,6766,S,19001,8308,35,2,56,10,3,3,20,3360731136,41902,0,820491,41902,30301,5,0
2023-01-07 20:34:58.398673,1454,403,1278,8768,1199,0,0,0,1275838,7037,1537843,6805,S,19001,8308,35,2,56,10,3,3,20,3360731136,41902,0,820491,41902,30301,5,0
2023-01-07 20:34:58.643987,1460,405,1280,8770,1199,0,0,0,1277487,7057,1540739,6827,S,19001,8308,35,2,56,10,3,3,20,3360731136,41902,0,820491,41902,30301,5,0
2023-01-07 20:34:58.907466,1474,409,1284,8770,1199,0,0,0,1279797,7085,1545294,6855,S,19001,8308,35,2,56,10,3,3,20,3360731136,41902,0,820491,41902,30301,5,0
2023-01-07 20:34:59.167888,1475,422,1287,8771,1199,0,0,0,1282527,7119,1550119,6886,S,19001,8308,35,2,56,10,3,3,20,3360731136,41902,0,820491,41902,30301,5,0
2023-01-07 20:34:59.423144,1476,440,1289,8773,1199,0,0,0,1285215,7152,1555124,6919,S,19001,8308,35,2,56,10,3,3,20,3360731136,41902,0,820491,41902,30301,5,0
2023-01-07 20:34:59.683547,1479,456,1292,8773,1199,0,0,0,1287945,7186,1559925,6950,S,19001,8308,35,2,56,10,3,3,20,3360731136,41902,0,820491,41902,30301,5,0
2023-01-07 20:34:59.951590,1480,471,1294,8781,1199,0,0,0,1290543,7218,1564750,6981,S,19001,8308,35,2,56,10,3,3,20,3360731136,41902,0,820491,41902,30301,5,0
2023-01-07 20:35:00.207434,1480,486,1297,8782,1199,0,0,0,1293453,7254,1569982,7017,S,19001,8308,35,2,56,10,3,3,20,3360731136,41902,0,820491,41902,30301,5,0
2023-01-07 20:35:00.488475,1481,501,1299,8783,1199,0,0,0,1295853,7283,1574873,7049,S,19001,8308,35,2,56,10,3,3,20,3360731136,41902,0,820491,41902,30301,5,0
2023-01-07 20:35:00.754030,1483,512,1301,8793,1200,0,0,0,1298163,7311,1579536,7079,S,19001,8308,35,2,56,10,3,3,20,3360731136,41902,0,820491,41902,30301,5,0
2023-01-07 20:35:01.000512,1490,518,1304,8794,1200,0,0,0,1300959,7346,1584229,7108,S,19001,8308,35,2,56,10,3,3,20,3360731136,41902,0,820491,41902,30301,5,0
2023-01-07 20:35:01.262519,1504,523,1309,8795,1200,0,0,0,1303203,7373,1588850,7137,S,19001,8308,35,2,56,10,3,3,20,3360731136,41902,0,820491,41902,30301,5,0
2023-01-07 20:35:01.524788,1512,528,1311,8795,1200,0,0,0,1305579,7402,1593364,7164,S,19001,8308,35,2,56,10,3,3,20,3360731136,41902,0,820491,41902,30301,5,0
2023-01-07 20:35:01.790613,1521,530,1315,8796,1200,0,0,0,1308003,7431,1598322,7197,S,19001,8308,35,2,56,10,3,3,20,3360731136,41902,0,820491,41902,30301,5,0
2023-01-07 20:35:02.048120,1523,542,1318,8800,1200,0,0,0,1310955,7468,1603460,7232,S,19001,8308,35,2,56,10,3,3,20,3360731136,41902,0,820491,41902,30301,5,0
2023-01-07 20:35:02.308606,1531,550,1321,8800,1200,0,0,0,1313445,7498,1608334,7263,S,19001,8308,35,2,56,10,3,3,20,3360731136,41902,0,820491,41902,30301,5,0
2023-01-07 20:35:02.574325,1532,562,1324,8804,1200,0,0,0,1315911,7528,1613359,7297,S,19001,8308,35,2,56,10,3,3,20,3360731136,41902,0,820491,41902,30301,5,0
2023-01-07 20:35:02.839777,1532,578,1326,8812,1200,0,0,0,1318443,7559,1618204,7329,S,19001,8308,35,2,56,10,3,3,20,3360731136,41902,0,820491,41902,30301,5,0
2023-01-07 20:35:03.093167,1533,595,1327,8814,1200,0,0,0,1320885,7589,1622785,7357,S,19001,8308,35,2,56,10,3,3,20,3360731136,41902,0,820491,41902,30301,5,0
2023-01-07 20:35:03.348690,1541,599,1331,8816,1200,0,0,0,1323639,7623,1627925,7392,S,19001,8308,35,2,56,10,3,3,20,3360731136,41902,0,820491,41902,30301,5,0
2023-01-07 20:35:03.611733,1553,604,1335,8819,1200,0,0,0,1326649,7659,1634679,7433,S,19001,8308,35,2,56,10,3,3,20,3360731136,41902,0,820491,41902,30301,5,0
2023-01-07 20:35:03.877297,1561,606,1337,8820,1200,0,0,0,1328151,7677,1637239,7451,S,19001,8308,35,2,56,10,3,3,20,3360731136,41902,0,820491,41902,30301,5,0
2023-01-07 20:35:04.130918,1575,610,1340,8823,1200,0,0,0,1330329,7703,1641839,7480,S,19001,8308,35,2,56,10,3,3,20,3360731136,41902,0,820491,41902,30301,5,0
2023-01-07 20:35:04.396989,1580,618,1343,8824,1200,0,0,0,1332681,7732,1646571,7511,S,19001,8308,35,2,56,10,3,3,20,3360731136,41902,0,820491,41902,30301,5,0
2023-01-07 20:35:04.652236,1581,633,1345,8832,1200,0,0,0,1335213,7763,1651393,7543,S,19001,8308,35,2,56,10,3,3,20,3360731136,41902,0,820491,41902,30301,5,0
2023-01-07 20:35:04.920659,1590,643,1349,8833,1200,0,0,0,1337835,7795,1656461,7578,S,19001,8308,35,2,56,10,3,3,20,3360731136,41902,0,820491,41902,30301,5,0
2023-01-07 20:35:05.176221,1604,646,1351,8834,1200,0,0,0,1340854,7831,1664656,7622,S,19001,8308,35,2,56,10,3,3,20,3360731136,41902,0,820491,41902,30301,5,0
2023-01-07 20:35:05.447528,1615,648,1353,8834,1200,0,0,0,1341789,7842,1666475,7634,S,19001,8308,35,2,56,10,3,3,20,3360731136,41902,0,820491,41902,30301,5,0
2023-01-07 20:35:05.711297,1625,653,1356,8835,1200,0,0,0,1344255,7872,1671298,7665,S,19001,8308,35,2,56,10,3,3,20,3360731136,41902,0,820491,41902,30301,5,0
2023-01-07 20:35:05.972265,1625,665,1358,8844,1200,0,0,0,1346721,7902,1676078,7696,S,19001,8308,35,2,56,10,3,3,20,3360731136,41902,0,820491,41902,30301,5,0
2023-01-07 20:35:06.232325,1625,680,1360,8845,1200,0,0,0,1348653,7925,1680498,7723,S,19001,8308,35,2,56,10,3,3,20,3360731136,41902,0,820491,41902,30301,5,0
2023-01-07 20:35:06.502755,1626,691,1362,8849,1200,0,0,0,1351383,7959,1685392,7755,S,19001,8308,35,2,56,10,3,3,20,3360731136,41902,0,820491,41902,30301,5,0
2023-01-07 20:35:06.768798,1636,702,1365,8850,1200,0,0,0,1354245,7995,1690352,7788,S,19001,8308,35,2,56,10,3,3,20,3360731136,41902,0,820491,41902,30301,5,0
2023-01-07 20:35:07.039744,1644,705,1367,8851,1200,0,0,0,1356555,8023,1695066,7818,S,19001,8308,35,2,56,10,3,3,20,3360731136,41902,0,820491,41902,30301,5,0
2023-01-07 20:35:07.285613,1655,708,1371,8853,1201,0,0,0,1358733,8049,1699666,7847,S,19001,8308,35,2,56,10,3,3,20,3360731136,41902,0,820491,41902,30301,5,0
2023-01-07 20:35:07.540928,1670,710,1377,8858,1201,0,0,0,1361043,8077,1704290,7876,S,19001,8308,35,2,56,10,3,3,20,3360731136,41902,0,820491,41902,30301,5,0
2023-01-07 20:35:07.815817,1676,710,1385,8875,1213,0,0,0,1364061,8115,1709496,7912,S,19001,8308,35,2,56,10,3,3,20,3360731136,41902,0,820491,41902,30301,5,0
2023-01-07 20:35:08.076300,1676,710,1386,8927,1213,0,0,0,1366815,8149,1714636,7947,S,19001,8308,35,2,56,10,3,3,20,3360731136,41902,0,820491,41902,30301,5,0
2023-01-07 20:35:08.331546,1676,710,1388,8974,1213,0,0,0,1369899,8188,1719908,7984,S,19001,8308,35,2,56,10,3,3,20,3360731136,41902,0,820491,41902,30301,5,0
2023-01-07 20:35:08.592001,1677,710,1389,9021,1213,0,0,0,1372851,8225,1724982,8018,S,19001,8308,35,2,56,10,3,3,20,3360731136,41902,0,820491,41902,30301,5,0
2023-01-07 20:35:08.852390,1677,710,1390,9066,1213,0,0,0,1375449,8257,1729876,8050,S,19001,8308,35,2,56,10,3,3,20,3360731136,41902,0,820491,41902,30301,5,0
2023-01-07 20:35:09.123052,1679,710,1392,9108,1213,0,0,0,1377939,8287,1735082,8086,S,19001,8308,35,2,56,10,3,3,20,3360731136,41902,0,820491,41902,30301,5,0
2023-01-07 20:35:09.373155,1680,710,1393,9155,1213,0,0,0,1380495,8318,1740354,8123,S,19001,8308,35,2,56,10,3,3,20,3360731136,41902,0,820491,41902,30301,5,0
2023-01-07 20:35:09.633937,1680,710,1395,9205,1213,0,0,0,1383357,8354,1745248,8155,S,19001,8308,35,2,56,10,3,3,20,3360731136,41902,0,820491,41902,30301,5,0
2023-01-07 20:35:09.899259,1682,710,1397,9251,1213,0,0,0,1386177,8389,1750190,8187,S,19001,8308,35,2,56,10,3,3,20,3360731136,41902,0,820491,41902,30301,5,0
2023-01-07 20:35:10.169802,1691,710,1399,9280,1213,0,0,0,1388799,8421,1755084,8219,S,19001,8308,35,2,56,10,3,3,20,3360731136,41902,0,820491,41902,30301,5,0
2023-01-07 20:35:10.424889,1691,710,1401,9326,1213,0,0,0,1391643,8456,1760271,8255,S,19001,8308,35,2,56,10,3,3,20,3360731136,41902,0,820491,41902,30301,5,0
2023-01-07 20:35:10.675112,1692,710,1402,9371,1213,0,0,0,1394529,8492,1765345,8289,S,19001,8308,35,2,56,10,3,3,20,3360731136,41902,0,820491,41902,30301,5,0
2023-01-07 20:35:10.940651,1694,710,1404,9422,1213,0,0,0,1397547,8530,1770287,8321,S,19001,8308,35,2,56,10,3,3,20,3360731136,41902,0,820491,41902,30301,5,0
2023-01-07 20:35:11.195833,1695,710,1405,9471,1213,0,0,0,1400367,8565,1775361,8355,S,19001,8308,35,2,56,10,3,3,20,3360731136,41902,0,820491,41902,30301,5,0
2023-01-07 20:35:11.451172,1696,710,1407,9520,1213,0,0,0,1403121,8599,1780477,8390,S,19001,8308,35,2,56,10,3,3,20,3360731136,41902,0,820491,41902,30301,5,0
2023-01-07 20:35:11.697606,1697,710,1408,9563,1213,0,0,0,1405941,8634,1785659,8426,S,19001,8308,35,2,56,10,3,3,20,3360731136,41902,0,820491,41902,30301,5,0
2023-01-07 20:35:11.963191,1698,710,1409,9614,1213,0,0,0,1408629,8667,1790751,8461,S,19001,8308,35,2,56,10,3,3,20,3360731136,41902,0,820491,41902,30301,5,0
2023-01-07 20:35:12.233642,1699,710,1411,9667,1213,0,0,0,1411119,8697,1795843,8496,S,19001,8308,35,2,56,10,3,3,20,3360731136,41902,0,820491,41902,30301,5,0
2023-01-07 20:35:12.486118,1701,710,1412,9711,1213,0,0,0,1413849,8731,1800779,8529,S,19001,8308,35,2,56,10,3,3,20,3360731136,41902,0,820491,41902,30301,5,0
2023-01-07 20:35:12.738373,1724,710,1417,9722,1213,0,0,0,1416117,8758,1805541,8559,S,19001,8308,35,2,56,10,3,3,20,3360731136,41902,0,820491,41902,30301,5,0
2023-01-07 20:35:13.014782,1739,710,1419,9730,1213,0,0,0,1418469,8787,1809919,8585,S,19001,8308,35,2,56,10,3,3,20,3360731136,41902,0,820491,41902,30301,5,0
2023-01-07 20:35:13.288219,1753,711,1423,9734,1213,0,0,0,1420713,8814,1814609,8615,S,19001,8308,35,2,56,10,3,3,20,3360731136,41902,0,820491,41902,30301,5,0
2023-01-07 20:35:13.554146,1761,711,1427,9755,1213,0,0,0,1423047,8842,1819413,8646,S,19001,8308,35,2,56,10,3,3,20,3360731136,41902,0,820491,41902,30301,5,0
2023-01-07 20:35:13.804443,1764,711,1429,9794,1213,0,0,0,1425999,8879,1824553,8681,S,19001,8308,35,2,56,10,3,3,20,3360731136,41902,0,820491,41902,30301,5,0
2023-01-07 20:35:14.064672,1764,711,1430,9846,1213,0,0,0,1428885,8915,1829495,8713,S,19001,8308,35,2,56,10,3,3,20,3360731136,41902,0,820491,41902,30301,5,0
2023-01-07 20:35:14.320208,1765,711,1431,9893,1213,0,0,0,1431969,8954,1834437,8745,S,19001,8308,35,2,56,10,3,3,20,3360731136,41902,0,820491,41902,30301,5,0
2023-01-07 20:35:14.582028,1765,711,1432,9938,1213,0,0,0,1434789,8989,1839511,8779,S,19001,8308,35,2,56,10,3,3,20,3360731136,41902,0,820491,41902,30301,5,0
2023-01-07 20:35:14.832209,1765,711,1434,9986,1213,0,0,0,1437543,9023,1844453,8811,S,19001,8308,35,2,56,10,3,3,20,3360731136,41902,0,820491,41902,30301,5,0
2023-01-07 20:35:15.092962,1766,712,1436,10033,1214,0,0,0,1440429,9059,1849372,8843,S,19001,8308,35,2,56,10,3,3,20,3360731136,41902,0,820491,41902,30301,5,0
2023-01-07 20:35:15.353085,1766,712,1437,10082,1214,0,0,0,1443201,9094,1854021,8872,S,19001,8308,35,2,56,10,3,3,20,3360731136,41902,0,820214,42581,30788,5,0
2023-01-07 20:35:15.621924,1782,712,1443,10105,1214,0,0,0,1445959,9128,1858865,8904,D,23273,9982,44,2,66,14,4,4,21,3368034304,46413,1,822819,47736,33374,5,0
2023-01-07 20:35:16.151887,1839,714,1454,10105,1215,0,0,0,1449020,9165,1865377,8942,S,25748,9982,46,2,74,14,4,4,21,3370266624,47958,1,820886,46142,31436,5,0
2023-01-07 20:35:15.887414,1847,714,1456,10105,1215,0,0,0,1451476,9194,1869698,8966,S,25903,9982,46,2,77,14,4,4,21,3370737664,48152,1,820888,46142,31436,5,0
2023-01-07 20:35:16.413500,1883,715,1463,10105,1215,0,0,0,1453837,9222,1875800,8995,S,26048,9982,46,2,85,15,4,4,21,3362349056,46142,1,820665,45924,31214,5,0
2023-01-07 20:35:16.934655,1934,716,1470,10105,1215,0,0,0,1456385,9252,1880463,9028,S,26053,9982,46,2,91,15,4,4,21,3362365440,46142,1,820665,45924,31214,5,0
2023-01-07 20:35:16.679792,1914,716,1467,10105,1215,0,0,0,1455014,9236,1877878,9010,S,26049,9982,46,2,86,15,4,4,21,3362349056,46142,1,820691,43238,31214,5,0
2023-01-07 20:35:17.456599,1984,716,1478,10105,1215,0,0,0,1460693,9304,1888633,9083,S,26088,9982,47,2,101,17,4,4,21,3361550336,43238,1,820691,43254,31214,5,0
2023-01-07 20:35:17.189126,1976,716,1477,10105,1215,0,0,0,1460939,9307,1889798,9087,S,26088,9982,47,2,101,17,4,4,21,3361550336,43238,1,820691,43254,31214,5,0
2023-01-07 20:35:17.717056,2007,717,1484,10106,1215,0,0,0,1463747,9341,1894944,9121,S,26134,10605,47,2,106,17,5,4,21,3361656832,43254,0,820743,43424,31302,5,0
2023-01-07 20:35:17.988377,2026,719,1491,10116,1215,0,0,0,1465703,9364,1899417,9148,S,26203,11222,48,2,110,18,5,5,21,3361763328,43424,0,820769,43433,31302,5,0
2023-01-07 20:35:18.248653,2049,720,1497,10121,1216,0,0,0,1468433,9398,1904292,9180,S,26253,11846,48,2,116,18,5,5,21,3361869824,43433,0,820769,43433,31302,5,0
2023-01-07 20:35:18.499851,2074,721,1502,10128,1216,0,0,0,1470899,9428,1909257,9213,S,26253,11846,48,2,116,18,5,5,21,3361869824,43433,0,820769,43486,31334,5,0
2023-01-07 20:35:18.756798,2111,721,1507,10131,1217,0,0,0,1472987,9453,1913796,9241,S,26254,11846,48,2,120,19,5,5,21,3361869824,43486,1,820769,43486,31334,5,0
2023-01-07 20:35:19.035058,2125,722,1510,10138,1218,0,0,0,1475585,9485,1918581,9272,S,26259,11846,48,2,124,19,5,5,21,3361869824,43486,0,820795,43479,31334,5,0
2023-01-07 20:35:19.287483,2141,725,1515,10152,1218,0,0,0,1477985,9514,1923390,9303,S,26300,12468,48,2,129,19,6,5,21,3361976320,43479,0,820795,43479,31334,5,0
2023-01-07 20:35:19.552975,2169,734,1520,10161,1220,0,0,0,1480583,9546,1928176,9334,S,26353,13086,48,2,136,20,6,5,21,3362082816,43485,0,820821,43485,31334,5,0
2023-01-07 20:35:19.807278,2183,736,1524,10163,1220,0,0,0,1483181,9578,1933208,9368,S,26360,13086,48,2,142,20,6,5,21,3362082816,43500,0,820847,43500,31334,5,0
2023-01-07 20:35:20.071876,2214,737,1528,10167,1220,0,0,0,1485429,9605,1937568,9394,S,26364,13086,48,2,145,20,6,5,21,3362189312,43500,0,820847,44207,31366,5,0
2023-01-07 20:35:20.326712,2241,737,1532,10169,1220,0,0,0,1487465,9630,1941952,9420,S,27235,13708,48,2,151,21,7,5,21,3362189312,44207,0,820879,44429,31366,5,0
2023-01-07 20:35:20.587101,2285,739,1537,10169,1220,0,0,0,1490796,9670,1948954,9461,S,27470,13708,48,2,171,22,7,5,21,3362320384,44429,0,820879,44427,31366,5,0
2023-01-07 20:35:20.857519,2297,739,1539,10169,1220,0,0,0,1491641,9680,1950653,9472,S,27491,13708,48,2,174,22,7,5,21,3362320384,44427,0,820879,44427,31366,5,0
2023-01-07 20:35:21.122612,2332,741,1546,10170,1220,0,0,0,1494381,9713,1955776,9506,S,27632,13708,48,2,184,23,7,5,21,3362320384,44427,0,820905,43649,31382,5,0
2023-01-07 20:35:21.362535,2369,743,1553,10172,1220,0,0,0,1497660,9753,1962946,9552,S,27747,13708,49,2,191,24,7,5,21,3362426880,43649,1,820905,43649,31382,5,0
2023-01-07 20:35:21.633980,2386,743,1557,10173,1220,0,0,0,1498841,9767,1965419,9569,S,27768,13708,49,2,193,24,7,5,21,3362426880,43649,1,820905,43649,31382,5,0
2023-01-07 20:35:21.904423,2403,744,1562,10182,1220,0,0,0,1501019,9793,1970247,9601,S,27784,13708,49,2,200,24,7,5,21,3362426880,43649,0,820931,43649,31382,5,0
2023-01-07 20:35:22.182683,2418,744,1566,10207,1220,0,0,0,1503905,9829,1975393,9636,S,27810,13708,49,2,205,25,7,5,21,3362533376,43670,0,820931,43682,31382,5,0
2023-01-07 20:35:22.425302,2430,745,1569,10234,1220,0,0,0,1506767,9865,1980335,9669,S,27818,13708,49,2,209,25,7,5,21,3362533376,43683,0,820931,43708,31414,5,0
