#com.speedymarks.android.countdownfree
#./workspace/com.speedymarks.android.countdownfree_0/com.speedymarks.android.countdownfree.apk
#time,user_cpu,nice_cpu,system_cpu,idle_cpu,iowait_cpu,irq_cpu,softirq_cpu,steal_cpu,receive_byte,receive_packet,transmit_byte,transmit_packet,state,minflt,cminflt,majflt,cmahflat,utime,stime,cutime,cstime,numthread,vss,rss,processor,rmsize,vmsize,shared,text,data
2023-01-09 02:21:16.523616,963,303,850,1694,1165,0,0,0,188228,628,642028,785,S,11633,0,208,0,13,8,0,0,40,3361607680,45451,1,820705,45451,36432,5,0
2023-01-09 02:21:16.785985,970,304,852,1694,1165,0,0,0,190463,655,646727,815,S,11640,0,208,0,14,8,0,0,40,3361607680,45451,1,820705,45451,36432,5,0
2023-01-09 02:21:17.033731,977,305,854,1694,1165,0,0,0,192785,683,651997,842,S,11645,0,208,0,14,8,0,0,40,3361607680,45451,1,822563,45554,36471,5,0
2023-01-09 02:21:17.324795,987,307,858,1694,1165,0,0,0,194939,709,655299,869,S,11904,0,209,0,16,9,0,0,42,3366305792,45682,1,822321,46674,37445,5,0
2023-01-09 02:21:17.570535,995,308,863,1694,1171,0,0,0,196867,732,659861,898,S,12749,0,212,0,16,11,0,0,42,3368226816,46740,0,822513,46796,37499,5,0
2023-01-09 02:21:17.842403,1004,308,872,1695,1174,0,0,0,200255,773,668712,946,S,13194,0,213,0,19,12,0,0,42,3369013248,46749,0,822786,46801,37563,5,0
2023-01-09 02:21:18.092595,1014,309,879,1696,1176,0,0,0,202934,805,674181,982,S,13447,0,216,0,20,12,0,0,42,3374329856,46801,0,829204,51680,38651,5,0
2023-01-09 02:21:18.353051,1023,310,882,1696,1176,0,0,0,204701,826,678738,1006,S,18055,0,228,0,31,13,0,0,45,3396591616,51986,0,829206,51738,38651,5,0
2023-01-09 02:21:18.608508,1034,311,886,1696,1177,0,0,0,206567,848,682401,1034,S,18076,0,228,0,36,13,0,0,45,3396427776,51738,0,835889,57141,38877,5,0
2023-01-09 02:21:18.878640,1041,313,888,1696,1177,0,0,0,209411,883,690015,1073,S,23577,0,229,0,46,16,0,0,47,3423801344,57141,0,836407,57253,38877,5,0
2023-01-09 02:21:19.138563,1046,314,891,1696,1177,0,0,0,211249,905,692952,1096,S,23652,0,229,0,55,16,0,0,47,3425923072,57253,0,836419,57297,38877,5,0
2023-01-09 02:21:19.428658,1060,315,893,1696,1179,0,0,0,213451,931,697719,1128,S,23772,0,229,0,71,17,0,0,47,3425996800,57579,0,837459,58758,39111,5,0
2023-01-09 02:21:19.699712,1070,315,896,1697,1179,0,0,0,215917,961,702398,1158,S,25173,0,230,0,84,20,0,0,48,3431415808,59005,0,837321,57563,37553,5,0
2023-01-09 02:21:19.950303,1080,315,898,1699,1179,0,0,0,218383,991,708450,1192,S,25941,0,230,0,95,22,0,0,48,3428618240,57568,0,837069,57568,37553,5,0
2023-01-09 02:21:20.218195,1089,315,900,1701,1179,0,0,0,220825,1021,713130,1222,S,25948,0,230,0,100,22,0,0,48,3428634624,57568,0,837079,57568,37553,5,0
2023-01-09 02:21:20.487440,1099,316,903,1702,1179,0,0,0,223555,1055,717882,1252,S,26198,0,230,0,114,23,0,0,48,3428827136,57817,0,837120,57884,37575,5,0
2023-01-09 02:21:20.740575,1112,316,906,1705,1179,0,0,0,226021,1085,722676,1283,S,26343,0,230,0,125,23,0,0,48,3428851712,57945,0,837131,58135,37575,5,0
2023-01-09 02:21:21.011681,1122,316,907,1728,1179,0,0,0,228491,1115,727459,1314,S,26572,0,230,0,149,24,0,0,48,3428962304,58187,0,838183,59177,37575,5,0
2023-01-09 02:21:21.271392,1129,317,908,1747,1181,0,0,0,230933,1145,732164,1344,S,27588,0,231,0,171,24,0,0,48,3433246720,59177,0,838207,59177,37575,5,0
2023-01-09 02:21:21.536896,1139,317,910,1762,1181,0,0,0,233573,1178,736869,1374,S,29449,0,231,0,189,28,0,0,49,3439198208,59732,0,839650,59732,37214,5,0
2023-01-09 02:21:21.783647,1149,317,912,1764,1181,0,0,0,236171,1210,741550,1404,S,31870,0,231,0,203,28,0,0,49,3449442304,62120,1,842700,62405,38639,5,0
2023-01-09 02:21:22.037559,1159,318,915,1769,1182,0,0,0,238547,1239,747532,1438,S,32580,0,231,0,214,29,0,0,49,3453804544,62757,1,843847,63102,38507,5,0
2023-01-09 02:21:22.306490,1167,318,918,1770,1182,0,0,0,240815,1266,752081,1466,R,35378,0,232,0,228,31,0,0,50,3456397312,63241,1,843847,63571,38516,5,0
2023-01-09 02:21:22.558113,1175,318,920,1771,1182,0,0,0,243215,1295,756942,1498,S,35697,0,232,0,232,32,0,0,50,3456397312,63571,1,843851,63071,38597,5,0
2023-01-09 02:21:22.833736,1189,319,923,1771,1183,0,0,0,246744,1338,763990,1543,S,36789,0,235,0,250,35,0,0,50,3456430080,63381,1,843855,63382,38751,5,0
2023-01-09 02:21:23.083600,1202,320,926,1771,1183,0,0,0,247423,1346,765988,1555,R,36792,0,235,0,255,35,0,0,50,3456430080,63381,0,844638,64405,38229,5,0
2023-01-09 02:21:23.363531,1235,321,932,1773,1183,0,0,0,250065,1377,771180,1591,S,38544,0,235,0,265,36,0,0,51,3459633152,63679,0,845396,65289,39023,5,0
2023-01-09 02:21:23.619021,1266,322,939,1774,1183,0,0,0,252285,1404,775639,1618,S,40496,0,235,0,272,37,0,0,51,3462598656,65223,0,846117,65948,39682,5,0
2023-01-09 02:21:23.880801,1286,324,944,1774,1183,0,0,0,255021,1437,782063,1655,S,41245,0,235,0,281,38,0,0,51,3465695232,65948,0,846117,65948,39682,5,0
2023-01-09 02:21:24.131156,1309,324,947,1776,1183,0,0,0,256859,1459,785205,1680,S,41245,0,235,0,281,38,0,0,51,3465695232,65948,0,846117,65948,39682,5,0
2023-01-09 02:21:24.411055,1347,325,953,1784,1183,0,0,0,260600,1505,791997,1722,S,41511,0,235,0,296,39,0,0,51,3465695232,66040,1,847653,66036,39778,5,0
2023-01-09 02:21:24.672400,1384,326,956,1785,1183,0,0,0,262216,1524,795945,1743,S,42493,0,235,0,304,40,0,0,51,3469889536,65992,0,846603,65003,38398,5,0
2023-01-09 02:21:24.921103,1398,327,960,1785,1183,0,0,0,263713,1542,798373,1759,S,42768,0,235,0,308,40,0,0,51,3471986688,66036,0,846603,65003,38398,5,0
2023-01-09 02:21:25.186224,1424,328,966,1786,1184,0,0,0,267269,1585,805614,1805,S,45273,0,235,0,321,40,0,0,52,3469520896,65475,0,847051,65475,38860,5,0
2023-01-09 02:21:25.446722,1453,329,971,1787,1184,0,0,0,268610,1601,807885,1820,S,45301,0,235,0,326,41,0,0,52,3469520896,65475,0,847051,64180,38864,5,0
2023-01-09 02:21:25.710803,1489,330,977,1787,1184,0,0,0,271757,1639,814532,1859,S,45410,0,236,0,335,43,0,0,52,3469520896,64180,0,847051,64180,38864,5,0
2023-01-09 02:21:25.966328,1517,330,981,1788,1184,0,0,0,273184,1656,818621,1883,S,45416,0,236,0,340,43,0,0,52,3469520896,64180,0,847051,64180,38864,5,0
2023-01-09 02:21:26.231920,1542,332,986,1788,1184,0,0,0,275518,1684,823416,1914,S,45416,0,236,0,348,43,0,0,52,3469520896,64180,0,847051,64180,38864,5,0
2023-01-09 02:21:26.492450,1582,334,990,1792,1184,0,0,0,278504,1720,830021,1953,S,45521,0,236,0,363,45,0,0,52,3469520896,64174,0,847051,64211,38864,5,0
2023-01-09 02:21:26.771333,1612,334,994,1792,1184,0,0,0,280814,1748,834571,1981,S,45655,0,236,0,371,45,0,0,52,3469520896,64211,0,847051,64212,38864,5,0
2023-01-09 02:21:27.001400,1633,335,999,1792,1184,0,0,0,282992,1774,839160,2010,R,46027,0,236,0,382,47,0,0,52,3469520896,64212,1,849278,67025,39760,5,0
2023-01-09 02:21:27.541873,1689,336,1008,1792,1184,0,0,0,286198,1812,844859,2050,S,50483,0,236,0,397,48,0,0,53,3478642688,67025,1,849311,67109,39760,5,0
2023-01-09 02:21:27.275061,1674,336,1005,1792,1184,0,0,0,286790,1819,846402,2059,S,50484,0,236,0,398,48,0,0,53,3478642688,67025,1,849311,66127,39791,5,0
2023-01-09 02:21:27.782860,1730,338,1015,1792,1184,0,0,0,289919,1856,853467,2100,S,50551,0,236,0,412,50,0,0,53,3478777856,66127,1,849311,66127,39791,5,0
2023-01-09 02:21:28.052723,1739,338,1017,1792,1184,0,0,0,290352,1861,854854,2107,S,50551,0,236,0,414,50,0,0,53,3478777856,66127,1,849311,66127,39791,5,0
2023-01-09 02:21:28.300414,1747,338,1020,1797,1184,0,0,0,293434,1898,860539,2149,S,50551,0,236,0,414,50,0,0,53,3478777856,66127,1,850335,66592,39795,5,0
2023-01-09 02:21:28.569750,1761,339,1024,1801,1184,0,0,0,296618,1937,867203,2189,S,51074,0,236,0,424,51,0,0,53,3482972160,66515,1,850335,66515,39795,5,0
2023-01-09 02:21:29.085721,1777,340,1027,1801,1184,0,0,0,299848,1975,874066,2233,S,51090,0,236,0,454,56,0,0,53,3482972160,66509,1,850335,66507,39795,5,0
2023-01-09 02:21:28.836972,1770,340,1025,1801,1184,0,0,0,299602,1972,872877,2229,S,51089,0,236,0,446,54,0,0,53,3482972160,66515,1,850335,66495,39795,5,0
2023-01-09 02:21:29.351167,1787,341,1029,1802,1184,0,0,0,303114,2014,881004,2276,S,51098,0,236,0,476,60,0,0,53,3482972160,66495,0,849644,66471,38903,5,0
2023-01-09 02:21:29.611778,1802,341,1033,1802,1184,0,0,0,306850,2059,889302,2322,R,54359,0,236,0,490,64,0,0,54,3480141824,67010,0,849644,66934,38909,5,0
2023-01-09 02:21:29.879479,1803,341,1034,1802,1184,0,0,0,306514,2055,887999,2317,S,54359,0,236,0,490,64,0,0,54,3480141824,67010,0,849644,66934,38909,5,0
2023-01-09 02:21:30.165346,1816,341,1036,1803,1184,0,0,0,309989,2096,895271,2364,S,54364,0,236,0,497,65,0,0,54,3480141824,66934,0,849644,66934,38909,5,0
2023-01-09 02:21:30.420613,1823,341,1039,1803,1184,0,0,0,310924,2107,897193,2377,S,54364,0,236,0,497,65,0,0,54,3480141824,66934,0,849644,66934,38909,5,0
2023-01-09 02:21:30.681203,1833,341,1044,1813,1185,0,0,0,313484,2138,901965,2408,S,54369,0,236,0,501,66,0,0,54,3480141824,66933,0,849644,65372,38920,5,0
2023-01-09 02:21:30.931337,1847,341,1046,1816,1185,0,0,0,315700,2165,906563,2436,S,54375,0,236,0,507,66,0,0,54,3480141824,65372,0,851869,67133,39802,5,0
2023-01-09 02:21:31.194571,1859,343,1049,1819,1185,0,0,0,318128,2194,911245,2466,S,58706,0,237,0,516,69,0,0,55,3489255424,67133,0,852414,67130,39790,5,0
2023-01-09 02:21:31.459829,1867,343,1053,1819,1185,0,0,0,319942,2216,915393,2490,S,58720,0,237,0,526,71,0,0,55,3491487744,67130,0,852414,67130,39790,5,0
2023-01-09 02:21:31.716069,1875,344,1055,1819,1185,0,0,0,322456,2246,920659,2526,S,58720,0,237,0,527,72,0,0,55,3491487744,67124,0,852414,67124,39784,5,0
2023-01-09 02:21:31.970960,1884,345,1059,1821,1185,0,0,0,325947,2288,927924,2571,S,59973,0,237,0,546,74,0,0,56,3493171200,66853,0,851940,66524,38971,5,0
2023-01-09 02:21:32.231276,1896,345,1060,1821,1185,0,0,0,326948,2300,930858,2582,S,60992,0,237,0,548,74,0,0,56,3486011392,65618,0,851940,66524,38971,5,0
2023-01-09 02:21:32.486634,1902,346,1064,1821,1185,0,0,0,329537,2331,935657,2612,S,62492,0,237,0,561,76,0,0,56,3489546240,66524,0,851940,66524,38971,5,0
2023-01-09 02:21:32.758537,1913,346,1065,1821,1185,0,0,0,331370,2353,939741,2634,S,62493,0,237,0,567,77,0,0,56,3489546240,66524,0,851940,66524,38971,5,0
2023-01-09 02:21:33.006229,1920,347,1067,1821,1185,0,0,0,333236,2375,942637,2656,S,62496,0,237,0,570,79,0,0,56,3489546240,66524,0,851940,66524,38971,5,0
2023-01-09 02:21:33.271849,1931,347,1070,1822,1185,0,0,0,335386,2401,947123,2683,S,62501,0,237,0,577,80,0,0,56,3489546240,66524,0,851940,64576,38975,5,0
2023-01-09 02:21:33.548809,1945,347,1073,1823,1185,0,0,0,338036,2433,952111,2716,S,62551,0,237,0,586,81,0,0,56,3489546240,64576,0,851940,64792,39004,5,0
2023-01-09 02:21:33.802635,1956,347,1075,1823,1185,0,0,0,339808,2454,956327,2740,S,63327,0,237,0,597,82,0,0,56,3489546240,65189,0,851944,65349,39004,5,0
2023-01-09 02:21:34.056857,1965,348,1078,1824,1185,0,0,0,341920,2479,962180,2772,R,63520,0,237,0,607,84,0,0,56,3489562624,65349,0,851944,65349,39004,5,0
2023-01-09 02:21:34.321103,1976,348,1080,1825,1185,0,0,0,343984,2504,966528,2798,S,63533,0,237,0,618,87,0,0,56,3489562624,65349,0,851944,65216,39007,5,0
2023-01-09 02:21:34.580345,1992,348,1083,1831,1185,0,0,0,346558,2536,971254,2829,S,63548,0,237,0,633,89,0,0,56,3489562624,65161,1,852222,65050,39007,5,0
2023-01-09 02:21:34.860728,2006,348,1087,1833,1185,0,0,0,349898,2577,978062,2871,S,64062,0,237,0,639,90,0,0,57,3490721792,65213,1,854202,67175,39954,5,0
2023-01-09 02:21:35.117364,2011,349,1090,1833,1185,0,0,0,351962,2602,982278,2895,S,68437,0,237,0,651,94,0,0,57,3498811392,67175,1,854202,66445,40009,5,0
2023-01-09 02:21:35.383058,2022,350,1092,1834,1185,0,0,0,353176,2616,984615,2911,S,68438,0,237,0,656,94,0,0,57,3498811392,67175,1,854202,66445,40009,5,0
2023-01-09 02:21:35.665092,2031,350,1095,1835,1185,0,0,0,355784,2647,989480,2942,S,68438,0,237,0,665,97,0,0,57,3498811392,66445,1,854202,66477,40009,5,0
2023-01-09 02:21:35.904866,2039,350,1096,1836,1185,0,0,0,357646,2669,993876,2968,S,68438,0,237,0,665,97,0,0,57,3498811392,66477,1,854202,65430,40009,5,0
2023-01-09 02:21:36.167238,2049,350,1099,1844,1185,0,0,0,360050,2698,998272,2994,S,69241,0,237,0,668,98,0,0,57,3498917888,66221,0,854228,66218,40010,5,0
2023-01-09 02:21:36.430549,2061,351,1103,1845,1185,0,0,0,362290,2725,1003136,3026,S,69251,0,237,0,673,98,0,0,57,3498917888,66206,0,854228,66206,39998,5,0
2023-01-09 02:21:36.686689,2063,354,1106,1854,1185,0,0,0,364826,2756,1007599,3053,S,69372,0,237,0,679,100,0,0,57,3498917888,66206,0,852763,65490,38241,5,0
2023-01-09 02:21:36.958234,2079,355,1109,1855,1185,0,0,0,368379,2799,1015752,3097,S,69478,0,237,0,697,102,0,0,58,3500077056,66314,0,853626,66541,39132,5,0
2023-01-09 02:21:37.228974,2088,355,1111,1855,1185,0,0,0,370581,2825,1020566,3126,S,71838,0,237,0,704,104,0,0,58,3494752256,66079,0,853626,66540,39132,5,0
2023-01-09 02:21:37.495752,2094,355,1113,1855,1185,0,0,0,373174,2856,1024985,3155,S,72254,0,237,0,710,105,0,0,58,3496452096,66541,0,853626,66540,39132,5,0
2023-01-09 02:21:37.759565,2105,355,1116,1855,1185,0,0,0,374937,2877,1029319,3177,S,72254,0,237,0,719,107,0,0,58,3496452096,66540,1,853626,66540,39132,5,0
2023-01-09 02:21:38.021701,2113,356,1119,1855,1185,0,0,0,376283,2893,1031241,3190,S,72254,0,237,0,719,107,0,0,58,3496452096,66540,1,853626,66540,39132,5,0
2023-01-09 02:21:38.282135,2119,356,1120,1855,1185,0,0,0,378560,2921,1036011,3220,S,72254,0,237,0,719,107,0,0,58,3496452096,66540,1,853626,66540,39132,5,0
2023-01-09 02:21:38.543920,2129,359,1124,1855,1185,0,0,0,381140,2952,1041261,3257,S,72260,0,237,0,719,107,0,0,58,3496452096,66540,1,853626,66540,39132,5,0
2023-01-09 02:21:38.809443,2135,359,1127,1855,1185,0,0,0,382912,2973,1044224,3280,S,72260,0,237,0,719,107,0,0,58,3496452096,66540,1,852794,64536,38975,5,0
2023-01-09 02:21:39.055236,2140,363,1132,1855,1185,0,0,0,385472,3004,1049132,3313,R,72276,0,237,0,721,108,0,0,58,3493044224,64531,1,853082,65033,38976,5,0
2023-01-09 02:21:39.320936,2149,364,1135,1855,1185,0,0,0,387650,3030,1053416,3338,S,72786,0,237,0,725,108,0,0,58,3494223872,65033,1,853128,63872,37737,5,0
2023-01-09 02:21:39.591809,2160,364,1139,1855,1185,0,0,0,390863,3069,1060779,3384,S,76770,0,237,0,735,111,0,0,59,3499409408,66186,1,854348,66186,39885,5,0
2023-01-09 02:21:39.842303,2167,365,1141,1855,1185,0,0,0,392360,3087,1063325,3405,S,76770,0,237,0,736,112,0,0,59,3499409408,66186,1,854348,66186,39885,5,0
2023-01-09 02:21:40.124242,2181,366,1145,1855,1186,0,0,0,395531,3125,1070472,3447,S,76770,0,237,0,746,113,0,0,59,3499409408,66186,1,854348,66186,39885,5,0
2023-01-09 02:21:40.394059,2184,367,1146,1855,1186,0,0,0,396186,3133,1072039,3456,S,76770,0,237,0,746,113,0,0,59,3499409408,66186,1,854348,66186,39885,5,0
2023-01-09 02:21:40.649020,2195,369,1151,1855,1187,0,0,0,398922,3165,1077513,3496,S,76770,0,237,0,746,113,0,0,59,3499409408,66186,1,852883,63317,38168,5,0
2023-01-09 02:21:40.923114,2230,370,1156,1855,1187,0,0,0,403361,3219,1086494,3547,S,79155,0,237,0,753,115,0,0,60,3495108608,63781,1,853331,63850,38568,5,0
2023-01-09 02:21:41.151341,2256,373,1163,1855,1187,0,0,0,404293,3230,1088610,3560,S,79237,0,237,0,758,117,0,0,60,3495243776,63850,0,853746,64312,39026,5,0
2023-01-09 02:21:41.437088,2278,374,1167,1855,1187,0,0,0,405572,3246,1092149,3578,S,79237,0,237,0,758,117,0,0,60,3495243776,63850,0,853746,64312,39026,5,0
2023-01-09 02:21:41.677549,2285,376,1170,1855,1188,0,0,0,407916,3274,1095647,3607,S,79653,0,237,0,761,117,0,0,60,3496943616,64312,0,853746,64312,39026,5,0
2023-01-09 02:21:41.963590,2330,383,1180,1855,1188,0,0,0,410973,3311,1102720,3652,S,79653,0,237,0,765,117,0,0,60,3496943616,64312,0,853746,64312,39026,5,0
2023-01-09 02:21:42.225005,2335,386,1182,1855,1188,0,0,0,412782,3333,1105773,3676,S,79653,0,237,0,765,117,0,0,60,3496943616,64312,0,853746,64312,39026,5,0
2023-01-09 02:21:42.479612,2358,391,1187,1855,1188,0,0,0,415088,3361,1110509,3706,S,79653,0,237,0,765,117,0,0,60,3496943616,64312,0,853746,61740,39026,5,0
2023-01-09 02:21:42.745742,2407,400,1200,1856,1188,0,0,0,418964,3408,1119598,3762,S,82168,0,237,0,774,117,0,0,61,3495956480,62864,0,854259,63420,39171,5,0
2023-01-09 02:21:43.000996,2408,400,1200,1856,1188,0,0,0,419210,3411,1120829,3767,R,82171,0,237,0,775,117,0,0,61,3495956480,62864,0,854259,63420,39171,5,0
2023-01-09 02:21:43.277165,2440,402,1210,1856,1188,0,0,0,422174,3447,1127670,3810,S,82916,0,237,0,778,118,0,0,61,3499044864,63420,0,854259,63420,39171,5,0
2023-01-09 02:21:43.547844,2453,407,1215,1856,1188,0,0,0,425116,3483,1132640,3843,S,82916,0,237,0,778,118,0,0,61,3499044864,63420,0,854980,64120,39887,5,0
2023-01-09 02:21:44.061317,2506,415,1224,1856,1188,0,0,0,429164,3532,1141750,3900,S,83636,0,237,0,792,118,0,0,61,3501998080,64120,0,854980,64120,39887,5,0
2023-01-09 02:21:43.801050,2490,412,1221,1856,1188,0,0,0,428443,3523,1139937,3888,S,83636,0,237,0,792,118,0,0,61,3501998080,64120,0,854980,64120,39887,5,0
2023-01-09 02:21:44.310116,2514,419,1230,1856,1188,0,0,0,433412,3583,1151746,3954,S,84977,0,237,0,811,120,0,0,61,3501998080,63558,0,854732,64077,39984,5,0
2023-01-09 02:21:44.845767,2536,421,1234,1856,1188,0,0,0,435777,3611,1156737,3985,S,85819,0,237,0,823,122,0,0,60,3500982272,64366,0,854458,64415,40042,5,0
2023-01-09 02:21:44.595571,2532,421,1233,1856,1188,0,0,0,435777,3611,1156737,3985,S,85819,0,237,0,821,122,0,0,60,3500982272,64366,0,854741,64492,40058,5,0
2023-01-09 02:21:45.116488,2545,422,1237,1856,1188,0,0,0,438887,3648,1164268,4024,R,86145,0,238,0,831,124,0,0,59,3499859968,64415,0,853732,66244,39146,5,0
2023-01-09 02:21:45.628093,2599,425,1247,1856,1188,0,0,0,442963,3697,1173028,4076,R,91031,0,238,0,858,125,0,0,60,3497209856,66270,0,854244,66576,39150,5,0
2023-01-09 02:21:45.372538,2550,422,1239,1856,1188,0,0,0,442249,3688,1169934,4063,D,88008,0,238,0,851,124,0,0,60,3493855232,63742,0,854244,66576,39150,5,0
2023-01-09 02:21:45.894588,2621,427,1252,1856,1188,0,0,0,445854,3731,1178168,4112,S,91351,0,238,0,865,126,0,0,60,3498983424,66576,0,854244,66576,39150,5,0
2023-01-09 02:21:46.147655,2637,428,1255,1856,1188,0,0,0,445698,3729,1177165,4110,S,91351,0,238,0,865,126,0,0,60,3498983424,66576,0,854244,66576,39150,5,0
2023-01-09 02:21:46.413177,2655,433,1260,1856,1188,0,0,0,448332,3760,1184482,4148,S,91351,0,238,0,865,126,0,0,60,3498983424,66576,0,854244,66576,39150,5,0
2023-01-09 02:21:46.683840,2678,442,1268,1856,1188,0,0,0,450888,3791,1189547,4183,S,91351,0,238,0,865,126,0,0,60,3498983424,66576,0,854244,64279,39155,5,0
2023-01-09 02:21:46.941248,2718,449,1275,1857,1188,0,0,0,454904,3839,1198630,4236,S,91440,0,238,0,881,128,0,0,60,3498983424,64279,1,853281,63756,37910,5,0
2023-01-09 02:21:47.209187,2732,450,1279,1858,1188,0,0,0,456924,3863,1201713,4260,S,91443,0,238,0,889,129,0,0,60,3498983424,64279,1,855478,67016,40056,5,0
2023-01-09 02:21:47.472466,2759,451,1283,1858,1188,0,0,0,457326,3868,1203100,4267,S,91567,0,238,0,895,130,0,0,61,3500142592,64343,0,855478,67024,40056,5,0
2023-01-09 02:21:47.730931,2807,453,1291,1858,1188,0,0,0,460342,3904,1210006,4309,S,95445,0,238,0,907,132,0,0,61,3504037888,67024,0,855478,67024,40056,5,0
2023-01-09 02:21:47.991313,2822,454,1294,1858,1188,0,0,0,463952,3947,1217279,4354,S,95448,0,238,0,920,132,0,0,61,3504037888,67024,0,855478,66683,40070,5,0
2023-01-09 02:21:48.240648,2858,458,1301,1858,1188,0,0,0,465161,3961,1219419,4367,R,95448,0,238,0,924,133,0,0,61,3504037888,66683,0,855478,66683,40070,5,0
2023-01-09 02:21:48.513712,2872,458,1303,1858,1188,0,0,0,466678,3979,1223139,4386,S,95448,0,238,0,931,133,0,0,61,3504037888,66683,0,855478,66683,40070,5,0
2023-01-09 02:21:48.780888,2891,459,1307,1858,1188,0,0,0,468142,3996,1225435,4401,S,95448,0,238,0,941,134,0,0,61,3504037888,66683,0,855478,66682,40070,5,0
2023-01-09 02:21:49.293890,2909,460,1309,1859,1188,0,0,0,472673,4049,1235449,4453,S,95452,0,238,0,963,135,0,0,61,3504037888,66682,0,854946,66693,40081,5,0
2023-01-09 02:21:49.028437,2904,460,1308,1859,1188,0,0,0,471892,4040,1233906,4444,S,95452,0,238,0,960,135,0,0,61,3504037888,66682,0,854946,66693,40081,5,0
