#wik.dualcamera
#./workspace/wik.dualcamera_0/wik.dualcamera.apk
#time,user_cpu,nice_cpu,system_cpu,idle_cpu,iowait_cpu,irq_cpu,softirq_cpu,steal_cpu,receive_byte,receive_packet,transmit_byte,transmit_packet,state,minflt,cminflt,majflt,cmahflat,utime,stime,cutime,cstime,numthread,vss,rss,processor,rmsize,vmsize,shared,text,data
2023-01-09 02:35:22.783452,968,323,901,1645,1153,0,0,0,394190,989,628471,1032,-1,-1,-1,-1,-1,-1,-1,-1,-1,-1,-1,-1,-1,-1,-1,-1,-1,-1
2023-01-09 02:35:23.050708,973,326,905,1645,1153,0,0,0,397597,1031,635085,1074,-1,-1,-1,-1,-1,-1,-1,-1,-1,-1,-1,-1,-1,-1,-1,-1,-1,-1
2023-01-09 02:35:23.304769,985,329,911,1645,1158,0,0,0,401544,1078,648412,1132,-1,-1,-1,-1,-1,-1,-1,-1,-1,-1,-1,-1,-1,-1,-1,-1,-1,-1
2023-01-09 02:35:23.570587,991,329,912,1645,1158,0,0,0,403748,1104,656764,1166,-1,-1,-1,-1,-1,-1,-1,-1,-1,-1,-1,-1,-1,-1,-1,-1,-1,-1
2023-01-09 02:35:23.822319,1005,330,914,1646,1158,0,0,0,405955,1130,661104,1193,-1,-1,-1,-1,-1,-1,-1,-1,-1,-1,-1,-1,-1,-1,-1,-1,-1,-1
2023-01-09 02:35:24.086584,1009,330,916,1646,1158,0,0,0,408341,1158,666019,1226,-1,-1,-1,-1,-1,-1,-1,-1,-1,-1,-1,-1,-1,-1,-1,-1,-1,-1
2023-01-09 02:35:24.338447,1017,331,920,1646,1158,0,0,0,410006,1178,670627,1246,-1,-1,-1,-1,-1,-1,-1,-1,-1,-1,-1,-1,-1,-1,-1,-1,-1,-1
2023-01-09 02:35:24.600527,1039,333,925,1646,1158,0,0,0,413796,1224,681348,1296,-1,-1,-1,-1,-1,-1,-1,-1,-1,-1,-1,-1,-1,-1,-1,-1,-1,-1
2023-01-09 02:35:24.888130,1065,337,932,1647,1158,0,0,0,418429,1280,692906,1357,-1,-1,-1,-1,-1,-1,-1,-1,-1,-1,-1,-1,-1,-1,-1,-1,-1,-1
2023-01-09 02:35:25.148559,1087,342,936,1647,1158,0,0,0,420758,1309,700892,1390,-1,-1,-1,-1,-1,-1,-1,-1,-1,-1,-1,-1,-1,-1,-1,-1,-1,-1
2023-01-09 02:35:25.445066,1119,346,942,1647,1158,0,0,0,424081,1348,706457,1431,-1,-1,-1,-1,-1,-1,-1,-1,-1,-1,-1,-1,-1,-1,-1,-1,-1,-1
2023-01-09 02:35:25.671563,1137,349,947,1648,1158,0,0,0,428430,1401,717925,1489,-1,-1,-1,-1,-1,-1,-1,-1,-1,-1,-1,-1,-1,-1,-1,-1,-1,-1
2023-01-09 02:35:25.941395,1176,349,953,1649,1158,0,0,0,430883,1430,724695,1520,-1,-1,-1,-1,-1,-1,-1,-1,-1,-1,-1,-1,-1,-1,-1,-1,-1,-1
2023-01-09 02:35:26.210581,1190,350,955,1653,1159,0,0,0,433218,1458,729338,1550,-1,-1,-1,-1,-1,-1,-1,-1,-1,-1,-1,-1,-1,-1,-1,-1,-1,-1
2023-01-09 02:35:26.455345,1209,350,957,1670,1159,0,0,0,436559,1499,737192,1592,-1,-1,-1,-1,-1,-1,-1,-1,-1,-1,-1,-1,-1,-1,-1,-1,-1,-1
2023-01-09 02:35:27.000175,1269,350,967,1689,1159,0,0,0,443609,1586,757435,1688,-1,-1,-1,-1,-1,-1,-1,-1,-1,-1,-1,-1,-1,-1,-1,-1,-1,-1
2023-01-09 02:35:26.731195,1253,350,965,1689,1159,0,0,0,444045,1591,758822,1695,-1,-1,-1,-1,-1,-1,-1,-1,-1,-1,-1,-1,-1,-1,-1,-1,-1,-1
2023-01-09 02:35:27.282385,1302,350,971,1690,1159,0,0,0,445980,1614,761650,1718,-1,-1,-1,-1,-1,-1,-1,-1,-1,-1,-1,-1,-1,-1,-1,-1,-1,-1
2023-01-09 02:35:27.791144,1358,353,982,1690,1159,0,0,0,450934,1674,770927,1779,-1,-1,-1,-1,-1,-1,-1,-1,-1,-1,-1,-1,-1,-1,-1,-1,-1,-1
2023-01-09 02:35:27.538274,1346,352,980,1690,1159,0,0,0,449745,1659,768859,1765,-1,-1,-1,-1,-1,-1,-1,-1,-1,-1,-1,-1,-1,-1,-1,-1,-1,-1
2023-01-09 02:35:28.049266,1379,354,988,1694,1159,0,0,0,455960,1735,786265,1845,-1,-1,-1,-1,-1,-1,-1,-1,-1,-1,-1,-1,-1,-1,-1,-1,-1,-1
2023-01-09 02:35:28.330353,1398,354,991,1703,1159,0,0,0,457578,1754,789027,1867,-1,-1,-1,-1,-1,-1,-1,-1,-1,-1,-1,-1,-1,-1,-1,-1,-1,-1
2023-01-09 02:35:28.582473,1430,354,1000,1712,1159,0,0,0,462000,1808,804631,1930,-1,-1,-1,-1,-1,-1,-1,-1,-1,-1,-1,-1,-1,-1,-1,-1,-1,-1
2023-01-09 02:35:28.852948,1464,355,1006,1713,1160,0,0,0,465333,1848,813516,1973,-1,-1,-1,-1,-1,-1,-1,-1,-1,-1,-1,-1,-1,-1,-1,-1,-1,-1
2023-01-09 02:35:29.113971,1495,356,1009,1714,1160,0,0,0,466769,1865,815569,1987,-1,-1,-1,-1,-1,-1,-1,-1,-1,-1,-1,-1,-1,-1,-1,-1,-1,-1
2023-01-09 02:35:29.378742,1539,356,1017,1714,1160,0,0,0,470545,1909,826872,2030,-1,-1,-1,-1,-1,-1,-1,-1,-1,-1,-1,-1,-1,-1,-1,-1,-1,-1
2023-01-09 02:35:29.639544,1546,356,1018,1714,1160,0,0,0,471656,1922,832151,2044,-1,-1,-1,-1,-1,-1,-1,-1,-1,-1,-1,-1,-1,-1,-1,-1,-1,-1
2023-01-09 02:35:30.160188,1650,358,1033,1714,1160,0,0,0,477560,1992,842341,2110,-1,-1,-1,-1,-1,-1,-1,-1,-1,-1,-1,-1,-1,-1,-1,-1,-1,-1
2023-01-09 02:35:29.894590,1595,358,1027,1714,1160,0,0,0,478184,1999,844969,2119,-1,-1,-1,-1,-1,-1,-1,-1,-1,-1,-1,-1,-1,-1,-1,-1,-1,-1
2023-01-09 02:35:30.419439,1659,358,1034,1714,1160,0,0,0,479973,2021,853142,2141,-1,-1,-1,-1,-1,-1,-1,-1,-1,-1,-1,-1,-1,-1,-1,-1,-1,-1
2023-01-09 02:35:30.663782,1685,359,1037,1714,1160,0,0,0,481858,2043,856787,2159,-1,-1,-1,-1,-1,-1,-1,-1,-1,-1,-1,-1,-1,-1,-1,-1,-1,-1
2023-01-09 02:35:30.919962,1711,359,1041,1714,1160,0,0,0,486439,2096,870669,2208,-1,-1,-1,-1,-1,-1,-1,-1,-1,-1,-1,-1,-1,-1,-1,-1,-1,-1
2023-01-09 02:35:31.436534,1773,359,1052,1714,1160,0,0,0,492813,2174,890061,2294,-1,-1,-1,-1,-1,-1,-1,-1,-1,-1,-1,-1,-1,-1,-1,-1,-1,-1
2023-01-09 02:35:31.977458,1830,360,1060,1715,1160,0,0,0,494839,2197,893246,2312,-1,-1,-1,-1,-1,-1,-1,-1,-1,-1,-1,-1,-1,-1,-1,-1,-1,-1
2023-01-09 02:35:31.722095,1784,359,1054,1714,1160,0,0,0,494347,2191,891604,2303,-1,-1,-1,-1,-1,-1,-1,-1,-1,-1,-1,-1,-1,-1,-1,-1,-1,-1
2023-01-09 02:35:31.195535,1731,359,1045,1714,1160,0,0,0,491385,2156,884018,2273,-1,-1,-1,-1,-1,-1,-1,-1,-1,-1,-1,-1,-1,-1,-1,-1,-1,-1
2023-01-09 02:35:32.228376,1868,361,1065,1715,1160,0,0,0,496462,2216,898104,2332,-1,-1,-1,-1,-1,-1,-1,-1,-1,-1,-1,-1,-1,-1,-1,-1,-1,-1
2023-01-09 02:35:32.514780,1870,361,1067,1715,1160,0,0,0,500691,2267,904929,2385,-1,-1,-1,-1,-1,-1,-1,-1,-1,-1,-1,-1,-1,-1,-1,-1,-1,-1
2023-01-09 02:35:32.770331,1891,362,1074,1716,1160,0,0,0,501186,2273,906430,2393,-1,-1,-1,-1,-1,-1,-1,-1,-1,-1,-1,-1,-1,-1,-1,-1,-1,-1
2023-01-09 02:35:33.031507,1897,370,1082,1720,1160,0,0,0,508273,2359,935467,2494,-1,-1,-1,-1,-1,-1,-1,-1,-1,-1,-1,-1,-1,-1,-1,-1,-1,-1
2023-01-09 02:35:33.281816,1962,371,1093,1721,1160,0,0,0,510835,2390,940969,2521,-1,-1,-1,-1,-1,-1,-1,-1,-1,-1,-1,-1,-1,-1,-1,-1,-1,-1
2023-01-09 02:35:33.578800,1974,372,1094,1721,1160,0,0,0,512820,2413,944837,2542,-1,-1,-1,-1,-1,-1,-1,-1,-1,-1,-1,-1,-1,-1,-1,-1,-1,-1
2023-01-09 02:35:33.802542,2003,372,1098,1722,1160,0,0,0,515775,2448,951937,2577,-1,-1,-1,-1,-1,-1,-1,-1,-1,-1,-1,-1,-1,-1,-1,-1,-1,-1
2023-01-09 02:35:34.320493,2065,373,1107,1722,1160,0,0,0,520851,2507,964464,2633,-1,-1,-1,-1,-1,-1,-1,-1,-1,-1,-1,-1,-1,-1,-1,-1,-1,-1
2023-01-09 02:35:34.059971,2059,372,1104,1722,1160,0,0,0,521486,2515,966259,2644,-1,-1,-1,-1,-1,-1,-1,-1,-1,-1,-1,-1,-1,-1,-1,-1,-1,-1
2023-01-09 02:35:34.592876,2092,373,1113,1722,1160,0,0,0,522390,2526,969328,2657,-1,-1,-1,-1,-1,-1,-1,-1,-1,-1,-1,-1,-1,-1,-1,-1,-1,-1
2023-01-09 02:35:35.104575,2160,374,1122,1722,1160,0,0,0,527615,2588,980088,2718,-1,-1,-1,-1,-1,-1,-1,-1,-1,-1,-1,-1,-1,-1,-1,-1,-1,-1
2023-01-09 02:35:34.839090,2195,374,1125,1722,1160,0,0,0,528773,2603,985782,2733,-1,-1,-1,-1,-1,-1,-1,-1,-1,-1,-1,-1,-1,-1,-1,-1,-1,-1
2023-01-09 02:35:35.625276,2226,374,1130,1722,1160,0,0,0,531548,2635,989898,2756,-1,-1,-1,-1,-1,-1,-1,-1,-1,-1,-1,-1,-1,-1,-1,-1,-1,-1
2023-01-09 02:35:35.364838,2235,374,1132,1722,1160,0,0,0,533907,2663,996371,2783,-1,-1,-1,-1,-1,-1,-1,-1,-1,-1,-1,-1,-1,-1,-1,-1,-1,-1
2023-01-09 02:35:35.895506,2268,375,1137,1722,1160,0,0,0,538166,2714,1007051,2842,-1,-1,-1,-1,-1,-1,-1,-1,-1,-1,-1,-1,-1,-1,-1,-1,-1,-1
2023-01-09 02:35:36.149597,2309,375,1141,1722,1160,0,0,0,540031,2737,1011316,2869,-1,-1,-1,-1,-1,-1,-1,-1,-1,-1,-1,-1,-1,-1,-1,-1,-1,-1
2023-01-09 02:35:36.415319,2341,375,1145,1722,1160,0,0,0,542081,2760,1013477,2885,-1,-1,-1,-1,-1,-1,-1,-1,-1,-1,-1,-1,-1,-1,-1,-1,-1,-1
2023-01-09 02:35:36.923841,2370,376,1149,1722,1160,0,0,0,545824,2806,1027471,2934,-1,-1,-1,-1,-1,-1,-1,-1,-1,-1,-1,-1,-1,-1,-1,-1,-1,-1
2023-01-09 02:35:36.670029,2368,376,1148,1722,1160,0,0,0,545266,2799,1025747,2925,-1,-1,-1,-1,-1,-1,-1,-1,-1,-1,-1,-1,-1,-1,-1,-1,-1,-1
2023-01-09 02:35:37.182139,2387,376,1154,1722,1160,0,0,0,547377,2824,1031708,2950,-1,-1,-1,-1,-1,-1,-1,-1,-1,-1,-1,-1,-1,-1,-1,-1,-1,-1
2023-01-09 02:35:37.429119,2416,377,1160,1722,1160,0,0,0,550525,2861,1040162,2981,-1,-1,-1,-1,-1,-1,-1,-1,-1,-1,-1,-1,-1,-1,-1,-1,-1,-1
2023-01-09 02:35:37.705354,2446,377,1166,1722,1160,0,0,0,553792,2900,1046363,3013,-1,-1,-1,-1,-1,-1,-1,-1,-1,-1,-1,-1,-1,-1,-1,-1,-1,-1
2023-01-09 02:35:37.967946,2455,377,1168,1722,1160,0,0,0,554960,2914,1049621,3027,-1,-1,-1,-1,-1,-1,-1,-1,-1,-1,-1,-1,-1,-1,-1,-1,-1,-1
2023-01-09 02:35:38.490857,2514,378,1182,1722,1160,0,0,0,562926,3009,1079716,3129,-1,-1,-1,-1,-1,-1,-1,-1,-1,-1,-1,-1,-1,-1,-1,-1,-1,-1
2023-01-09 02:35:38.217669,2507,377,1180,1722,1160,0,0,0,561793,2996,1077741,3116,-1,-1,-1,-1,-1,-1,-1,-1,-1,-1,-1,-1,-1,-1,-1,-1,-1,-1
2023-01-09 02:35:39.011566,2603,380,1195,1722,1160,0,0,0,565812,3043,1085057,3168,-1,-1,-1,-1,-1,-1,-1,-1,-1,-1,-1,-1,-1,-1,-1,-1,-1,-1
2023-01-09 02:35:38.741133,2605,380,1195,1722,1160,0,0,0,566034,3046,1086469,3171,-1,-1,-1,-1,-1,-1,-1,-1,-1,-1,-1,-1,-1,-1,-1,-1,-1,-1
2023-01-09 02:35:39.272197,2632,381,1200,1722,1160,0,0,0,570417,3098,1100803,3225,-1,-1,-1,-1,-1,-1,-1,-1,-1,-1,-1,-1,-1,-1,-1,-1,-1,-1
2023-01-09 02:35:39.806150,2666,383,1207,1722,1160,0,0,0,574824,3150,1108766,3278,-1,-1,-1,-1,-1,-1,-1,-1,-1,-1,-1,-1,-1,-1,-1,-1,-1,-1
