#proof.songbook
#./workspace/proof.songbook_0/proof.songbook.apk
#time,user_cpu,nice_cpu,system_cpu,idle_cpu,iowait_cpu,irq_cpu,softirq_cpu,steal_cpu,receive_byte,receive_packet,transmit_byte,transmit_packet,state,minflt,cminflt,majflt,cmahflat,utime,stime,cutime,cstime,numthread,vss,rss,processor,rmsize,vmsize,shared,text,data
2023-01-09 01:55:59.220382,906,317,889,1816,1161,0,0,0,273238,629,603471,767,S,2029,0,2,0,1,1,0,0,12,3282542592,22389,0,801402,22389,17754,5,0
2023-01-09 01:55:59.480862,913,319,893,1816,1161,0,0,0,275860,661,608367,799,S,2029,0,2,0,1,1,0,0,12,3282542592,22389,0,801402,22389,17754,5,0
2023-01-09 01:55:59.756502,924,320,896,1816,1161,0,0,0,278104,688,614138,830,S,2029,0,2,0,1,1,0,0,12,3282542592,22389,0,801402,22389,17754,5,0
2023-01-09 01:56:00.017066,934,321,899,1818,1161,0,0,0,282389,741,623614,886,S,2029,0,2,0,1,1,0,0,12,3282542592,22389,0,801402,22389,17754,5,0
2023-01-09 01:56:00.265887,942,321,902,1818,1161,0,0,0,283730,757,625872,903,S,2029,0,2,0,1,1,0,0,12,3282542592,22389,0,801402,22389,17754,5,0
2023-01-09 01:56:00.529619,951,322,903,1818,1161,0,0,0,286974,796,632860,945,S,2029,0,2,0,1,1,0,0,12,3282542592,22389,0,801402,22480,17794,5,0
2023-01-09 01:56:00.792586,959,323,906,1818,1161,0,0,0,287442,802,634337,953,S,2097,0,2,0,1,1,0,0,12,3282542592,22480,0,801402,22480,17794,5,0
2023-01-09 01:56:01.314971,971,325,910,1818,1161,0,0,0,291407,850,642040,1003,S,2097,0,2,0,1,1,0,0,12,3282542592,22480,0,801402,22480,17794,5,0
2023-01-09 01:56:01.056688,973,325,911,1818,1161,0,0,0,292280,860,643517,1011,S,2097,0,2,0,1,1,0,0,12,3282542592,22480,0,801402,22480,17794,5,0
2023-01-09 01:56:01.593648,981,326,915,1818,1162,0,0,0,294794,890,651158,1051,S,2097,0,2,0,1,1,0,0,12,3282542592,22480,0,801402,22480,17794,5,0
2023-01-09 01:56:01.839166,984,327,918,1818,1162,0,0,0,296230,907,653689,1069,S,2097,0,2,0,1,1,0,0,12,3282542592,22480,0,801402,22480,17794,5,0
2023-01-09 01:56:02.109737,992,329,920,1818,1162,0,0,0,298810,938,658646,1102,S,2097,0,2,0,1,1,0,0,12,3282542592,22480,0,801402,22480,17794,5,0
2023-01-09 01:56:02.359442,1006,332,926,1818,1162,0,0,0,301016,964,663202,1131,S,2097,0,2,0,1,1,0,0,12,3282542592,22480,0,801434,22480,17794,5,0
2023-01-09 01:56:02.638928,1016,333,929,1818,1163,0,0,0,303416,993,667975,1160,S,2103,0,2,0,1,1,0,0,12,3282673664,22480,0,801434,22480,17794,5,0
2023-01-09 01:56:02.898996,1025,335,932,1818,1163,0,0,0,306161,1026,674144,1194,S,2103,0,2,0,1,1,0,0,12,3282673664,22480,0,801434,22480,17794,5,0
2023-01-09 01:56:03.157742,1035,336,933,1819,1164,0,0,0,307928,1047,678240,1216,S,2103,0,2,0,1,1,0,0,12,3282673664,22480,0,801434,22480,17794,5,0
2023-01-09 01:56:03.424887,1041,337,936,1819,1164,0,0,0,310787,1081,683720,1253,S,2103,0,2,0,1,1,0,0,12,3282673664,22480,0,0,0,0,0,0
2023-01-09 01:56:03.673381,1047,338,937,1819,1164,0,0,0,311566,1090,685353,1263,S,2103,0,2,0,1,1,0,0,12,3282673664,22480,0,-1,-1,-1,-1,-1
2023-01-09 01:56:03.928891,1054,339,942,1819,1164,0,0,0,314527,1126,690479,1299,-1,-1,-1,-1,-1,-1,-1,-1,-1,-1,-1,-1,-1,-1,-1,-1,-1,-1
2023-01-09 01:56:04.199640,1062,340,946,1819,1164,0,0,0,318098,1169,699729,1344,-1,-1,-1,-1,-1,-1,-1,-1,-1,-1,-1,-1,-1,-1,-1,-1,-1,-1
2023-01-09 01:56:04.472370,1072,340,950,1819,1164,0,0,0,319468,1185,702238,1362,S,7053,0,0,0,11,5,0,0,22,3306684416,25845,0,807296,25825,20679,5,0
2023-01-09 01:56:04.727112,1078,342,958,1820,1167,0,0,0,324122,1241,715374,1425,S,7053,0,0,0,11,5,0,0,22,3306684416,25825,0,807296,25823,20677,5,0
2023-01-09 01:56:04.992600,1084,342,959,1820,1167,0,0,0,324777,1249,716851,1433,S,7053,0,0,0,11,5,0,0,22,3306684416,25825,0,807296,25823,20677,5,0
2023-01-09 01:56:05.266812,1094,342,965,1820,1168,0,0,0,327301,1279,721880,1467,S,7053,0,0,0,11,5,0,0,22,3306684416,25823,0,807296,25823,20677,5,0
2023-01-09 01:56:05.530376,1114,342,969,1821,1171,0,0,0,329899,1311,726668,1498,S,7053,0,0,0,11,5,0,0,22,3306684416,25823,0,807296,25823,20677,5,0
2023-01-09 01:56:05.776626,1127,342,971,1824,1171,0,0,0,332299,1340,732780,1533,S,7053,0,0,0,11,5,0,0,22,3306684416,25823,0,807296,25823,20677,5,0
2023-01-09 01:56:06.052233,1152,343,974,1841,1172,0,0,0,334873,1372,737585,1565,S,7053,0,0,0,11,5,0,0,22,3306684416,25823,0,807296,25823,20677,5,0
2023-01-09 01:56:06.307000,1184,343,980,1847,1172,0,0,0,337495,1404,742684,1600,S,7053,0,0,0,11,5,0,0,22,3306684416,25823,0,807296,25823,20677,5,0
2023-01-09 01:56:06.562823,1210,343,985,1849,1172,0,0,0,339829,1432,747381,1630,S,7053,0,0,0,11,5,0,0,22,3306684416,25823,0,807296,25823,20677,5,0
2023-01-09 01:56:06.818251,1229,344,989,1853,1172,0,0,0,341851,1456,751964,1659,S,7053,0,0,0,11,5,0,0,22,3306684416,25823,0,807296,25823,20677,5,0
2023-01-09 01:56:07.093734,1266,344,996,1856,1172,0,0,0,345606,1502,758718,1700,S,7053,0,0,0,11,5,0,0,22,3306684416,25823,0,807296,25823,20677,5,0
2023-01-09 01:56:07.609805,1324,345,1003,1856,1172,0,0,0,350419,1560,768613,1752,S,7053,0,0,0,11,5,0,0,22,3306684416,25823,0,807296,25823,20677,5,0
2023-01-09 01:56:07.349448,1318,345,1002,1856,1172,0,0,0,349100,1544,765480,1738,S,7053,0,0,0,11,5,0,0,22,3306684416,25823,0,807296,25823,20677,5,0
2023-01-09 01:56:08.146157,1390,346,1014,1856,1172,0,0,0,352841,1589,773392,1778,S,7053,0,0,0,11,5,0,0,22,3306684416,25823,0,807296,25813,20667,5,0
2023-01-09 01:56:07.875358,1372,346,1011,1856,1172,0,0,0,354302,1606,776591,1793,S,7053,0,0,0,11,5,0,0,22,3306684416,25823,0,807296,25813,20667,5,0
2023-01-09 01:56:08.390904,1441,347,1022,1856,1172,0,0,0,359034,1662,785348,1840,S,7053,0,0,0,11,5,0,0,22,3306684416,25813,0,807296,25813,20667,5,0
2023-01-09 01:56:08.651464,1479,348,1027,1856,1172,0,0,0,360264,1677,790215,1855,S,7053,0,0,0,11,5,0,0,22,3306684416,25813,0,807296,25813,20667,5,0
2023-01-09 01:56:08.917228,1550,348,1039,1856,1172,0,0,0,365455,1738,799903,1904,S,7053,0,0,0,11,5,0,0,22,3306684416,25813,0,807296,25813,20667,5,0
2023-01-09 01:56:09.428056,1539,348,1036,1856,1172,0,0,0,364140,1722,795736,1889,S,7053,0,0,0,11,5,0,0,22,3306684416,25813,0,807296,25813,20667,5,0
2023-01-09 01:56:09.172815,1544,348,1037,1856,1172,0,0,0,365020,1733,798581,1899,S,7053,0,0,0,11,5,0,0,22,3306684416,25813,0,807296,25813,20667,5,0
2023-01-09 01:56:09.953978,1614,349,1048,1856,1172,0,0,0,368117,1769,805505,1932,S,7053,0,0,0,11,5,0,0,22,3306684416,25813,0,807296,25813,20667,5,0
2023-01-09 01:56:09.693788,1614,349,1048,1856,1172,0,0,0,367526,1762,804099,1926,S,7053,0,0,0,11,5,0,0,22,3306684416,25813,0,807296,25813,20667,5,0
2023-01-09 01:56:10.480346,1647,351,1058,1856,1172,0,0,0,371133,1805,811076,1970,S,7053,0,0,0,11,5,0,0,22,3306684416,25813,0,807296,25813,20667,5,0
2023-01-09 01:56:10.219704,1623,350,1052,1856,1172,0,0,0,370547,1798,810253,1960,S,7053,0,0,0,11,5,0,0,22,3306684416,25813,0,807296,25813,20667,5,0
2023-01-09 01:56:10.725698,1673,352,1064,1856,1172,0,0,0,373585,1834,816348,1994,S,7053,0,0,0,11,5,0,0,22,3306684416,25813,0,807296,25813,20667,5,0
2023-01-09 01:56:10.996112,1689,352,1066,1856,1172,0,0,0,374640,1846,818143,2006,S,7053,0,0,0,11,5,0,0,22,3306684416,25813,0,807296,25813,20667,5,0
2023-01-09 01:56:11.273680,1721,353,1072,1856,1172,0,0,0,376829,1872,822947,2032,S,7053,0,0,0,11,5,0,0,22,3306684416,25813,0,807296,25813,20667,5,0
2023-01-09 01:56:11.533963,1746,355,1079,1856,1172,0,0,0,379886,1909,828390,2068,S,7053,0,0,0,11,5,0,0,22,3306684416,25813,0,807296,25813,20667,5,0
2023-01-09 01:56:11.795226,1754,355,1082,1856,1172,0,0,0,380665,1918,829933,2077,S,7053,0,0,0,11,5,0,0,22,3306684416,25813,0,807296,25788,20642,5,0
2023-01-09 01:56:12.591902,1847,359,1102,1856,1172,0,0,0,387469,2001,843387,2155,S,7053,0,0,0,11,5,0,0,22,3306684416,25788,0,-1,-1,-1,-1,-1
2023-01-09 01:56:12.055387,1824,358,1098,1856,1172,0,0,0,387001,1995,840950,2150,S,7053,0,0,0,11,5,0,0,22,3306684416,25788,0,-1,-1,-1,-1,-1
2023-01-09 01:56:12.315948,1825,359,1099,1856,1172,0,0,0,388714,2015,845314,2169,S,7053,0,0,0,11,5,0,0,22,3306684416,25788,0,-1,-1,-1,-1,-1
2023-01-09 01:56:12.837025,1914,361,1119,1856,1172,0,0,0,394100,2078,857323,2229,-1,-1,-1,-1,-1,-1,-1,-1,-1,-1,-1,-1,-1,-1,-1,-1,-1,-1
2023-01-09 01:56:13.102963,1919,361,1121,1856,1172,0,0,0,395877,2099,861844,2250,-1,-1,-1,-1,-1,-1,-1,-1,-1,-1,-1,-1,-1,-1,-1,-1,-1,-1
2023-01-09 01:56:13.368197,1928,362,1124,1856,1172,0,0,0,395063,2090,860391,2242,-1,-1,-1,-1,-1,-1,-1,-1,-1,-1,-1,-1,-1,-1,-1,-1,-1,-1
2023-01-09 01:56:13.638850,1995,363,1136,1856,1172,0,0,0,401900,2171,878935,2328,-1,-1,-1,-1,-1,-1,-1,-1,-1,-1,-1,-1,-1,-1,-1,-1,-1,-1
2023-01-09 01:56:13.894509,2005,364,1138,1856,1172,0,0,0,402212,2175,880225,2333,-1,-1,-1,-1,-1,-1,-1,-1,-1,-1,-1,-1,-1,-1,-1,-1,-1,-1
2023-01-09 01:56:14.145733,2011,364,1141,1856,1172,0,0,0,403426,2189,882818,2349,-1,-1,-1,-1,-1,-1,-1,-1,-1,-1,-1,-1,-1,-1,-1,-1,-1,-1
2023-01-09 01:56:14.415545,2046,365,1152,1856,1172,0,0,0,405387,2212,888859,2379,-1,-1,-1,-1,-1,-1,-1,-1,-1,-1,-1,-1,-1,-1,-1,-1,-1,-1
2023-01-09 01:56:14.681070,2089,367,1159,1856,1172,0,0,0,408383,2248,901130,2421,S,2533,0,3,0,3,2,0,0,13,3285094400,23459,1,802025,23459,18675,5,0
2023-01-09 01:56:15.478424,2172,368,1178,1856,1172,0,0,0,414748,2324,912287,2493,S,2533,0,3,0,3,2,0,0,13,3285094400,23459,1,802015,23325,18813,5,0
2023-01-09 01:56:15.733752,2220,368,1184,1856,1172,0,0,0,417390,2355,923514,2527,S,2533,0,3,0,3,2,0,0,13,3285094400,23459,1,802015,23325,18813,5,0
2023-01-09 01:56:15.203415,2169,368,1177,1856,1172,0,0,0,419775,2383,932225,2557,S,2533,0,3,0,3,2,0,0,13,3285094400,23459,1,802015,23325,18813,5,0
2023-01-09 01:56:14.946480,2117,368,1168,1856,1172,0,0,0,419435,2379,931084,2553,S,2533,0,3,0,3,2,0,0,13,3285094400,23459,1,802015,23325,18813,5,0
2023-01-09 01:56:15.984016,2243,368,1190,1856,1172,0,0,0,423848,2432,944740,2610,S,2678,0,4,0,4,2,0,0,13,3285094400,23679,1,802020,23389,18813,5,0
