#mlc.talkbluetooth
#./workspace/mlc.talkbluetooth_0/mlc.talkbluetooth.apk
#time,user_cpu,nice_cpu,system_cpu,idle_cpu,iowait_cpu,irq_cpu,softirq_cpu,steal_cpu,receive_byte,receive_packet,transmit_byte,transmit_packet,state,minflt,cminflt,majflt,cmahflat,utime,stime,cutime,cstime,numthread,vss,rss,processor,rmsize,vmsize,shared,text,data
2023-01-09 03:14:47.849813,902,313,874,1898,1099,0,0,0,451671,816,673337,824,S,8914,1527,158,0,11,7,0,1,34,3342020608,38841,0,823809,48448,35674,5,0
2023-01-09 03:14:48.120392,910,314,877,1898,1099,0,0,0,453291,835,675765,841,S,14391,1527,158,0,15,8,0,1,38,3370086400,47180,0,823813,48448,35674,5,0
2023-01-09 03:14:48.384410,917,315,879,1898,1099,0,0,0,456225,871,681471,883,S,15726,1527,158,0,36,9,0,1,38,3374370816,48623,0,823829,48623,35753,5,0
2023-01-09 03:14:48.655010,925,316,882,1898,1099,0,0,0,458309,896,686995,909,S,15737,1527,158,0,44,10,0,1,38,3374403584,48623,0,824343,48933,35768,5,0
2023-01-09 03:14:48.900007,931,317,885,1898,1099,0,0,0,460331,920,691471,937,S,17764,1527,159,0,51,12,0,1,39,3383267328,50266,0,827850,51969,37873,5,0
2023-01-09 03:14:49.160299,944,319,889,1898,1099,0,0,0,463449,958,697937,974,S,19933,1527,195,0,61,16,0,1,42,3393839104,53556,0,828587,53711,39339,5,0
2023-01-09 03:14:49.436142,949,319,891,1898,1099,0,0,0,466288,992,703008,1007,S,19964,1527,198,0,65,16,0,1,42,3393892352,53632,1,829507,53273,39765,5,0
2023-01-09 03:14:49.691448,957,321,896,1898,1099,0,0,0,468433,1018,708736,1035,S,20265,1527,209,0,82,18,0,1,44,3397660672,53273,1,829507,53273,39765,5,0
2023-01-09 03:14:50.207315,994,323,903,1898,1099,0,0,0,470647,1044,712226,1062,S,20270,1527,209,0,85,19,0,1,44,3397660672,53273,1,829507,53273,39765,5,0
2023-01-09 03:14:49.951863,994,323,903,1898,1099,0,0,0,471049,1049,713571,1068,S,20270,1527,209,0,85,19,0,1,44,3397660672,53273,1,829507,53273,39765,5,0
2023-01-09 03:14:50.478753,1018,329,911,1899,1099,0,0,0,474107,1086,719345,1111,S,20292,1527,210,0,90,19,0,1,44,3397660672,53555,0,829507,53580,40026,5,0
2023-01-09 03:14:50.747584,1034,329,914,1915,1100,0,0,0,476705,1118,724159,1143,S,20390,1527,211,0,94,20,0,1,44,3397660672,53692,1,829507,53995,40074,5,0
2023-01-09 03:14:51.007711,1064,330,919,1926,1100,0,0,0,479369,1151,729061,1176,R,20865,1527,212,0,105,20,0,1,44,3397660672,53995,0,829507,54079,40097,5,0
2023-01-09 03:14:51.268347,1089,331,923,1930,1100,0,0,0,481547,1177,733834,1207,S,20870,1527,212,0,109,20,0,1,44,3397607424,54048,1,829494,54049,40085,5,0
2023-01-09 03:14:51.533875,1118,332,928,1936,1100,0,0,0,484169,1209,738985,1242,S,20904,1527,212,0,123,20,0,1,44,3397607424,54049,0,829494,54049,40085,5,0
2023-01-09 03:14:51.809935,1144,332,931,1942,1100,0,0,0,486479,1237,743752,1273,S,20933,1527,212,0,129,20,0,1,44,3397607424,53822,0,829494,53822,40084,5,0
2023-01-09 03:14:52.044659,1174,333,936,1946,1100,0,0,0,489147,1270,749509,1309,S,20970,1527,212,0,144,21,0,1,44,3397607424,53822,1,829494,53808,40084,5,0
2023-01-09 03:14:52.315054,1205,335,942,1946,1100,0,0,0,491519,1299,755033,1345,S,21009,1527,212,0,149,22,0,1,44,3397607424,53711,1,829494,53711,40084,5,0
2023-01-09 03:14:52.588747,1235,336,947,1949,1100,0,0,0,494107,1330,761030,1379,S,21015,1527,212,0,170,22,0,1,44,3397607424,53711,0,829755,54363,40353,5,0
2023-01-09 03:14:52.854736,1283,337,953,1952,1100,0,0,0,497098,1366,767547,1417,S,21903,1527,212,0,183,24,0,1,44,3398676480,54561,0,830271,55163,40376,5,0
2023-01-09 03:14:53.121648,1299,337,956,1952,1100,0,0,0,498123,1378,769665,1430,S,22691,1527,212,0,184,24,0,1,44,3400773632,55097,0,830012,54931,40116,5,0
2023-01-09 03:14:53.374729,1317,337,959,1954,1100,0,0,0,501019,1413,774818,1465,S,22911,1527,212,0,196,25,0,1,44,3399778304,55038,0,830012,55041,40161,5,0
2023-01-09 03:14:53.639900,1349,337,964,1958,1100,0,0,0,503013,1437,780515,1495,S,22953,1527,212,0,204,26,0,1,44,3399782400,55041,0,830291,55042,40161,5,0
2023-01-09 03:14:53.898155,1375,338,968,1964,1100,0,0,0,504903,1459,785019,1523,S,22961,1527,212,0,208,27,0,1,45,3400871936,55042,1,830291,55042,40161,5,0
2023-01-09 03:14:54.153803,1401,338,972,1969,1100,0,0,0,506925,1483,789481,1550,S,22964,1527,212,0,213,28,0,1,45,3400871936,54021,0,830291,54021,40161,5,0
2023-01-09 03:14:54.423447,1427,338,976,1976,1100,0,0,0,509481,1514,794435,1583,S,22976,1527,212,0,220,29,0,1,45,3400871936,54021,0,830291,54033,40161,5,0
2023-01-09 03:14:54.684076,1456,339,981,1981,1100,0,0,0,512235,1548,799413,1616,S,23050,1527,212,0,234,30,0,1,45,3400871936,54033,1,830278,54079,40161,5,0
2023-01-09 03:14:54.957438,1492,339,984,1983,1100,0,0,0,514621,1576,804277,1648,R,23076,1527,212,0,245,33,0,1,45,3400871936,54079,1,830291,54091,40173,5,0
2023-01-09 03:14:55.214815,1526,339,988,1986,1100,0,0,0,516775,1602,808869,1677,D,23279,1527,213,0,254,33,0,1,45,3400871936,54179,1,830291,54674,40238,5,0
2023-01-09 03:14:55.489832,1556,339,993,1988,1101,0,0,0,519265,1632,816263,1714,S,24319,1527,216,0,264,34,0,1,45,3400871936,54674,1,830291,54674,40238,5,0
2023-01-09 03:14:55.745443,1585,340,996,1989,1101,0,0,0,521103,1654,819540,1741,S,24319,1527,216,0,264,34,0,1,45,3400871936,54674,1,830291,54674,40238,5,0
2023-01-09 03:14:55.986269,1589,348,1000,1993,1101,0,0,0,523281,1680,824202,1771,S,24324,1527,216,0,268,34,0,1,45,3400871936,54674,1,830291,54674,40238,5,0
2023-01-09 03:14:56.258685,1615,351,1007,1995,1101,0,0,0,526247,1716,829263,1806,R,24327,1527,216,0,271,35,0,1,45,3400871936,54674,0,830809,55772,40274,5,0
2023-01-09 03:14:56.508491,1673,352,1014,1995,1101,0,0,0,530969,1773,839096,1852,S,26356,1527,216,0,292,37,0,1,45,3402993664,55772,0,830809,55016,40274,5,0
2023-01-09 03:14:56.763902,1709,352,1016,1995,1101,0,0,0,531537,1780,840417,1858,S,26442,1527,216,0,293,37,0,1,45,3402993664,55837,0,830809,55016,40274,5,0
2023-01-09 03:14:57.292691,1752,353,1022,1995,1101,0,0,0,535578,1828,848465,1909,S,26498,1527,216,0,299,39,0,1,45,3402993664,55340,0,830809,54644,40322,5,0
2023-01-09 03:14:57.024209,1752,353,1022,1995,1101,0,0,0,536146,1835,849942,1917,S,26498,1527,216,0,299,39,0,1,45,3402993664,55340,0,830796,54631,40310,5,0
2023-01-09 03:14:57.557811,1779,355,1026,1996,1101,0,0,0,536482,1839,851562,1924,S,26498,1527,216,0,301,39,0,1,45,3402993664,55340,0,830796,54599,40310,5,0
2023-01-09 03:14:57.853280,1800,356,1031,1996,1101,0,0,0,539332,1872,855862,1946,S,26606,1527,216,0,310,40,0,1,45,3402993664,54644,0,830796,54599,40310,5,0
2023-01-09 03:14:58.135811,1838,357,1040,1996,1101,0,0,0,541501,1897,861043,1969,S,26631,1527,216,0,320,42,0,1,45,3402940416,54599,0,830796,54603,40326,5,0
2023-01-09 03:14:58.621023,1918,362,1054,1996,1101,0,0,0,544817,1936,868025,2005,S,26633,1527,216,0,330,44,0,1,45,3402940416,54599,0,830809,54666,40325,5,0
2023-01-09 03:14:58.371572,1911,362,1052,1996,1101,0,0,0,545686,1946,869754,2016,S,26633,1527,216,0,330,44,0,1,45,3402940416,54599,0,830809,54660,40325,5,0
2023-01-09 03:14:59.147207,1943,363,1059,1996,1101,0,0,0,547330,1965,875660,2039,R,26660,1527,216,0,339,45,0,1,45,3402940416,54603,0,830809,54660,40325,5,0
2023-01-09 03:14:58.881292,1925,362,1055,1996,1101,0,0,0,546990,1961,873284,2032,S,26655,1527,216,0,338,45,0,1,45,3402940416,54603,0,830809,54660,40325,5,0
2023-01-09 03:14:59.423707,1963,364,1063,1996,1101,0,0,0,550818,2007,881724,2081,S,26708,1527,216,0,341,46,0,1,45,3402993664,54666,0,830809,54667,40325,5,0
